###############################################################
#  Generated by:      Cadence Innovus 21.11-s130_1
#  OS:                Linux x86_64(Host ID et4351.ewi.tudelft.nl)
#  Generated on:      Wed Apr  8 19:57:43 2026
#  Design:            et4351
#  Command:           report_ccopt_clock_trees -file clockReports/CT.rpt
###############################################################

Clock DAG stats:
================

-------------------------------------------------------------
Cell type                     Count    Area       Capacitance
-------------------------------------------------------------
Buffers                        141     964.440       0.228
Inverters                        2       9.576       0.011
Integrated Clock Gates           2      15.048       0.000
Non-Integrated Clock Gates       0       0.000       0.000
Clock Logic                      1       2.394       0.001
All                            146     991.458       0.241
-------------------------------------------------------------


Clock DAG wire lengths:
=======================

--------------------
Type     Wire Length
--------------------
Top           0.000
Trunk      5167.385
Leaf      41114.845
Total     46282.230
--------------------


Clock DAG hp wire lengths:
==========================

-----------------------
Type     hp Wire Length
-----------------------
Top            0.000
Trunk       4346.580
Leaf       11703.958
Total      16050.537
-----------------------


Clock DAG capacitances:
=======================

--------------------------------
Type     Gate     Wire     Total
--------------------------------
Top      0.000    0.000    0.000
Trunk    0.239    0.337    0.576
Leaf     1.926    2.938    4.864
Total    2.166    3.275    5.441
--------------------------------


Clock DAG sink capacitances:
============================

--------------------------------------------------------
Count    Total    Average    Std. Dev.    Min      Max
--------------------------------------------------------
8904     1.924     0.000       0.001      0.000    0.050
--------------------------------------------------------


Clock DAG net violations:
=========================

--------------------------------------------------------------------------------------------
Type                    Units    Count    Average    Std. Dev.    Sum      Top 10 violations
--------------------------------------------------------------------------------------------
Remaining Transition    ns         2       0.001       0.002      0.003    [0.002, 0.000]
--------------------------------------------------------------------------------------------


Clock DAG primary half-corner transition distribution:
======================================================

---------------------------------------------------------------------------------------------------------------------------------------------------------------------------------------------------------------------------
Net Type    Target    Count    Average    Std. Dev.    Min      Max      Distribution                                                                 Over Target
---------------------------------------------------------------------------------------------------------------------------------------------------------------------------------------------------------------------------
Trunk       0.093       40      0.059       0.027      0.000    0.092    {18 <= 0.056ns, 6 <= 0.075ns, 6 <= 0.084ns, 2 <= 0.089ns, 8 <= 0.093ns}                                        -
Leaf        0.093      113      0.085       0.014      0.021    0.096    {5 <= 0.056ns, 2 <= 0.075ns, 11 <= 0.084ns, 41 <= 0.089ns, 52 <= 0.093ns}    {2 <= 0.098ns, 0 <= 0.103ns, 0 <= 0.112ns, 0 <= 0.140ns, 0 > 0.140ns}
---------------------------------------------------------------------------------------------------------------------------------------------------------------------------------------------------------------------------


Clock DAG library cell distribution:
====================================

--------------------------------------------
Name         Type        Inst     Inst Area 
                         Count    (um^2)
--------------------------------------------
CLKBUFX20    buffer       95       779.760
CLKBUFX16    buffer       13        88.920
CLKBUFX12    buffer        5        25.650
CLKBUFX8     buffer        2         7.524
CLKBUFX6     buffer        6        18.468
DLY1X4       buffer        3        11.286
CLKBUFX4     buffer        1         2.394
CLKBUFX3     buffer        9        18.468
CLKBUFX2     buffer        7        11.970
CLKINVX20    inverter      1         6.498
CLKINVX8     inverter      1         3.078
TLATNCAX6    icg           2        15.048
MX2XL        logic         1         2.394
--------------------------------------------



Please note that the following tables reflect only the defined clock trees, so the flop counts might not include all flops in your design.

Clock Tree Summary:
===================

------------------------------------------------------------------------------------------------------------------------------------------------------------
Clock Tree                      Clock  Bufs  Invs  Other  Max       Max     Max      Max          Standard   Wire   Gate   Clock Tree Root
Name                            Gates              Clock  Non-leaf  Leaf    Length   Source-sink  cell area  cap    cap    
                                                   Cells  Fanout    Fanout  (um)     Resistance   (um^2)     (pF)   (pF)   
                                                                                     (Ohms)                                
------------------------------------------------------------------------------------------------------------------------------------------------------------
clk                               2    141    2      1       11      100    485.855    4326.51     991.458   3.275  2.166  clk
clk_generator_for_flash_clk<1>    0      3    0      1        2        2    107.545    1206.27      15.390   0.016  0.054  soc/spimemio/config_clk_reg/Q
clk_generator_for_flash_clk<2>    0      3    0      1        2        8    107.545    1206.27      15.732   0.020  0.056  soc/spimemio/config_en_reg/Q
clk_generator_for_flash_clk<3>    0      4    0      1        2       11    107.545    1206.27      17.442   0.022  0.057  soc/spimemio/xfer/flash_clk_reg/Q
------------------------------------------------------------------------------------------------------------------------------------------------------------

Clock Sink Summary:
===================

---------------------------------------------------------------------------------------------------------------------------------------------------------------
Clock Tree                      Explicit      Implicit      Explicit     Implicit     Explicit   Implicit   Posedge  Negedge  Memory  Enable  Non enable  Other
Name                            exclude pins  exclude pins  ignore pins  ignore pins  stop pins  stop pins  Flops    Flops    Clock   Latch   Latch       Sinks
                                                                                                                              Pins    Sinks   Sinks       
---------------------------------------------------------------------------------------------------------------------------------------------------------------
clk                                  0             0             0            0           0          0       8874       4       4       0         0        22
clk_generator_for_flash_clk<1>       0             0             1            0           0          0          0       0       0       0         0         3
clk_generator_for_flash_clk<2>       0             0             8            0           0          0          0       0       0       0         0        10
clk_generator_for_flash_clk<3>       0             0            13            0           0          0          0       0       0       0         0        13
---------------------------------------------------------------------------------------------------------------------------------------------------------------

Summary across all clock trees:
===============================

------------------------------------------------------------------------------------------------------------
Clock  Bufs  Invs  Other  Max       Average   Max     Average  Max      Max          Standard   Wire   Gate
Gates              Clock  Non-leaf  Non-leaf  Leaf    Leaf     Length   Source-sink  cell area  cap    cap
                   Cells  Fanout    Fanout    Fanout  Fanout   (um)     Resistance   (um^2)     (pF)   (pF)
                                                                        (Ohms)                         
------------------------------------------------------------------------------------------------------------
  2    141    2      1       11     4.05405    100    78.8053  485.855    432.651     991.458   3.275  2.166
------------------------------------------------------------------------------------------------------------

Clock Sink Summary across all clock trees:
==========================================

-------------------------------------------------------------------------------------------------------------------------------
Explicit      Implicit      Explicit     Implicit     Explicit   Implicit   Posedge  Negedge  Memory  Enable  Non enable  Other
exclude pins  exclude pins  ignore pins  ignore pins  stop pins  stop pins  Flops    Flops    Clock   Latch   Latch       Sinks
                                                                                              Pins    Sinks   Sinks       
-------------------------------------------------------------------------------------------------------------------------------
     0             0            22            0           0          0       8874       4       4       0         0        22
-------------------------------------------------------------------------------------------------------------------------------

Physical metrics across all clock trees:
========================================

-----------------------------------------------------------------------
Metric                               Minimum  Average  Maximum  Std.dev
-----------------------------------------------------------------------
Source-sink routed net length (um)    1.715    90.069  485.855  66.564
Source-sink manhattan distance (um)   1.860    85.231  488.285  65.568
Source-sink resistance (Ohm)         14.587   141.315  432.651  58.872
-----------------------------------------------------------------------

Transition distribution for half-corner delay_max:setup.late:
=============================================================

---------------------------------------------------------------------------------------------------------------------------------------------------------------------------------------------------------------------------
Net Type    Target    Count    Average    Std. Dev.    Min      Max      Distribution                                                                 Over Target
---------------------------------------------------------------------------------------------------------------------------------------------------------------------------------------------------------------------------
Trunk       0.093       37      0.064       0.022      0.028    0.092    {15 <= 0.056ns, 6 <= 0.075ns, 6 <= 0.084ns, 2 <= 0.089ns, 8 <= 0.093ns}                                        -
Leaf        0.093      113      0.085       0.014      0.021    0.096    {5 <= 0.056ns, 2 <= 0.075ns, 11 <= 0.084ns, 41 <= 0.089ns, 52 <= 0.093ns}    {2 <= 0.098ns, 0 <= 0.103ns, 0 <= 0.112ns, 0 <= 0.140ns, 0 > 0.140ns}
---------------------------------------------------------------------------------------------------------------------------------------------------------------------------------------------------------------------------

Count of violations across all clock trees:
===========================================

-----------------------------------------------------------------------------------------------------------
Clock Tree                      # Max capacitance  # Max resistance  # Max length  # Max fanout  # Slew
Name                            violations         violations        violations    violations    violations
-----------------------------------------------------------------------------------------------------------
clk                                     0                 0               0             0            80
clk_generator_for_flash_clk<1>          0                 0               0             0             0
clk_generator_for_flash_clk<2>          0                 0               0             0             0
clk_generator_for_flash_clk<3>          0                 0               0             0             2
-----------------------------------------------------------------------------------------------------------
Total                                   0                 0               0             0            82
-----------------------------------------------------------------------------------------------------------

Note the above table per clock tree is based on CCOpt clock tree view. The violations are counted across half corners.

Found a total of 0 clock tree pins with max capacitance violations.
Found a total of 0 clock tree nets with max resistance violations.
Found a total of 0 clock tree nets with max length violations.
Found a total of 0 clock tree nets with max fanout violations.
Found a total of 82 clock tree pins with a slew violation.

Slew violation summary across all clock trees - Top 10 violating pins:
======================================================================

Target and measured clock slews (in ns):

----------------------------------------------------------------------------------------------------------------
Half corner           Violation  Slew    Slew      Dont   Ideal  Target         Pin
                      amount     target  achieved  touch  net?   source         
                                                   net?                         
----------------------------------------------------------------------------------------------------------------
delay_max:setup.late    0.002    0.093    0.096    N      N      auto computed  flash_clk
delay_max:setup.late    0.002    0.093    0.096    N      N      auto computed  CTS_csf_buf_00126/Y
delay_max:setup.late    0.000    0.093    0.093    N      N      auto computed  accel/fft/data_im_reg_24__27_/CK
delay_max:setup.late    0.000    0.093    0.093    N      N      auto computed  accel/fft/data_im_reg_24__28_/CK
delay_max:setup.late    0.000    0.093    0.093    N      N      auto computed  accel/fft/data_im_reg_24__29_/CK
delay_max:setup.late    0.000    0.093    0.093    N      N      auto computed  accel/fft/data_im_reg_24__30_/CK
delay_max:setup.late    0.000    0.093    0.093    N      N      auto computed  accel/fft/data_im_reg_25__20_/CK
delay_max:setup.late    0.000    0.093    0.093    N      N      auto computed  accel/fft/data_im_reg_25__27_/CK
delay_max:setup.late    0.000    0.093    0.093    N      N      auto computed  accel/fft/data_im_reg_25__28_/CK
delay_max:setup.late    0.000    0.093    0.093    N      N      auto computed  accel/fft/data_im_reg_25__29_/CK
----------------------------------------------------------------------------------------------------------------

Target sources:
auto extracted - target was extracted from SDC.
auto computed - target was computed when balancing trees.
explicit - target is explicitly set via target_max_trans property.
pin explicit - target is explicitly set for this pin via pin_target_max_trans property.
liberty explicit - target is explicitly set via max_transition from liberty library.

Found 0 pins on nets marked dont_touch that have slew violations.
Found 0 pins on nets marked dont_touch that do not have slew violations.
Found 0 pins on nets marked ideal_network that have slew violations.
Found 0 pins on nets marked ideal_network that do not have slew violations.


Report for clock tree: clk:
===========================

Clock Tree Gating Structure (Logical):

# Full cycle clock gates   :  2
Minimum clock gating depth :  0
Maximum clock gating depth :  1
Clock gate area (um^2)     : 15.048

Clock Tree Buffering Structure (Logical):

# Buffers             : 141
# Inverters           :   2
  Total               : 143
Minimum depth         :   2
Maximum depth         :   7
Buffering area (um^2) : 974.016

Clock Tree Level Structure (Logical):

-----------------------------------------------------------------
Level  Full   Posedge  Negedge  Memory  Enable  Non enable  Other
       Cycle  Flops    Flops    Clock   Latch   Latch       Sinks
                                Pins    Sinks   Sinks       
-----------------------------------------------------------------
root     2     2588       4       4       0         0        22
  1      0     6286       0       0       0         0         0
-----------------------------------------------------------------
Total    2     8874       4       4       0         0        22
-----------------------------------------------------------------

Target and measured clock slews (in ns):

------------------------------------------------------------------------------------------------------------------------------------
Timing Corner          Worst Rising  Worst Falling  Worst Rising  Worst Falling  Leaf Slew      Leaf Slew  Trunk Slew     Trunk Slew
                       Leaf Slew     Leaf Slew      Trunk Slew    Trunk Slew     Target Type    Target     Target Type    Target
------------------------------------------------------------------------------------------------------------------------------------
delay_max:setup.early     0.080          0.096         0.086          0.092      ignored            -      ignored            -
delay_max:setup.late      0.081          0.096         0.087          0.092      auto computed  *0.093     auto computed   0.093
delay_min:hold.early      0.030          0.031         0.105          0.119      ignored            -      ignored            -
delay_min:hold.late       0.031          0.032         0.108          0.123      ignored            -      ignored            -
delay_typ:both.early      0.030          0.031         0.105          0.119      ignored            -      ignored            -
delay_typ:both.late       0.031          0.032         0.108          0.123      ignored            -      ignored            -
------------------------------------------------------------------------------------------------------------------------------------

Report for clock tree: clk_generator_for_flash_clk<1>:
======================================================

Clock Tree Gating Structure (Logical):

# Full cycle clock gates   : 0
Minimum clock gating depth : 0
Maximum clock gating depth : 0
Clock gate area (um^2)     : 0.000

Clock Tree Buffering Structure (Logical):

# Buffers             :  3
# Inverters           :  0
  Total               :  3
Minimum depth         :  0
Maximum depth         :  3
Buffering area (um^2) : 12.996

Clock Tree Level Structure (Logical):

-----------------------------------------------------------------
Level  Full   Posedge  Negedge  Memory  Enable  Non enable  Other
       Cycle  Flops    Flops    Clock   Latch   Latch       Sinks
                                Pins    Sinks   Sinks       
-----------------------------------------------------------------
root     0       0        0       0       0         0         3
-----------------------------------------------------------------
Total    0       0        0       0       0         0         3
-----------------------------------------------------------------

Target and measured clock slews (in ns):

------------------------------------------------------------------------------------------------------------------------------------
Timing Corner          Worst Rising  Worst Falling  Worst Rising  Worst Falling  Leaf Slew      Leaf Slew  Trunk Slew     Trunk Slew
                       Leaf Slew     Leaf Slew      Trunk Slew    Trunk Slew     Target Type    Target     Target Type    Target
------------------------------------------------------------------------------------------------------------------------------------
delay_max:setup.early     0.080          0.096         0.063          0.078      ignored            -      ignored            -
delay_max:setup.late      0.080          0.096         0.064          0.079      auto computed  *0.093     auto computed   0.093
delay_min:hold.early      0.023          0.024         0.017          0.018      ignored            -      ignored            -
delay_min:hold.late       0.023          0.024         0.018          0.019      ignored            -      ignored            -
delay_typ:both.early      0.023          0.024         0.017          0.018      ignored            -      ignored            -
delay_typ:both.late       0.023          0.024         0.018          0.019      ignored            -      ignored            -
------------------------------------------------------------------------------------------------------------------------------------

Report for clock tree: clk_generator_for_flash_clk<2>:
======================================================

Clock Tree Gating Structure (Logical):

# Full cycle clock gates   : 0
Minimum clock gating depth : 0
Maximum clock gating depth : 0
Clock gate area (um^2)     : 0.000

Clock Tree Buffering Structure (Logical):

# Buffers             :  3
# Inverters           :  0
  Total               :  3
Minimum depth         :  0
Maximum depth         :  3
Buffering area (um^2) : 13.338

Clock Tree Level Structure (Logical):

-----------------------------------------------------------------
Level  Full   Posedge  Negedge  Memory  Enable  Non enable  Other
       Cycle  Flops    Flops    Clock   Latch   Latch       Sinks
                                Pins    Sinks   Sinks       
-----------------------------------------------------------------
root     0       0        0       0       0         0        10
-----------------------------------------------------------------
Total    0       0        0       0       0         0        10
-----------------------------------------------------------------

Target and measured clock slews (in ns):

------------------------------------------------------------------------------------------------------------------------------------
Timing Corner          Worst Rising  Worst Falling  Worst Rising  Worst Falling  Leaf Slew      Leaf Slew  Trunk Slew     Trunk Slew
                       Leaf Slew     Leaf Slew      Trunk Slew    Trunk Slew     Target Type    Target     Target Type    Target
------------------------------------------------------------------------------------------------------------------------------------
delay_max:setup.early     0.080          0.096         0.063          0.078      ignored            -      ignored            -
delay_max:setup.late      0.080          0.096         0.064          0.079      auto computed  *0.093     auto computed   0.093
delay_min:hold.early      0.023          0.024         0.017          0.018      ignored            -      ignored            -
delay_min:hold.late       0.023          0.024         0.018          0.019      ignored            -      ignored            -
delay_typ:both.early      0.023          0.024         0.017          0.018      ignored            -      ignored            -
delay_typ:both.late       0.023          0.024         0.018          0.019      ignored            -      ignored            -
------------------------------------------------------------------------------------------------------------------------------------

Report for clock tree: clk_generator_for_flash_clk<3>:
======================================================

Clock Tree Gating Structure (Logical):

# Full cycle clock gates   : 0
Minimum clock gating depth : 0
Maximum clock gating depth : 0
Clock gate area (um^2)     : 0.000

Clock Tree Buffering Structure (Logical):

# Buffers             :  4
# Inverters           :  0
  Total               :  4
Minimum depth         :  2
Maximum depth         :  4
Buffering area (um^2) : 15.048

Clock Tree Level Structure (Logical):

-----------------------------------------------------------------
Level  Full   Posedge  Negedge  Memory  Enable  Non enable  Other
       Cycle  Flops    Flops    Clock   Latch   Latch       Sinks
                                Pins    Sinks   Sinks       
-----------------------------------------------------------------
root     0       0        0       0       0         0        13
-----------------------------------------------------------------
Total    0       0        0       0       0         0        13
-----------------------------------------------------------------

Target and measured clock slews (in ns):

------------------------------------------------------------------------------------------------------------------------------------
Timing Corner          Worst Rising  Worst Falling  Worst Rising  Worst Falling  Leaf Slew      Leaf Slew  Trunk Slew     Trunk Slew
                       Leaf Slew     Leaf Slew      Trunk Slew    Trunk Slew     Target Type    Target     Target Type    Target
------------------------------------------------------------------------------------------------------------------------------------
delay_max:setup.early     0.080          0.096         0.063          0.078      ignored            -      ignored            -
delay_max:setup.late      0.080          0.096         0.064          0.079      auto computed  *0.093     auto computed   0.093
delay_min:hold.early      0.023          0.024         0.017          0.018      ignored            -      ignored            -
delay_min:hold.late       0.023          0.024         0.018          0.019      ignored            -      ignored            -
delay_typ:both.early      0.023          0.024         0.017          0.018      ignored            -      ignored            -
delay_typ:both.late       0.023          0.024         0.018          0.019      ignored            -      ignored            -
------------------------------------------------------------------------------------------------------------------------------------

* - indicates that target was not met.

auto extracted - target was extracted from SDC.
auto computed - target was computed when balancing trees.

