============================================================
  Generated by:           Genus(TM) Synthesis Solution 21.10-p002_1
  Generated on:           Apr 03 2026  04:58:05 pm
  Module:                 et4351
  Technology libraries:   slow_vdd1v0 1.0
                          saed32sram_ss0p95vn40c 1.0000000
                          physical_cells 
  Operating conditions:   PVT_0P9V_125C 
  Interconnect mode:      global
  Area mode:              physical library
============================================================


 Clock Description
 ----------------- 

 Clock                             Clock    Source     No of   
 Name    Period   Rise    Fall     Domain  Pin/Port  Registers 
---------------------------------------------------------------
 clk     15100.0   0.0   7550.0   domain_1   clk          7071 

 Clock Network Latency / Setup Uncertainty
 ----------------------------------------- 

        Network   Network   Source   Source     Setup        Setup    
Clock   Latency   Latency  Latency  Latency  Uncertainty  Uncertainty 
 Name    Rise      Fall      Rise     Fall       Rise         Fall    
----------------------------------------------------------------------
clk         0.0       0.0      0.0      0.0        150.0        150.0 

 Clock Relationship (with uncertainty & latency)
 ----------------------------------------------- 

  From    To     R->R     R->F     F->R      F->F  
---------------------------------------------------
  clk    clk   14950.0   7400.0   7400.0   14950.0 
