###############################################################
#  Generated by:      Cadence Innovus 21.11-s130_1
#  OS:                Linux x86_64(Host ID et4351.ewi.tudelft.nl)
#  Generated on:      Wed Mar 18 12:51:30 2026
#  Design:            et4351
#  Command:           timeDesign -postRoute -drvReports -numPaths 500 -outDir finalReports/report_DRV
###############################################################

------------------------------------------------------------------
          timeDesign Summary
------------------------------------------------------------------

+--------------------+---------+---------+---------+
|     Setup mode     |   all   | reg2reg | default |
+--------------------+---------+---------+---------+
|           WNS (ns):| 33.845  | 38.774  | 33.845  |
|           TNS (ns):|  0.000  |  0.000  |  0.000  |
|    Violating Paths:|    0    |    0    |    0    |
|          All Paths:|  11815  |  11810  |   226   |
+--------------------+---------+---------+---------+

+----------------+-------------------------------+------------------+
|                |              Real             |       Total      |
|    DRVs        +------------------+------------+------------------|
|                |  Nr nets(terms)  | Worst Vio  |  Nr nets(terms)  |
+----------------+------------------+------------+------------------+
|   max_cap      |      0 (0)       |   0.000    |      0 (0)       |
|   max_tran     |    109 (344)     |   -0.626   |    113 (352)     |
|   max_fanout   |      0 (0)       |     0      |      0 (0)       |
|   max_length   |      0 (0)       |     0      |      0 (0)       |
+----------------+------------------+------------+------------------+

Density: 66.428%
       (100.000% with Fillers)
Total number of glitch violations: 0
------------------------------------------------------------------
