============================================================
  Generated by:           Genus(TM) Synthesis Solution 21.10-p002_1
  Generated on:           Mar 18 2026  11:55:56 am
  Module:                 et4351
  Technology libraries:   slow_vdd1v0 1.0
                          saed32sram_ss0p95vn40c 1.0000000
                          physical_cells 
  Operating conditions:   PVT_0P9V_125C 
  Interconnect mode:      global
  Area mode:              physical library
============================================================

       Instance                              Module                        Cell Count  Cell Area  Net Area   Total Area 
------------------------------------------------------------------------------------------------------------------------
et4351                                                                          33748 152104.021 42863.821   194967.841 
  accel                accelerator                                              21651  79426.422 27125.244   106551.666 
    fft                accelerator_fft_LOG_MAX_N32_MEM_WIDTH32_ADDR_WIDTH        9990  30537.180 13429.647    43966.827 
    mem                accelerator_mem_MEM_DEPTH128                             11049  46813.302 12833.129    59646.431 
  flash_bufs_0_        bidir_buf_2035                                               1      7.866     0.000        7.866 
  flash_bufs_1_        bidir_buf_2036                                               1      7.866     0.000        7.866 
  flash_bufs_2_        bidir_buf_2037                                               1      7.866     0.000        7.866 
  flash_bufs_3_        bidir_buf                                                    1      7.866     0.000        7.866 
  soc                  picosoc                                                  12090  72630.061 15453.184    88083.245 
    cpu                picorv32_ENABLE_COUNTERS1_BARREL_SHIFTER1_COMPRESS       10459  33176.736 13506.184    46682.920 
      genblk1.pcpi_mul picorv32_pcpi_mul                                          656   2479.158   737.447     3216.605 
      genblk2.pcpi_div picorv32_pcpi_div                                         1068   3120.408  1264.480     4384.888 
    memory             picosoc_mem_WORDS256                                         8  34537.759     2.965    34540.724 
    simpleuart         simpleuart                                                 689   2018.142   692.004     2710.146 
    spimemio           spimemio                                                   736   2411.784   800.109     3211.893 
      xfer             spimemio_xfer                                              253    687.762   260.057      947.819 
