###############################################################
#  Generated by:      Cadence Innovus 21.11-s130_1
#  OS:                Linux x86_64(Host ID et4351.ewi.tudelft.nl)
#  Generated on:      Wed Mar 18 12:46:01 2026
#  Design:            et4351
#  Command:           timeDesign -postRoute -hold -pathReports -slackReports -numPaths 50 -outDir timingReports/postRouteHold_hold
###############################################################

------------------------------------------------------------------
          timeDesign Summary
------------------------------------------------------------------

+--------------------+---------+---------+---------+
|     Hold mode      |   all   | reg2reg | default |
+--------------------+---------+---------+---------+
|           WNS (ns):|  0.032  |  0.032  |  0.098  |
|           TNS (ns):|  0.000  |  0.000  |  0.000  |
|    Violating Paths:|    0    |    0    |    0    |
|          All Paths:|  11815  |  11810  |   226   |
+--------------------+---------+---------+---------+

Density: 66.428%
       (100.000% with Fillers)
------------------------------------------------------------------
