
Cadence Innovus(TM) Implementation System.
Copyright 2021 Cadence Design Systems, Inc. All rights reserved worldwide.

Version:	v21.11-s130_1, built Thu Aug 19 16:59:56 PDT 2021
Options:	
Date:		Thu Apr  9 01:03:24 2026
Host:		et4351.ewi.tudelft.nl (x86_64 w/Linux 4.18.0-553.111.1.el8_10.x86_64) (1core*64cpus*AMD EPYC 7702P 64-Core Processor 512KB)
OS:		Red Hat Enterprise Linux release 8.10 (Ootpa)

License:
		[01:03:24.316754] Configured Lic search path (20.02-p002): 27012@flexserv1.tudelft.nl:27017@flexserv1.tudelft.nl

		invs	Innovus Implementation System	21.1	checkout succeeded
		8 CPU jobs allowed with the current license(s). Use setMultiCpuUsage to set your required CPU count.
**WARN: (IMPSYT-1507):	The display is invalid and will start in no window mode
Change the soft stacksize limit to 0.2%RAM (514 mbytes). Set global soft_stack_size_limit to change the value.

**INFO:  MMMC transition support version v31-84 

<CMD> set_global _enable_mmmc_by_default_flow      $CTE::mmmc_default
<CMD> suppressMessage ENCEXT-2799
couldn't read file "./script/1.set_variable.tcl": no such file or directory
couldn't read file ".pnr/script/1.set_variable.tcl": no such file or directory

*** Memory Usage v#1 (Current mem = 749.090M, initial mem = 318.535M) ***
*** Message Summary: 0 warning(s), 0 error(s)

--- Ending "Innovus" (totcpu=0:00:18.4, real=0:01:24, mem=749.1M) ---
