#                           Extraction Statistics File
# Design "et4351"
#
+---------------------------------------------------------------------------------------------------------------------+
|                                        Incremental Extraction Statistics                                            |
+--+----------------------+----------------------+---------------------------------------+----------------------------+
|S.|         Nets         | Nets with Parasitic  |           Extraction Time             |      Region Extracted      |
|No| Total   Added Deleted| Total   New-RC New-C |Extraction RC-Network Others    Total  |  Percentage   Distribution |
+--+--------+------+------+--------+------+------+---------+---------+---------+---------+--------------+-------------+
| 0|   77860|     0|     0|   77062|     0|     0|  0:03:19|0:00:06.1|0:00:29.0|  0:03:54|100.00-100.00%|          0.0|
| 1|   78236|   376|     0|   77438|  5469| 61310|  0:03:18|0:00:08.1|0:00:29.7|  0:03:56|  -nan- 86.16%|000000000-1.4|
| 2|   78310|    74|     0|   77512|   588| 58985|  0:02:55|0:00:08.5|0:00:25.0|  0:03:28|  -nan- 63.84%|000000000-1.8|
| 3|   79385|  1075|     0|   78587|  3657| 65120|  0:03:15|0:00:07.9|0:00:28.2|  0:03:51|  -nan- 76.45%|000000000-1.4|
| 4|   79421|    36|     0|   78623|   390| 60601|  0:02:55|0:00:08.9|0:00:25.7|  0:03:29|  -nan- 58.26%|000000000-2.3|
| 5|   79709|   288|     0|   78911|  1015| 67298|  0:03:10|0:00:07.8|0:00:28.0|  0:03:46|  -nan- 70.66%|000000000-1.7|
| 6|   79742|    33|     0|   78944|   203| 36544|  0:02:31|0:00:06.9|0:00:20.4|  0:02:58|  -nan- 34.71%|000000000-2.7|
| 7|   79746|     4|     0|   78948|   249| 31928|  0:02:19|0:00:05.7|0:00:18.8|  0:02:43|  -nan- 26.24%|000000000-3.0|
+--+--------+------+------+--------+------+------+---------+---------+---------+---------+--------------+-------------+

#
# This file was generated by Innovus v21.11-s130_1 on Wed Apr  8 21:33:42 2026

