###############################################################
#  Generated by:      Cadence Innovus 21.11-s130_1
#  OS:                Linux x86_64(Host ID et4351.ewi.tudelft.nl)
#  Generated on:      Mon Mar 23 11:04:03 2026
#  Design:            et4351
#  Command:           report_ccopt_clock_trees -file clockReports/CT.rpt
###############################################################

Clock DAG stats:
================

--------------------------------------------------------------
Cell type                     Count    Area        Capacitance
--------------------------------------------------------------
Buffers                        148     1049.940       0.246
Inverters                        0        0.000       0.000
Integrated Clock Gates           0        0.000       0.000
Non-Integrated Clock Gates       0        0.000       0.000
Clock Logic                      1        2.394       0.001
All                            149     1052.334       0.247
--------------------------------------------------------------


Clock DAG wire lengths:
=======================

--------------------
Type     Wire Length
--------------------
Top           0.000
Trunk      6190.220
Leaf      42795.480
Total     48985.700
--------------------


Clock DAG hp wire lengths:
==========================

-----------------------
Type     hp Wire Length
-----------------------
Top            0.000
Trunk       5362.810
Leaf       12469.642
Total      17832.452
-----------------------


Clock DAG capacitances:
=======================

--------------------------------
Type     Gate     Wire     Total
--------------------------------
Top      0.000    0.000    0.000
Trunk    0.240    0.396    0.636
Leaf     2.013    3.061    5.074
Total    2.253    3.457    5.710
--------------------------------


Clock DAG sink capacitances:
============================

--------------------------------------------------------
Count    Total    Average    Std. Dev.    Min      Max
--------------------------------------------------------
9287     2.005     0.000       0.001      0.000    0.050
--------------------------------------------------------


Clock DAG net violations:
=========================

--------------------------------------------------------------------------------------------
Type                    Units    Count    Average    Std. Dev.    Sum      Top 10 violations
--------------------------------------------------------------------------------------------
Remaining Transition    ns         1       0.003       0.000      0.003    [0.003]
--------------------------------------------------------------------------------------------


Clock DAG primary half-corner transition distribution:
======================================================

---------------------------------------------------------------------------------------------------------------------------------------------------------------------------------------------------------------------------
Net Type    Target    Count    Average    Std. Dev.    Min      Max      Distribution                                                                 Over Target
---------------------------------------------------------------------------------------------------------------------------------------------------------------------------------------------------------------------------
Trunk       0.093       36      0.064       0.028      0.000    0.092    {10 <= 0.056ns, 6 <= 0.075ns, 11 <= 0.084ns, 6 <= 0.089ns, 3 <= 0.093ns}                                       -
Leaf        0.093      120      0.085       0.011      0.023    0.096    {5 <= 0.056ns, 4 <= 0.075ns, 23 <= 0.084ns, 44 <= 0.089ns, 43 <= 0.093ns}    {1 <= 0.098ns, 0 <= 0.103ns, 0 <= 0.112ns, 0 <= 0.140ns, 0 > 0.140ns}
---------------------------------------------------------------------------------------------------------------------------------------------------------------------------------------------------------------------------


Clock DAG library cell distribution:
====================================

------------------------------------------
Name         Type      Inst     Inst Area 
                       Count    (um^2)
------------------------------------------
CLKBUFX20    buffer     101      829.008
CLKBUFX16    buffer      10       68.400
CLKBUFX12    buffer      18       92.340
CLKBUFX8     buffer       2        7.524
CLKBUFX6     buffer       3        9.234
DLY2X4       buffer       1        6.840
DLY1X4       buffer       2        7.524
DLY4X4       buffer       1       10.602
CLKBUFX3     buffer       4        8.208
CLKBUFX2     buffer       6       10.260
MX2XL        logic        1        2.394
------------------------------------------



Please note that the following tables reflect only the defined clock trees, so the flop counts might not include all flops in your design.

Clock Tree Summary:
===================

------------------------------------------------------------------------------------------------------------------------------------------------------------
Clock Tree                      Clock  Bufs  Invs  Other  Max       Max     Max      Max          Standard   Wire   Gate   Clock Tree Root
Name                            Gates              Clock  Non-leaf  Leaf    Length   Source-sink  cell area  cap    cap    
                                                   Cells  Fanout    Fanout  (um)     Resistance   (um^2)     (pF)   (pF)   
                                                                                     (Ohms)                                
------------------------------------------------------------------------------------------------------------------------------------------------------------
clk                               0    148    0      1       12      100    604.275    5088.58    1052.334   3.457  2.253  clk
clk_generator_for_flash_clk<1>    0      4    0      1        2        2     69.025     915.44      24.966   0.014  0.053  soc/spimemio/config_clk_reg/Q
clk_generator_for_flash_clk<2>    0      3    0      1        2        9     69.025     915.44      14.706   0.017  0.056  soc/spimemio/config_en_reg/Q
clk_generator_for_flash_clk<3>    0      4    0      1        2        9     69.025     915.44      16.416   0.016  0.057  soc/spimemio/xfer/flash_clk_reg/Q
------------------------------------------------------------------------------------------------------------------------------------------------------------

Clock Sink Summary:
===================

---------------------------------------------------------------------------------------------------------------------------------------------------------------
Clock Tree                      Explicit      Implicit      Explicit     Implicit     Explicit   Implicit   Posedge  Negedge  Memory  Enable  Non enable  Other
Name                            exclude pins  exclude pins  ignore pins  ignore pins  stop pins  stop pins  Flops    Flops    Clock   Latch   Latch       Sinks
                                                                                                                              Pins    Sinks   Sinks       
---------------------------------------------------------------------------------------------------------------------------------------------------------------
clk                                  0             0             0            0           0          0       9258       4       4       0         0        21
clk_generator_for_flash_clk<1>       0             0             1            0           0          0          0       0       0       0         0         3
clk_generator_for_flash_clk<2>       0             0             9            0           0          0          0       0       0       0         0        11
clk_generator_for_flash_clk<3>       0             0            11            0           0          0          0       0       0       0         0        11
---------------------------------------------------------------------------------------------------------------------------------------------------------------

Summary across all clock trees:
===============================

------------------------------------------------------------------------------------------------------------
Clock  Bufs  Invs  Other  Max       Average   Max     Average  Max      Max          Standard   Wire   Gate
Gates              Clock  Non-leaf  Non-leaf  Leaf    Leaf     Length   Source-sink  cell area  cap    cap
                   Cells  Fanout    Fanout    Fanout  Fanout   (um)     Resistance   (um^2)     (pF)   (pF)
                                                                        (Ohms)                         
------------------------------------------------------------------------------------------------------------
  0    148    0      1       12     4.51515    100    77.4333  604.275    508.858    1052.334   3.457  2.253
------------------------------------------------------------------------------------------------------------

Clock Sink Summary across all clock trees:
==========================================

-------------------------------------------------------------------------------------------------------------------------------
Explicit      Implicit      Explicit     Implicit     Explicit   Implicit   Posedge  Negedge  Memory  Enable  Non enable  Other
exclude pins  exclude pins  ignore pins  ignore pins  stop pins  stop pins  Flops    Flops    Clock   Latch   Latch       Sinks
                                                                                              Pins    Sinks   Sinks       
-------------------------------------------------------------------------------------------------------------------------------
     0             0            21            0           0          0       9258       4       4       0         0        21
-------------------------------------------------------------------------------------------------------------------------------

Physical metrics across all clock trees:
========================================

-----------------------------------------------------------------------
Metric                               Minimum  Average  Maximum  Std.dev
-----------------------------------------------------------------------
Source-sink routed net length (um)    4.220    97.145  604.275  74.570
Source-sink manhattan distance (um)   3.625    92.843  602.040  73.162
Source-sink resistance (Ohm)         22.399   147.110  508.858  62.306
-----------------------------------------------------------------------

Transition distribution for half-corner delay_max:setup.late:
=============================================================

---------------------------------------------------------------------------------------------------------------------------------------------------------------------------------------------------------------------------
Net Type    Target    Count    Average    Std. Dev.    Min      Max      Distribution                                                                 Over Target
---------------------------------------------------------------------------------------------------------------------------------------------------------------------------------------------------------------------------
Trunk       0.093       33      0.069       0.021      0.025    0.092    {7 <= 0.056ns, 6 <= 0.075ns, 11 <= 0.084ns, 6 <= 0.089ns, 3 <= 0.093ns}                                        -
Leaf        0.093      120      0.085       0.011      0.023    0.096    {5 <= 0.056ns, 4 <= 0.075ns, 23 <= 0.084ns, 44 <= 0.089ns, 43 <= 0.093ns}    {1 <= 0.098ns, 0 <= 0.103ns, 0 <= 0.112ns, 0 <= 0.140ns, 0 > 0.140ns}
---------------------------------------------------------------------------------------------------------------------------------------------------------------------------------------------------------------------------

Count of violations across all clock trees:
===========================================

-----------------------------------------------------------------------------------------------------------
Clock Tree                      # Max capacitance  # Max resistance  # Max length  # Max fanout  # Slew
Name                            violations         violations        violations    violations    violations
-----------------------------------------------------------------------------------------------------------
clk                                     0                 0               0             0            0
clk_generator_for_flash_clk<1>          0                 0               0             0            0
clk_generator_for_flash_clk<2>          0                 0               0             0            0
clk_generator_for_flash_clk<3>          0                 0               0             0            2
-----------------------------------------------------------------------------------------------------------
Total                                   0                 0               0             0            2
-----------------------------------------------------------------------------------------------------------

Note the above table per clock tree is based on CCOpt clock tree view. The violations are counted across half corners.

Found a total of 0 clock tree pins with max capacitance violations.
Found a total of 0 clock tree nets with max resistance violations.
Found a total of 0 clock tree nets with max length violations.
Found a total of 0 clock tree nets with max fanout violations.
Found a total of 2 clock tree pins with a slew violation.

Slew violation summary across all clock trees - Top 2 violating pins:
=====================================================================

Target and measured clock slews (in ns):

---------------------------------------------------------------------------------------------------
Half corner           Violation  Slew    Slew      Dont   Ideal  Target         Pin
                      amount     target  achieved  touch  net?   source         
                                                   net?                         
---------------------------------------------------------------------------------------------------
delay_max:setup.late    0.003    0.093    0.096    N      N      auto computed  flash_clk
delay_max:setup.late    0.003    0.093    0.096    N      N      auto computed  CTS_csf_buf_00138/Y
---------------------------------------------------------------------------------------------------

Target sources:
auto extracted - target was extracted from SDC.
auto computed - target was computed when balancing trees.
explicit - target is explicitly set via target_max_trans property.
pin explicit - target is explicitly set for this pin via pin_target_max_trans property.
liberty explicit - target is explicitly set via max_transition from liberty library.

Found 0 pins on nets marked dont_touch that have slew violations.
Found 0 pins on nets marked dont_touch that do not have slew violations.
Found 0 pins on nets marked ideal_network that have slew violations.
Found 0 pins on nets marked ideal_network that do not have slew violations.


Report for clock tree: clk:
===========================

Clock Tree Gating Structure (Logical):

# Full cycle clock gates   : 0
Minimum clock gating depth : 0
Maximum clock gating depth : 0
Clock gate area (um^2)     : 0.000

Clock Tree Buffering Structure (Logical):

# Buffers             :  148
# Inverters           :    0
  Total               :  148
Minimum depth         :    2
Maximum depth         :    7
Buffering area (um^2) : 1049.940

Clock Tree Level Structure (Logical):

-----------------------------------------------------------------
Level  Full   Posedge  Negedge  Memory  Enable  Non enable  Other
       Cycle  Flops    Flops    Clock   Latch   Latch       Sinks
                                Pins    Sinks   Sinks       
-----------------------------------------------------------------
root     0     9258       4       4       0         0        21
-----------------------------------------------------------------
Total    0     9258       4       4       0         0        21
-----------------------------------------------------------------

Target and measured clock slews (in ns):

------------------------------------------------------------------------------------------------------------------------------------
Timing Corner          Worst Rising  Worst Falling  Worst Rising  Worst Falling  Leaf Slew      Leaf Slew  Trunk Slew     Trunk Slew
                       Leaf Slew     Leaf Slew      Trunk Slew    Trunk Slew     Target Type    Target     Target Type    Target
------------------------------------------------------------------------------------------------------------------------------------
delay_max:setup.early     0.080          0.096         0.077          0.092      ignored            -      ignored            -
delay_max:setup.late      0.081          0.096         0.079          0.092      auto computed  *0.093     auto computed   0.093
delay_min:hold.early      0.026          0.027         0.103          0.117      ignored            -      ignored            -
delay_min:hold.late       0.027          0.028         0.107          0.121      ignored            -      ignored            -
delay_typ:both.early      0.026          0.027         0.103          0.117      ignored            -      ignored            -
delay_typ:both.late       0.027          0.028         0.107          0.121      ignored            -      ignored            -
------------------------------------------------------------------------------------------------------------------------------------

Report for clock tree: clk_generator_for_flash_clk<1>:
======================================================

Clock Tree Gating Structure (Logical):

# Full cycle clock gates   : 0
Minimum clock gating depth : 0
Maximum clock gating depth : 0
Clock gate area (um^2)     : 0.000

Clock Tree Buffering Structure (Logical):

# Buffers             :  4
# Inverters           :  0
  Total               :  4
Minimum depth         :  1
Maximum depth         :  4
Buffering area (um^2) : 22.572

Clock Tree Level Structure (Logical):

-----------------------------------------------------------------
Level  Full   Posedge  Negedge  Memory  Enable  Non enable  Other
       Cycle  Flops    Flops    Clock   Latch   Latch       Sinks
                                Pins    Sinks   Sinks       
-----------------------------------------------------------------
root     0       0        0       0       0         0         3
-----------------------------------------------------------------
Total    0       0        0       0       0         0         3
-----------------------------------------------------------------

Target and measured clock slews (in ns):

------------------------------------------------------------------------------------------------------------------------------------
Timing Corner          Worst Rising  Worst Falling  Worst Rising  Worst Falling  Leaf Slew      Leaf Slew  Trunk Slew     Trunk Slew
                       Leaf Slew     Leaf Slew      Trunk Slew    Trunk Slew     Target Type    Target     Target Type    Target
------------------------------------------------------------------------------------------------------------------------------------
delay_max:setup.early     0.080          0.096         0.074          0.088      ignored            -      ignored            -
delay_max:setup.late      0.080          0.096         0.075          0.089      auto computed  *0.093     auto computed   0.093
delay_min:hold.early      0.023          0.024         0.020          0.020      ignored            -      ignored            -
delay_min:hold.late       0.023          0.024         0.021          0.021      ignored            -      ignored            -
delay_typ:both.early      0.023          0.024         0.020          0.020      ignored            -      ignored            -
delay_typ:both.late       0.023          0.024         0.021          0.021      ignored            -      ignored            -
------------------------------------------------------------------------------------------------------------------------------------

Report for clock tree: clk_generator_for_flash_clk<2>:
======================================================

Clock Tree Gating Structure (Logical):

# Full cycle clock gates   : 0
Minimum clock gating depth : 0
Maximum clock gating depth : 0
Clock gate area (um^2)     : 0.000

Clock Tree Buffering Structure (Logical):

# Buffers             :  3
# Inverters           :  0
  Total               :  3
Minimum depth         :  0
Maximum depth         :  3
Buffering area (um^2) : 12.312

Clock Tree Level Structure (Logical):

-----------------------------------------------------------------
Level  Full   Posedge  Negedge  Memory  Enable  Non enable  Other
       Cycle  Flops    Flops    Clock   Latch   Latch       Sinks
                                Pins    Sinks   Sinks       
-----------------------------------------------------------------
root     0       0        0       0       0         0        11
-----------------------------------------------------------------
Total    0       0        0       0       0         0        11
-----------------------------------------------------------------

Target and measured clock slews (in ns):

------------------------------------------------------------------------------------------------------------------------------------
Timing Corner          Worst Rising  Worst Falling  Worst Rising  Worst Falling  Leaf Slew      Leaf Slew  Trunk Slew     Trunk Slew
                       Leaf Slew     Leaf Slew      Trunk Slew    Trunk Slew     Target Type    Target     Target Type    Target
------------------------------------------------------------------------------------------------------------------------------------
delay_max:setup.early     0.080          0.096         0.074          0.088      ignored            -      ignored            -
delay_max:setup.late      0.080          0.096         0.075          0.089      auto computed  *0.093     auto computed   0.093
delay_min:hold.early      0.023          0.024         0.020          0.020      ignored            -      ignored            -
delay_min:hold.late       0.023          0.024         0.021          0.021      ignored            -      ignored            -
delay_typ:both.early      0.023          0.024         0.020          0.020      ignored            -      ignored            -
delay_typ:both.late       0.023          0.024         0.021          0.021      ignored            -      ignored            -
------------------------------------------------------------------------------------------------------------------------------------

Report for clock tree: clk_generator_for_flash_clk<3>:
======================================================

Clock Tree Gating Structure (Logical):

# Full cycle clock gates   : 0
Minimum clock gating depth : 0
Maximum clock gating depth : 0
Clock gate area (um^2)     : 0.000

Clock Tree Buffering Structure (Logical):

# Buffers             :  4
# Inverters           :  0
  Total               :  4
Minimum depth         :  2
Maximum depth         :  4
Buffering area (um^2) : 14.022

Clock Tree Level Structure (Logical):

-----------------------------------------------------------------
Level  Full   Posedge  Negedge  Memory  Enable  Non enable  Other
       Cycle  Flops    Flops    Clock   Latch   Latch       Sinks
                                Pins    Sinks   Sinks       
-----------------------------------------------------------------
root     0       0        0       0       0         0        11
-----------------------------------------------------------------
Total    0       0        0       0       0         0        11
-----------------------------------------------------------------

Target and measured clock slews (in ns):

------------------------------------------------------------------------------------------------------------------------------------
Timing Corner          Worst Rising  Worst Falling  Worst Rising  Worst Falling  Leaf Slew      Leaf Slew  Trunk Slew     Trunk Slew
                       Leaf Slew     Leaf Slew      Trunk Slew    Trunk Slew     Target Type    Target     Target Type    Target
------------------------------------------------------------------------------------------------------------------------------------
delay_max:setup.early     0.080          0.096         0.074          0.088      ignored            -      ignored            -
delay_max:setup.late      0.080          0.096         0.075          0.089      auto computed  *0.093     auto computed   0.093
delay_min:hold.early      0.023          0.024         0.020          0.020      ignored            -      ignored            -
delay_min:hold.late       0.023          0.024         0.021          0.021      ignored            -      ignored            -
delay_typ:both.early      0.023          0.024         0.020          0.020      ignored            -      ignored            -
delay_typ:both.late       0.023          0.024         0.021          0.021      ignored            -      ignored            -
------------------------------------------------------------------------------------------------------------------------------------

* - indicates that target was not met.

auto extracted - target was extracted from SDC.
auto computed - target was computed when balancing trees.

