============================================================
  Generated by:           Genus(TM) Synthesis Solution 21.10-p002_1
  Generated on:           Mar 23 2026  10:41:03 am
  Module:                 et4351
  Technology libraries:   slow_vdd1v0 1.0
                          saed32sram_ss0p95vn40c 1.0000000
                          physical_cells 
  Operating conditions:   PVT_0P9V_125C 
  Interconnect mode:      global
  Area mode:              physical library
============================================================

Timing
--------

  Clock    Period  
-------------------
clk        83330.0 
flash_clk 166660.0 


   Cost     Critical         Violating 
  Group    Path Slack  TNS     Paths   
---------------------------------------
clk           31612.7   0.0          0 
default      No paths   0.0            
flash_clk     35599.3   0.0          0 
---------------------------------------
Total                   0.0          0 

Instance Count
--------------
Leaf Instance Count             52381 
Physical Instance count             0 
Sequential Instance Count        9269 
Combinational Instance Count    43112 
Hierarchical Instance Count        15 

Area
----
Cell Area                          199855.087
Physical Cell Area                 0.000
Total Cell Area (Cell+Physical)    199855.087
Net Area                           67283.844
Total Area (Cell+Physical+Net)     267138.931

Max Fanout                         9269 (clk)
Min Fanout                         0 (iomem_addr_0_)
Average Fanout                     2.5
Terms to net ratio                 3.5022
Terms to instance ratio            3.6862
Runtime                            896.570414 seconds
Elapsed Runtime                    886 seconds
Genus peak memory usage            1594.16 
Innovus peak memory usage          no_value 
Hostname                           et4351.ewi.tudelft.nl
