###############################################################
#  Generated by:      Cadence Innovus 21.11-s130_1
#  OS:                Linux x86_64(Host ID et4351.ewi.tudelft.nl)
#  Generated on:      Mon Mar 23 11:45:16 2026
#  Design:            et4351
#  Command:           timeDesign -postRoute -hold -pathReports -slackReports -numPaths 50 -outDir timingReports/postRouteHold_hold
###############################################################

------------------------------------------------------------------
          timeDesign Summary
------------------------------------------------------------------

+--------------------+---------+---------+---------+
|     Hold mode      |   all   | reg2reg | default |
+--------------------+---------+---------+---------+
|           WNS (ns):|  0.050  |  0.050  |  0.114  |
|           TNS (ns):|  0.000  |  0.000  |  0.000  |
|    Violating Paths:|    0    |    0    |    0    |
|          All Paths:|  13926  |  13921  |   226   |
+--------------------+---------+---------+---------+

Density: 56.881%
       (100.000% with Fillers)
------------------------------------------------------------------
