#                           Extraction Statistics File
# Design "et4351"
#
+---------------------------------------------------------------------------------------------------------------------+
|                                        Incremental Extraction Statistics                                            |
+--+----------------------+----------------------+---------------------------------------+----------------------------+
|S.|         Nets         | Nets with Parasitic  |           Extraction Time             |      Region Extracted      |
|No| Total   Added Deleted| Total   New-RC New-C |Extraction RC-Network Others    Total  |  Percentage   Distribution |
+--+--------+------+------+--------+------+------+---------+---------+---------+---------+--------------+-------------+
| 0|   60565|     0|     0|   60130|     0|     0|  0:02:45|0:00:04.5|0:00:22.8|  0:03:13|100.00-100.00%|          0.0|
| 1|   60706|   141|     0|   60271|  3233| 47657|  0:02:51|0:00:06.0|0:00:23.8|  0:03:20|  -nan- 77.89%|000000000-1.4|
| 2|   60727|    21|     0|   60292|   260| 38800|  0:02:32|0:00:05.3|0:00:19.5|  0:02:57|  -nan- 52.69%|000000000-2.3|
| 3|   62014|  1287|     0|   61579|  3942| 47180|  0:02:52|0:00:06.1|0:00:23.0|  0:03:21|  -nan- 68.39%|000000000-1.6|
| 4|   62041|    27|     0|   61606|   438| 30885|  0:02:22|0:00:04.7|0:00:17.4|  0:02:44|  -nan- 38.43%|000000000-2.2|
| 5|   62047|     6|     0|   61612|   132| 19299|  0:02:07|0:00:04.2|0:00:15.0|  0:02:26|  -nan- 18.80%|000000000-2.8|
| 6|   62064|    17|     0|   61629|   191| 28295|  0:02:14|0:00:05.0|0:00:16.6|  0:02:35|  -nan- 35.12%|000000000-2.4|
| 7|   62070|     6|     0|   61635|    24| 13152|  0:01:58|0:00:03.6|0:00:12.0|  0:02:14|  -nan- 13.02%|000000000-4.2|
| 8|   62073|     3|     0|   61638|   137| 18946|  0:02:00|0:00:04.0|0:00:13.8|  0:02:18|  -nan- 18.18%|000000000-3.7|
| 9|   62073|     0|     0|   61638|     7|  7727|  0:01:42|0:00:03.0|0:00:10.2|  0:01:55|  -nan-  4.96%|000000000-4.0|
+--+--------+------+------+--------+------+------+---------+---------+---------+---------+--------------+-------------+

#
# This file was generated by Innovus v21.11-s130_1 on Wed Apr  8 14:50:47 2026

