#                           Extraction Statistics File
# Design "et4351"
#
+---------------------------------------------------------------------------------------------------------------------+
|                                        Incremental Extraction Statistics                                            |
+--+----------------------+----------------------+---------------------------------------+----------------------------+
|S.|         Nets         | Nets with Parasitic  |           Extraction Time             |      Region Extracted      |
|No| Total   Added Deleted| Total   New-RC New-C |Extraction RC-Network Others    Total  |  Percentage   Distribution |
+--+--------+------+------+--------+------+------+---------+---------+---------+---------+--------------+-------------+
| 0|   60565|     0|     0|   60130|     0|     0|  0:02:47|0:00:04.3|0:00:24.3|  0:03:16|100.00-100.00%|          0.0|
| 1|   60706|   141|     0|   60271|  3233| 47657|  0:02:55|0:00:06.1|0:00:23.3|  0:03:24|  -nan- 77.89%|000000000-1.4|
| 2|   60727|    21|     0|   60292|   260| 38800|  0:02:29|0:00:05.5|0:00:20.4|  0:02:55|  -nan- 52.69%|000000000-2.3|
| 3|   62014|  1287|     0|   61579|  3942| 47180|  0:02:48|0:00:06.5|0:00:22.3|  0:03:17|  -nan- 68.39%|000000000-1.6|
| 4|   62269|   255|     0|   61834|  1020| 37514|  0:02:25|0:00:05.7|0:00:19.8|  0:02:50|  -nan- 46.90%|000000000-1.9|
| 5|   62275|     6|     0|   61840|   136| 21387|  0:02:06|0:00:04.4|0:00:14.6|  0:02:25|  -nan- 20.66%|000000000-3.0|
| 6|   62303|    28|     0|   61868|   295| 31964|  0:02:22|0:00:05.1|0:00:16.7|  0:02:43|  -nan- 38.84%|000000000-2.3|
| 7|   62309|     6|     0|   61874|    42| 15833|  0:02:02|0:00:04.5|0:00:12.9|  0:02:19|  -nan- 14.88%|000000000-4.0|
| 8|   62315|     6|     0|   61880|   103| 22900|  0:02:08|0:00:04.2|0:00:15.3|  0:02:28|  -nan- 23.76%|000000000-3.8|
| 9|   62317|     2|     0|   61882|    15| 10143|  0:01:43|0:00:03.3|0:00:10.6|  0:01:56|  -nan-  8.26%|000000000-6.7|
+--+--------+------+------+--------+------+------+---------+---------+---------+---------+--------------+-------------+

#
# This file was generated by Innovus v21.11-s130_1 on Wed Apr  8 17:37:49 2026

