    Hinst Name              Module Name                                                                                                                                                                        Inst Count           Total Area
-------------------------------------------------------------------------------------------------------------------------------------------------------------------------------------------------------------------------------------------
<<<<<<< Updated upstream
et4351                                                                                                                                                                                                              59759           264401.431
 accel                      accelerator                                                                                                                                                                             36562           144884.538
  accel/fft                 accelerator_fft_LOG_MAX_N32_MEM_WIDTH32_ADDR_WIDTH7                                                                                                                                     28700            91663.524
  accel/mem                 accelerator_mem_MEM_DEPTH128                                                                                                                                                             6452            47683.692
 flash_bufs_0_              bidir_buf_2262                                                                                                                                                                              4               37.620
 flash_bufs_1_              bidir_buf_2263                                                                                                                                                                              2               17.784
 flash_bufs_2_              bidir_buf_2264                                                                                                                                                                              5               44.460
 flash_bufs_3_              bidir_buf                                                                                                                                                                                   5               44.460
 soc                        picosoc                                                                                                                                                                                 23137           119161.555
  soc/cpu                   picorv32_ENABLE_COUNTERS1_BARREL_SHIFTER1_COMPRESSED_ISA1_ENABLE_MUL1_ENABLE_FAST_MUL0_ENABLE_DIV1_ENABLE_IRQ1_ENABLE_IRQ_QREGS0_PROGADDR_RESET1048576_PROGADDR_IRQ0_STACKADDR1024      20516            73411.326
   soc/cpu/genblk1.pcpi_mul picorv32_pcpi_mul                                                                                                                                                                        1744             7821.882
   soc/cpu/genblk2.pcpi_div picorv32_pcpi_div                                                                                                                                                                        1968             6591.024
  soc/memory                picosoc_mem_WORDS256                                                                                                                                                                       23            34572.985
  soc/simpleuart            simpleuart                                                                                                                                                                               1054             4651.542
  soc/spimemio              spimemio                                                                                                                                                                                 1168             5566.734
   soc/spimemio/xfer        spimemio_xfer                                                                                                                                                                             368             1728.468
=======
et4351                                                                                                                                                                                                              60059           264593.635
 accel                      accelerator                                                                                                                                                                             36823           145156.428
  accel/fft                 accelerator_fft_LOG_MAX_N32_MEM_WIDTH32_ADDR_WIDTH7                                                                                                                                     28966            91884.798
  accel/mem                 accelerator_mem_MEM_DEPTH128                                                                                                                                                             6474            47648.124
 flash_bufs_0_              bidir_buf_2262                                                                                                                                                                              3               27.702
 flash_bufs_1_              bidir_buf_2263                                                                                                                                                                              4               37.620
 flash_bufs_2_              bidir_buf_2264                                                                                                                                                                              3               27.702
 flash_bufs_3_              bidir_buf                                                                                                                                                                                   3               27.702
 soc                        picosoc                                                                                                                                                                                 23179           119116.411
  soc/cpu                   picorv32_ENABLE_COUNTERS1_BARREL_SHIFTER1_COMPRESSED_ISA1_ENABLE_MUL1_ENABLE_FAST_MUL0_ENABLE_DIV1_ENABLE_IRQ1_ENABLE_IRQ_QREGS0_PROGADDR_RESET1048576_PROGADDR_IRQ0_STACKADDR1024      20522            73251.270
   soc/cpu/genblk1.pcpi_mul picorv32_pcpi_mul                                                                                                                                                                        1721             7722.018
   soc/cpu/genblk2.pcpi_div picorv32_pcpi_div                                                                                                                                                                        1981             6583.158
  soc/memory                picosoc_mem_WORDS256                                                                                                                                                                       15            34549.729
  soc/simpleuart            simpleuart                                                                                                                                                                               1069             4758.246
  soc/spimemio              spimemio                                                                                                                                                                                 1174             5495.940
   soc/spimemio/xfer        spimemio_xfer                                                                                                                                                                             367             1679.904
>>>>>>> Stashed changes
