#                           Extraction Statistics File
# Design "et4351"
#
+---------------------------------------------------------------------------------------------------------------------+
|                                        Incremental Extraction Statistics                                            |
+--+----------------------+----------------------+---------------------------------------+----------------------------+
|S.|         Nets         | Nets with Parasitic  |           Extraction Time             |      Region Extracted      |
|No| Total   Added Deleted| Total   New-RC New-C |Extraction RC-Network Others    Total  |  Percentage   Distribution |
+--+--------+------+------+--------+------+------+---------+---------+---------+---------+--------------+-------------+
| 0|   77860|     0|     0|   77062|     0|     0|  0:03:08|0:00:06.3|0:00:28.7|  0:03:43|100.00-100.00%|          0.0|
| 1|   78236|   376|     0|   77438|  5469| 61310|  0:03:13|0:00:07.8|0:00:28.6|  0:03:50|  -nan- 86.16%|000000000-1.4|
| 2|   78310|    74|     0|   77512|   588| 58985|  0:02:56|0:00:08.0|0:00:25.6|  0:03:30|  -nan- 63.84%|000000000-1.8|
| 3|   78357|    47|     0|   77559|   723| 53910|  0:02:47|0:00:08.4|0:00:25.9|  0:03:22|  -nan- 55.37%|000000000-2.1|
| 4|   78368|    11|     0|   77570|    57| 21560|  0:02:08|0:00:04.7|0:00:15.9|  0:02:29|  -nan- 18.60%|000000000-3.1|
| 5|   78381|    13|     0|   77583|    83| 35609|  0:02:22|0:00:06.6|0:00:20.0|  0:02:48|  -nan- 32.85%|000000000-3.0|
| 6|   78387|     6|     0|   77589|    28| 20829|  0:02:08|0:00:04.8|0:00:15.1|  0:02:28|  -nan- 18.18%|000000000-3.8|
| 7|   78388|     1|     0|   77590|    70| 15851|  0:01:59|0:00:04.1|0:00:13.8|  0:02:17|  -nan- 11.57%|000000000-3.7|
+--+--------+------+------+--------+------+------+---------+---------+---------+---------+--------------+-------------+

#
# This file was generated by Innovus v21.11-s130_1 on Wed Apr  8 15:45:02 2026

