###############################################################
#  Generated by:      Cadence Innovus 21.11-s130_1
#  OS:                Linux x86_64(Host ID et4351.ewi.tudelft.nl)
#  Generated on:      Thu Apr  9 18:03:43 2026
#  Design:            et4351
#  Command:           report_constraint > initialReports/report_constraint.rpt
###############################################################
# format : frame 1 : split 1

max_delay/setup
---------------------------
     +----------------------------------------------------+ 
     |   End Point | Slack  | Cause |                View | 
     |-------------+--------+-------+---------------------| 
     | flash_io0 f | 35.922 |   MET | analysis_view_setup | 
     +----------------------------------------------------+ 

Check type : clock_period
---------------------------
No paths found

Check type : skew
---------------------------
No paths found

Check type : pulse_width
---------------------------
     +----------------------------------------------------------------------------+ 
     |             SEQUENTIAL CLOCK PULSE WIDTH             |                     | 
     |------------------------------------------------------+---------------------| 
     | Pin                     | Required | Actual |  Slack | View Name           | 
     |                         |  Pulse   |  Pulse |        |                     | 
     |                         |  Width   |  Width |        |                     | 
     |-------------------------+----------+--------+--------+---------------------| 
     | accel/fft_icg/CK (high) |  0.277   | 41.565 | 41.288 | analysis_view_setup | 
     +----------------------------------------------------------------------------+ 

Check type : max_transition
---------------------------
  Pin : soc/spimemio/xfer/g3747/A0N 	 View : analysis_view_power
 
  max_transition :     0.280
- Transition Time:     1.670
-----------------------------------------------------
  slack          :    -1.390 ( VIOLATED )

Check type : max_capacitance
---------------------------
  Pin : accel/mem_icg/ECK 	 View : analysis_view_power
 
  max_capacitance :     0.300
- Capacitance     :     1.260
-----------------------------------------------------
  slack          :    -0.960 ( VIOLATED )

Check type : max_fanout
---------------------------
 No Check found
