============================================================
  Generated by:           Genus(TM) Synthesis Solution 21.10-p002_1
  Generated on:           Apr 09 2026  05:48:26 pm
  Module:                 et4351
  Technology libraries:   slow_vdd1v0 1.0
                          saed32sram_ss0p95vn40c 1.0000000
                          physical_cells 
  Operating conditions:   PVT_0P9V_125C 
  Interconnect mode:      global
  Area mode:              physical library
============================================================

Timing
--------

  Clock    Period  
-------------------
clk        83330.0 
flash_clk 166660.0 


   Cost     Critical         Violating 
  Group    Path Slack  TNS     Paths   
---------------------------------------
clk           31815.4   0.0          0 
default      No paths   0.0            
flash_clk     35599.3   0.0          0 
---------------------------------------
Total                   0.0          0 

Instance Count
--------------
Leaf Instance Count             56623 
Physical Instance count             0 
Sequential Instance Count        8885 
Combinational Instance Count    47738 
Hierarchical Instance Count        15 

Area
----
Cell Area                          217557.691
Physical Cell Area                 0.000
Total Cell Area (Cell+Physical)    217557.691
Net Area                           72957.231
Total Area (Cell+Physical+Net)     290514.922

Max Fanout                         4096 (accel/mem/clk)
Min Fanout                         0 (iomem_addr_0_)
Average Fanout                     2.3
Terms to net ratio                 3.3475
Terms to instance ratio            3.6754
Runtime                            1522.053238 seconds
Elapsed Runtime                    1574 seconds
Genus peak memory usage            2026.80 
Innovus peak memory usage          no_value 
Hostname                           et4351.ewi.tudelft.nl
