============================================================
  Generated by:           Genus(TM) Synthesis Solution 21.10-p002_1
  Generated on:           Apr 09 2026  10:44:07 pm
  Module:                 et4351
  Technology libraries:   slow_vdd1v0 1.0
                          saed32sram_ss0p95vn40c 1.0000000
                          physical_cells 
  Operating conditions:   PVT_0P9V_125C 
  Interconnect mode:      global
  Area mode:              physical library
============================================================

                                    
    Gate      Instances     Area             Library          
--------------------------------------------------------------
ADDFHX2              48     393.984    slow_vdd1v0            
ADDFHX4             144    1378.944    slow_vdd1v0            
ADDFX1             4450   22828.500    slow_vdd1v0            
ADDFX2              218    1714.788    slow_vdd1v0            
ADDHX1              524    1971.288    slow_vdd1v0            
ADDHX2                3      15.390    slow_vdd1v0            
AND2X1             3190    4363.920    slow_vdd1v0            
AND2X2              248     424.080    slow_vdd1v0            
AND2X4               44     120.384    slow_vdd1v0            
AND2X6               41     154.242    slow_vdd1v0            
AND2X8              153     680.238    slow_vdd1v0            
AND3X1               15      35.910    slow_vdd1v0            
AND3X2               25      68.400    slow_vdd1v0            
AND3X4                8      24.624    slow_vdd1v0            
AND3X6                4      17.784    slow_vdd1v0            
AND3X8               19      97.470    slow_vdd1v0            
AND3XL               61     125.172    slow_vdd1v0            
AND4X1               39      93.366    slow_vdd1v0            
AND4X2               11      33.858    slow_vdd1v0            
AND4X4                7      26.334    slow_vdd1v0            
AND4X6                1       5.814    slow_vdd1v0            
AO21X1              142     339.948    slow_vdd1v0            
AO21X2               31      84.816    slow_vdd1v0            
AO21X4               13      44.460    slow_vdd1v0            
AO22X1             3257    8911.152    slow_vdd1v0            
AO22X2                2       6.156    slow_vdd1v0            
AO22X4                2       7.524    slow_vdd1v0            
AOI211X2              4      13.680    slow_vdd1v0            
AOI211X4              3      19.494    slow_vdd1v0            
AOI21X1            3698    6323.580    slow_vdd1v0            
AOI21X2             187     511.632    slow_vdd1v0            
AOI221X2             29     128.934    slow_vdd1v0            
AOI222X2             68     372.096    slow_vdd1v0            
AOI22X2            3207   12064.734    slow_vdd1v0            
AOI2BB1X1           381     781.812    slow_vdd1v0            
AOI2BB1X2            32      98.496    slow_vdd1v0            
AOI2BB2X2             5      25.650    slow_vdd1v0            
AOI31X2               1       3.420    slow_vdd1v0            
BUFX12                7      35.910    slow_vdd1v0            
BUFX16                9      61.560    slow_vdd1v0            
BUFX2              1838    3142.980    slow_vdd1v0            
BUFX20                6      49.248    slow_vdd1v0            
BUFX3                22      45.144    slow_vdd1v0            
BUFX4                 1       2.394    slow_vdd1v0            
BUFX6                13      40.014    slow_vdd1v0            
BUFX8                 3      11.286    slow_vdd1v0            
CLKAND2X12          118     887.832    slow_vdd1v0            
CLKAND2X2             6      12.312    slow_vdd1v0            
CLKAND2X4            17      58.140    slow_vdd1v0            
CLKAND2X6             1       4.788    slow_vdd1v0            
CLKAND2X8             2      11.628    slow_vdd1v0            
CLKBUFX12             8      41.040    slow_vdd1v0            
CLKBUFX16             6      41.040    slow_vdd1v0            
CLKBUFX2             71     121.410    slow_vdd1v0            
CLKBUFX20            18     147.744    slow_vdd1v0            
CLKBUFX6              2       6.156    slow_vdd1v0            
CLKBUFX8              1       3.762    slow_vdd1v0            
CLKINVX12           131     537.624    slow_vdd1v0            
CLKINVX16           157     859.104    slow_vdd1v0            
CLKINVX20            71     461.358    slow_vdd1v0            
CLKINVX3              1       1.710    slow_vdd1v0            
CLKINVX4            405     692.550    slow_vdd1v0            
CLKINVX6            119     284.886    slow_vdd1v0            
CLKINVX8            123     378.594    slow_vdd1v0            
CLKMX2X2             45     138.510    slow_vdd1v0            
CLKMX2X3             26     106.704    slow_vdd1v0            
CLKMX2X4             10      41.040    slow_vdd1v0            
CLKMX2X6              5      22.230    slow_vdd1v0            
CLKMX2X8              5      29.070    slow_vdd1v0            
CLKXOR2X1           158     432.288    slow_vdd1v0            
CLKXOR2X2            11      37.620    slow_vdd1v0            
CLKXOR2X8            25     145.350    slow_vdd1v0            
DFFHQX1            2208   12082.176    slow_vdd1v0            
DFFHQX2              43     294.120    slow_vdd1v0            
DFFHQX4             308    2528.064    slow_vdd1v0            
DFFHQX8              81     747.954    slow_vdd1v0            
DFFNSRX1              4      36.936    slow_vdd1v0            
DFFQX1                1       5.814    slow_vdd1v0            
DFFQX2             1416    9201.168    slow_vdd1v0            
DFFQX4              144    1034.208    slow_vdd1v0            
DFFRHQX1             81     498.636    slow_vdd1v0            
DFFRHQX2              7      55.062    slow_vdd1v0            
DFFRHQX4             13     124.488    slow_vdd1v0            
DFFRX1                2      13.680    slow_vdd1v0            
DFFRX2               63     474.012    slow_vdd1v0            
DFFRX4                2      19.152    slow_vdd1v0            
DFFSHQX1             13      84.474    slow_vdd1v0            
DFFSHQX4              1       9.576    slow_vdd1v0            
DFFSHQX8              1      10.602    slow_vdd1v0            
DFFSX1                1       7.524    slow_vdd1v0            
DFFSX4                1      10.944    slow_vdd1v0            
DFFTRX2             143    1173.744    slow_vdd1v0            
DFFTRXL              15     117.990    slow_vdd1v0            
DFFX1                18     129.276    slow_vdd1v0            
DFFX2                18     147.744    slow_vdd1v0            
DFFX4                17     156.978    slow_vdd1v0            
EDFFHQX1           4250   36337.500    slow_vdd1v0            
EDFFHQX2              3      26.676    slow_vdd1v0            
EDFFX2                8      73.872    slow_vdd1v0            
EDFFX4                1      10.944    slow_vdd1v0            
INVX1              2850    1949.400    slow_vdd1v0            
INVX12                8      32.832    slow_vdd1v0            
INVX16                2      10.944    slow_vdd1v0            
INVX2               528     541.728    slow_vdd1v0            
INVX20               11      71.478    slow_vdd1v0            
INVX3               167     228.456    slow_vdd1v0            
INVX4                13      22.230    slow_vdd1v0            
INVX6                34      81.396    slow_vdd1v0            
INVX8                24      73.872    slow_vdd1v0            
INVXL                28      19.152    slow_vdd1v0            
MDFFHQX1              1       8.550    slow_vdd1v0            
MDFFHQX2              2      18.468    slow_vdd1v0            
MDFFHQX4             12     110.808    slow_vdd1v0            
MDFFHQX8              1      11.286    slow_vdd1v0            
MX2X1               934    2235.996    slow_vdd1v0            
MX3X1                12      61.560    slow_vdd1v0            
MX3XL                 8      38.304    slow_vdd1v0            
MXI2X1              260     711.360    slow_vdd1v0            
MXI2X2              239    1062.594    slow_vdd1v0            
MXI2X4                9      46.170    slow_vdd1v0            
MXI2X6                2      10.260    slow_vdd1v0            
MXI2X8                9      55.404    slow_vdd1v0            
NAND2BX1            522     714.096    slow_vdd1v0            
NAND2BX2             74     177.156    slow_vdd1v0            
NAND2BX4             93     349.866    slow_vdd1v0            
NAND2X1            1781    1827.306    slow_vdd1v0            
NAND2X2            1399    2392.290    slow_vdd1v0            
NAND2X4             323    1104.660    slow_vdd1v0            
NAND3BX2             10      30.780    slow_vdd1v0            
NAND3BX4              1       5.130    slow_vdd1v0            
NAND3X2              43     117.648    slow_vdd1v0            
NOR2BX1            2626    3592.368    slow_vdd1v0            
NOR2BX2              46     125.856    slow_vdd1v0            
NOR2BX4              15      56.430    slow_vdd1v0            
NOR2X1              789     809.514    slow_vdd1v0            
NOR2X2               96     164.160    slow_vdd1v0            
NOR2X4              400    1231.200    slow_vdd1v0            
NOR2X6                4      16.416    slow_vdd1v0            
NOR3BX2               1       3.420    slow_vdd1v0            
NOR3BX4               2      11.628    slow_vdd1v0            
NOR3X2               11      30.096    slow_vdd1v0            
NOR4BBX2              1       5.130    slow_vdd1v0            
NOR4BX2               1       4.788    slow_vdd1v0            
NOR4BX4               2      15.048    slow_vdd1v0            
NOR4X2               11      37.620    slow_vdd1v0            
NOR4X4                6      38.988    slow_vdd1v0            
OA21X1             1179    2419.308    slow_vdd1v0            
OA21X2                3       9.234    slow_vdd1v0            
OA21X4                1       3.762    slow_vdd1v0            
OA22X1              942    2255.148    slow_vdd1v0            
OA22X2                2       6.840    slow_vdd1v0            
OAI21X1             471     805.410    slow_vdd1v0            
OAI21X2             376    1157.328    slow_vdd1v0            
OAI21X4               1       4.788    slow_vdd1v0            
OAI22X2              25      85.500    slow_vdd1v0            
OAI2BB1X1          2851    4875.210    slow_vdd1v0            
OAI2BB1X2          1920    5909.760    slow_vdd1v0            
OAI2BB1X4             1       4.446    slow_vdd1v0            
OAI31X2               2       7.524    slow_vdd1v0            
OAI32X2              11      48.906    slow_vdd1v0            
OR2X1               346     473.328    slow_vdd1v0            
OR2X2               120     205.200    slow_vdd1v0            
OR2X4                47     128.592    slow_vdd1v0            
OR2X6                81     304.722    slow_vdd1v0            
OR2X8                45     200.070    slow_vdd1v0            
OR3X1                65     133.380    slow_vdd1v0            
OR3X2                39      93.366    slow_vdd1v0            
OR3X4                 6      18.468    slow_vdd1v0            
OR3X6                 2       9.576    slow_vdd1v0            
OR3X8                33     180.576    slow_vdd1v0            
OR4X1               421     863.892    slow_vdd1v0            
OR4X2                19      64.980    slow_vdd1v0            
OR4X4                33     124.146    slow_vdd1v0            
SRAM1RW256x8          4   34535.023    saed32sram_ss0p95vn40c 
TBUFX6                4      31.464    slow_vdd1v0            
TLATNCAX2             2      10.944    slow_vdd1v0            
XNOR2X1            1525    3650.850    slow_vdd1v0            
XNOR2X2              10      30.780    slow_vdd1v0            
XNOR2X4               5      18.810    slow_vdd1v0            
XOR2X4                1       4.104    slow_vdd1v0            
--------------------------------------------------------------
total             56623  217557.691                           


        Library        Instances    Area    Instances % 
--------------------------------------------------------
saed32sram_ss0p95vn40c         4  34535.023         0.0 
slow_vdd1v0                56619 183022.668       100.0 

                                                         
            Type             Instances    Area    Area % 
---------------------------------------------------------
timing_model                         4  34535.023   15.9 
sequential                        8879  65562.426   30.1 
inverter                          4672   6247.314    2.9 
buffer                            2005   3749.688    1.7 
tristate                             4     31.464    0.0 
clock_gating_integrated_cell         2     10.944    0.0 
logic                            41057 107420.832   49.4 
physical_cells                       0      0.000    0.0 
---------------------------------------------------------
total                            56623 217557.691  100.0 

