============================================================
  Generated by:           Genus(TM) Synthesis Solution 21.10-p002_1
  Generated on:           Apr 09 2026  10:44:15 pm
  Module:                 et4351
  Technology libraries:   slow_vdd1v0 1.0
                          saed32sram_ss0p95vn40c 1.0000000
                          physical_cells 
  Operating conditions:   PVT_0P9V_125C 
  Interconnect mode:      global
  Area mode:              physical library
============================================================

                                                   Wire      Wire   Wireload 
               Net               Loads   Drivers Cap(fF) Res(k-ohm)    Model 
-----------------------------------------------------------------------------
accel/fft/n_14786                   87         1   165.3      0.300          
accel/fft/n_8748                    83         1   157.8      0.286          
accel/fft/n_8678                    81         1   154.1      0.280          
accel/fft/n_8663                    80         1   152.2      0.276          
soc/cpu/n_272                       80         1   152.2      0.276          
accel/fft/n_908                     78         1   148.4      0.269          
soc/cpu/genblk2.pcpi_div/n_110      78         1   148.4      0.269          
accel/fft/n_893                     76         1   144.7      0.263          
accel/fft/n_1377                    74         1   140.9      0.256          
accel/fft/n_1378                    74         1   140.9      0.256          
accel/fft/n_891                     73         1   139.1      0.252          
accel/fft/n_8751                    73         1   139.1      0.252          
accel/fft/n_877                     72         1   137.2      0.249          
accel/fft/n_8685                    72         1   137.2      0.249          
accel/fft/n_8741                    72         1   137.2      0.249          
soc/cpu/genblk1.pcpi_mul/n_50       72         1   137.2      0.249          
soc/cpu/genblk1.pcpi_mul/n_13       70         1   133.4      0.242          
accel/fft/n_8716                    69         1   131.5      0.239          
accel/fft/n_8726                    69         1   131.5      0.239          
accel/fft/n_866                     68         1   129.7      0.235          
accel/fft/n_889                     68         1   129.7      0.235          
accel/fft/n_1372                    68         1   129.7      0.235          
accel/fft/n_8610                    68         1   129.7      0.235          
accel/fft/n_8679                    68         1   129.7      0.235          
accel/fft/n_909                     67         1   127.8      0.232          
accel/fft/n_8721                    67         1   127.8      0.232          
accel/fft/n_1246                    66         1   125.9      0.229          
accel/fft/n_1486                    66         1   125.9      0.229          
accel/fft/n_8683                    66         1   125.9      0.229          
accel/fft/n_8689                    66         1   125.9      0.229          
accel/fft/n_8823                    66         1   125.9      0.229          
accel/fft/n_879                     65         1   124.0      0.225          
accel/fft/n_8750                    65         1   124.0      0.225          
accel/fft/n_8824                    65         1   124.0      0.225          
accel/fft/n_858                     64         1   122.2      0.222          
accel/fft/n_861                     64         1   122.2      0.222          
accel/fft/n_865                     64         1   122.2      0.222          
accel/fft/n_870                     64         1   122.2      0.222          
accel/fft/n_884                     64         1   122.2      0.222          
accel/fft/n_897                     64         1   122.2      0.222          
accel/fft/n_900                     64         1   122.2      0.222          
accel/fft/n_902                     64         1   122.2      0.222          
accel/fft/n_903                     64         1   122.2      0.222          
accel/fft/n_905                     64         1   122.2      0.222          
accel/fft/n_907                     64         1   122.2      0.222          
accel/fft/n_915                     64         1   122.2      0.222          
accel/fft/n_1458                    64         1   122.2      0.222          
accel/fft/n_8712                    64         1   122.2      0.222          
accel/fft/n_8756                    64         1   122.2      0.222          
accel/fft/n_8758                    64         1   122.2      0.222          
