#                           Extraction Statistics File
# Design "et4351"
#
+---------------------------------------------------------------------------------------------------------------------+
|                                        Incremental Extraction Statistics                                            |
+--+----------------------+----------------------+---------------------------------------+----------------------------+
|S.|         Nets         | Nets with Parasitic  |           Extraction Time             |      Region Extracted      |
|No| Total   Added Deleted| Total   New-RC New-C |Extraction RC-Network Others    Total  |  Percentage   Distribution |
+--+--------+------+------+--------+------+------+---------+---------+---------+---------+--------------+-------------+
| 0|   61979|     0|     0|   61544|     0|     0|  0:02:59|0:00:05.0|0:00:24.7|  0:03:28|100.00-100.00%|          0.0|
| 1|   62211|   232|     0|   61776|  4226| 50821|  0:02:52|0:00:06.0|0:00:24.9|  0:03:23|  -nan- 85.33%|000000000-1.4|
| 2|   62244|    33|     0|   61809|   543| 43267|  0:02:34|0:00:06.0|0:00:22.9|  0:03:03|  -nan- 64.67%|000000000-2.0|
| 3|   62272|    28|     0|   61837|   716| 42277|  0:02:40|0:00:05.3|0:00:20.6|  0:03:06|  -nan- 62.40%|000000000-2.1|
| 4|   62277|     5|     0|   61842|    49| 22701|  0:02:00|0:00:04.5|0:00:15.0|  0:02:19|  -nan- 24.79%|000000000-4.0|
| 5|   62281|     4|     0|   61846|    90| 30421|  0:02:15|0:00:05.5|0:00:18.1|  0:02:39|  -nan- 34.09%|000000000-3.9|
| 6|   62282|     1|     0|   61847|    10| 10148|  0:01:54|0:00:03.3|0:00:10.9|  0:02:08|  -nan-  8.68%|000000000-7.0|
| 7|   62282|     0|     0|   61847|     9|  4897|  0:01:34|0:00:02.7|0:00:09.8|  0:01:47|  -nan-  4.34%|000000000-7.0|
+--+--------+------+------+--------+------+------+---------+---------+---------+---------+--------------+-------------+

#
# This file was generated by Innovus v21.11-s130_1 on Wed Apr  8 11:33:19 2026

