###############################################################
#  Generated by:      Cadence Innovus 21.11-s130_1
#  OS:                Linux x86_64(Host ID et4351.ewi.tudelft.nl)
#  Generated on:      Wed Apr  8 20:45:25 2026
#  Design:            et4351
#  Command:           report_ccopt_clock_trees -file clockReports/CT.rpt
###############################################################

Clock DAG stats:
================

--------------------------------------------------------------
Cell type                     Count    Area        Capacitance
--------------------------------------------------------------
Buffers                        733     1952.820       0.306
Inverters                        2        2.052       0.000
Integrated Clock Gates         691     4868.028       0.000
Non-Integrated Clock Gates       0        0.000       0.000
Clock Logic                      1        3.762       0.002
All                           1427     6826.662       0.308
--------------------------------------------------------------


Clock DAG wire lengths:
=======================

--------------------
Type     Wire Length
--------------------
Top           0.000
Trunk     13923.220
Leaf      80127.025
Total     94050.245
--------------------


Clock DAG hp wire lengths:
==========================

-----------------------
Type     hp Wire Length
-----------------------
Top            0.000
Trunk      13825.710
Leaf       56085.445
Total      69911.155
-----------------------


Clock DAG capacitances:
=======================

--------------------------------
Type     Gate     Wire     Total
--------------------------------
Top      0.000    0.000    0.000
Trunk    0.302    0.995    1.296
Leaf     1.852    5.807    7.659
Total    2.154    6.802    8.955
--------------------------------


Clock DAG sink capacitances:
============================

--------------------------------------------------------
Count    Total    Average    Std. Dev.    Min      Max
--------------------------------------------------------
9041     1.845     0.000       0.001      0.000    0.050
--------------------------------------------------------


Clock DAG net violations:
=========================

------------------------------------------------------------------------------------------------
Type                    Units    Count    Average     Std. Dev.    Sum         Top 10 violations
------------------------------------------------------------------------------------------------
Remaining Transition    ns         1         0.002      0.000         0.002    [0.002]
Fanout                    -        1      1115          0          1115        [1115]
------------------------------------------------------------------------------------------------


Clock DAG primary half-corner transition distribution:
======================================================

------------------------------------------------------------------------------------------------------------------------------------------------------------------------------------------------------------------------------
Net Type    Target    Count    Average    Std. Dev.    Min      Max      Distribution                                                                    Over Target
------------------------------------------------------------------------------------------------------------------------------------------------------------------------------------------------------------------------------
Trunk       0.093      670      0.041       0.014      0.000    0.093    {602 <= 0.056ns, 14 <= 0.075ns, 27 <= 0.084ns, 8 <= 0.089ns, 19 <= 0.093ns}                                       -
Leaf        0.093      764      0.070       0.011      0.000    0.096    {35 <= 0.056ns, 539 <= 0.075ns, 81 <= 0.084ns, 49 <= 0.089ns, 59 <= 0.093ns}    {1 <= 0.098ns, 0 <= 0.103ns, 0 <= 0.112ns, 0 <= 0.140ns, 0 > 0.140ns}
------------------------------------------------------------------------------------------------------------------------------------------------------------------------------------------------------------------------------


Clock DAG library cell distribution:
====================================

-----------------------------------------------
Name            Type        Inst     Inst Area 
                            Count    (um^2)
-----------------------------------------------
CLKBUFX20       buffer        19       155.952
CLKBUFX16       buffer        35       239.400
CLKBUFX12       buffer        59       302.670
CLKBUFX8        buffer         9        33.858
CLKBUFX6        buffer        11        33.858
DLY1X4          buffer         2         7.524
CLKBUFX4        buffer         1         2.394
CLKBUFX3        buffer         1         2.052
CLKBUFX2        buffer       558       954.180
DLY2X1          buffer        38       220.932
CLKINVX1        inverter       2         2.052
TLATNTSCAX20    icg           20       300.960
TLATNTSCAX16    icg           13       168.948
TLATNTSCAX12    icg           11       120.384
TLATNTSCAX8     icg           21       186.732
TLATNTSCAX6     icg           10        85.500
TLATNTSCAX4     icg            2        14.364
TLATNTSCAX3     icg            4        27.360
TLATNTSCAX2     icg          610      3963.780
AO22X4          logic          1         3.762
-----------------------------------------------



Please note that the following tables reflect only the defined clock trees, so the flop counts might not include all flops in your design.

Clock Tree Summary:
===================

------------------------------------------------------------------------------------------------------------------------------------------------------------
Clock Tree                      Clock  Bufs  Invs  Other  Max       Max     Max      Max          Standard   Wire   Gate   Clock Tree Root
Name                            Gates              Clock  Non-leaf  Leaf    Length   Source-sink  cell area  cap    cap    
                                                   Cells  Fanout    Fanout  (um)     Resistance   (um^2)     (pF)   (pF)   
                                                                                     (Ohms)                                
------------------------------------------------------------------------------------------------------------------------------------------------------------
clk                              691   733    2      1       3       1215   473.635    4630.25    6826.662   6.802  2.154  clk
clk_generator_for_flash_clk<1>     0     2    0      1       1          2   167.565    1659.42      15.048   0.022  0.053  soc/spimemio/config_clk_reg/Q
clk_generator_for_flash_clk<2>     0     2    1      1       1         23   167.565    1659.42      16.074   0.029  0.061  soc/spimemio/config_en_reg/Q
clk_generator_for_flash_clk<3>     0     4    0      1       2          2   167.565    1659.42      18.468   0.024  0.055  soc/spimemio/xfer/flash_clk_reg/Q
------------------------------------------------------------------------------------------------------------------------------------------------------------

4 clock trees contain a total of 12 nets marked dont_touch, which will not have been buffered, and may have Design Rule Violations as a consequence.
4 clock trees contain a total of 12 nets marked ideal_network, which will not have been buffered, and may have Design Rule Violations as a consequence.

Clock Sink Summary:
===================

---------------------------------------------------------------------------------------------------------------------------------------------------------------
Clock Tree                      Explicit      Implicit      Explicit     Implicit     Explicit   Implicit   Posedge  Negedge  Memory  Enable  Non enable  Other
Name                            exclude pins  exclude pins  ignore pins  ignore pins  stop pins  stop pins  Flops    Flops    Clock   Latch   Latch       Sinks
                                                                                                                              Pins    Sinks   Sinks       
---------------------------------------------------------------------------------------------------------------------------------------------------------------
clk                                  0             0             0            0           0          0       9011       0       4       0         0        26
clk_generator_for_flash_clk<1>       0             0             0            0           0          0          0       0       0       0         0         2
clk_generator_for_flash_clk<2>       0             0            21            0           0          0          0       0       0       0         0        23
clk_generator_for_flash_clk<3>       0             0             5            0           0          0          0       0       0       0         0         5
---------------------------------------------------------------------------------------------------------------------------------------------------------------

Summary across all clock trees:
===============================

------------------------------------------------------------------------------------------------------------
Clock  Bufs  Invs  Other  Max       Average   Max     Average  Max      Max          Standard   Wire   Gate
Gates              Clock  Non-leaf  Non-leaf  Leaf    Leaf     Length   Source-sink  cell area  cap    cap
                   Cells  Fanout    Fanout    Fanout  Fanout   (um)     Resistance   (um^2)     (pF)   (pF)
                                                                        (Ohms)                         
------------------------------------------------------------------------------------------------------------
 691   733    2      1       3      1.09595    1215   12.7526  473.635    463.025    6826.662   6.802  2.154
------------------------------------------------------------------------------------------------------------

Clock Sink Summary across all clock trees:
==========================================

-------------------------------------------------------------------------------------------------------------------------------
Explicit      Implicit      Explicit     Implicit     Explicit   Implicit   Posedge  Negedge  Memory  Enable  Non enable  Other
exclude pins  exclude pins  ignore pins  ignore pins  stop pins  stop pins  Flops    Flops    Clock   Latch   Latch       Sinks
                                                                                              Pins    Sinks   Sinks       
-------------------------------------------------------------------------------------------------------------------------------
     0             0            26            0           0          0       9011       0       4       0         0        26
-------------------------------------------------------------------------------------------------------------------------------

Physical metrics across all clock trees:
========================================

-----------------------------------------------------------------------
Metric                               Minimum  Average  Maximum  Std.dev
-----------------------------------------------------------------------
Source-sink routed net length (um)    0.000   35.461   473.635  68.573
Source-sink manhattan distance (um)   0.950   33.846   813.835  67.681
Source-sink resistance (Ohm)          0.000   67.614   463.025  62.884
-----------------------------------------------------------------------

Transition distribution for half-corner delay_max:setup.late:
=============================================================

------------------------------------------------------------------------------------------------------------------------------------------------------------------------------------------------------------------------------
Net Type    Target    Count    Average    Std. Dev.    Min      Max      Distribution                                                                    Over Target
------------------------------------------------------------------------------------------------------------------------------------------------------------------------------------------------------------------------------
Trunk       0.093      667      0.041       0.014      0.032    0.093    {599 <= 0.056ns, 14 <= 0.075ns, 27 <= 0.084ns, 8 <= 0.089ns, 19 <= 0.093ns}                                       -
Leaf        0.093      764      0.070       0.011      0.000    0.096    {35 <= 0.056ns, 539 <= 0.075ns, 81 <= 0.084ns, 49 <= 0.089ns, 59 <= 0.093ns}    {1 <= 0.098ns, 0 <= 0.103ns, 0 <= 0.112ns, 0 <= 0.140ns, 0 > 0.140ns}
------------------------------------------------------------------------------------------------------------------------------------------------------------------------------------------------------------------------------

Count of violations across all clock trees:
===========================================

-----------------------------------------------------------------------------------------------------------
Clock Tree                      # Max capacitance  # Max resistance  # Max length  # Max fanout  # Slew
Name                            violations         violations        violations    violations    violations
-----------------------------------------------------------------------------------------------------------
clk                                     0                 0               0             1            0
clk_generator_for_flash_clk<1>          0                 0               0             0            0
clk_generator_for_flash_clk<2>          0                 0               0             0            0
clk_generator_for_flash_clk<3>          0                 0               0             0            2
-----------------------------------------------------------------------------------------------------------
Total                                   0                 0               0             1            2
-----------------------------------------------------------------------------------------------------------

Note the above table per clock tree is based on CCOpt clock tree view. The violations are counted across half corners.

Found a total of 0 clock tree pins with max capacitance violations.
Found a total of 0 clock tree nets with max resistance violations.
Found a total of 0 clock tree nets with max length violations.
Found a total of 1 clock tree net with max fanout violations.

Max fanout violation summary across all clock trees - Top 1 violation:
======================================================================

Target and measured fanout (in #):

--------------------------------------------------------------------------------------------------------
Target  Achieved  Dont   Ideal  Net  Node                                Location           Power domain
                  touch  net?                                                               
                  net?                                                                      
--------------------------------------------------------------------------------------------------------
 100      1215    Y      N      clk  the root driver for clock_tree clk  (664.800,280.000)  auto-default
--------------------------------------------------------------------------------------------------------

Found a total of 2 clock tree pins with a slew violation.

Slew violation summary across all clock trees - Top 2 violating pins:
=====================================================================

Target and measured clock slews (in ns):

---------------------------------------------------------------------------------------------------
Half corner           Violation  Slew    Slew      Dont   Ideal  Target         Pin
                      amount     target  achieved  touch  net?   source         
                                                   net?                         
---------------------------------------------------------------------------------------------------
delay_max:setup.late    0.002    0.093    0.096    N      N      auto computed  flash_clk
delay_max:setup.late    0.002    0.093    0.096    N      N      auto computed  CTS_csf_buf_00116/Y
---------------------------------------------------------------------------------------------------

Target sources:
auto extracted - target was extracted from SDC.
auto computed - target was computed when balancing trees.
explicit - target is explicitly set via target_max_trans property.
pin explicit - target is explicitly set for this pin via pin_target_max_trans property.
liberty explicit - target is explicitly set via max_transition from liberty library.

Found 0 pins on nets marked dont_touch that have slew violations.
Found 0 pins on nets marked dont_touch that do not have slew violations.
Found 0 pins on nets marked ideal_network that have slew violations.
Found 0 pins on nets marked ideal_network that do not have slew violations.


Report for clock tree: clk:
===========================

Clock Tree Gating Structure (Logical):

# Full cycle clock gates   :  691
Minimum clock gating depth :    0
Maximum clock gating depth :    1
Clock gate area (um^2)     : 4868.028

Clock Tree Buffering Structure (Logical):

# Buffers             :  733
# Inverters           :    2
  Total               :  735
Minimum depth         :    0
Maximum depth         :    5
Buffering area (um^2) : 1954.872

Clock Tree Level Structure (Logical):

-----------------------------------------------------------------
Level  Full   Posedge  Negedge  Memory  Enable  Non enable  Other
       Cycle  Flops    Flops    Clock   Latch   Latch       Sinks
                                Pins    Sinks   Sinks       
-----------------------------------------------------------------
root    691     521       0       4       0         0        26
  1       0    8490       0       0       0         0         0
-----------------------------------------------------------------
Total   691    9011       0       4       0         0        26
-----------------------------------------------------------------

Target and measured clock slews (in ns):

------------------------------------------------------------------------------------------------------------------------------------
Timing Corner          Worst Rising  Worst Falling  Worst Rising  Worst Falling  Leaf Slew      Leaf Slew  Trunk Slew     Trunk Slew
                       Leaf Slew     Leaf Slew      Trunk Slew    Trunk Slew     Target Type    Target     Target Type    Target
------------------------------------------------------------------------------------------------------------------------------------
delay_max:setup.early     0.093          0.096         0.092          0.092      ignored            -      ignored            -
delay_max:setup.late      0.093          0.096         0.092          0.093      auto computed  *0.093     auto computed   0.093
delay_min:hold.early      0.026          0.026         0.023          0.021      ignored            -      ignored            -
delay_min:hold.late       0.027          0.027         0.023          0.021      ignored            -      ignored            -
delay_typ:both.early      0.026          0.026         0.023          0.021      ignored            -      ignored            -
delay_typ:both.late       0.027          0.027         0.023          0.021      ignored            -      ignored            -
------------------------------------------------------------------------------------------------------------------------------------

Report for clock tree: clk_generator_for_flash_clk<1>:
======================================================

Clock Tree Gating Structure (Logical):

# Full cycle clock gates   : 0
Minimum clock gating depth : 0
Maximum clock gating depth : 0
Clock gate area (um^2)     : 0.000

Clock Tree Buffering Structure (Logical):

# Buffers             :  2
# Inverters           :  0
  Total               :  2
Minimum depth         :  0
Maximum depth         :  3
Buffering area (um^2) : 11.286

Clock Tree Level Structure (Logical):

-----------------------------------------------------------------
Level  Full   Posedge  Negedge  Memory  Enable  Non enable  Other
       Cycle  Flops    Flops    Clock   Latch   Latch       Sinks
                                Pins    Sinks   Sinks       
-----------------------------------------------------------------
root     0       0        0       0       0         0         2
-----------------------------------------------------------------
Total    0       0        0       0       0         0         2
-----------------------------------------------------------------

Target and measured clock slews (in ns):

------------------------------------------------------------------------------------------------------------------------------------
Timing Corner          Worst Rising  Worst Falling  Worst Rising  Worst Falling  Leaf Slew      Leaf Slew  Trunk Slew     Trunk Slew
                       Leaf Slew     Leaf Slew      Trunk Slew    Trunk Slew     Target Type    Target     Target Type    Target
------------------------------------------------------------------------------------------------------------------------------------
delay_max:setup.early     0.084          0.096         0.084          0.087      ignored            -      ignored            -
delay_max:setup.late      0.088          0.096         0.088          0.088      auto computed  *0.093     auto computed   0.093
delay_min:hold.early      0.023          0.024         0.019          0.020      ignored            -      ignored            -
delay_min:hold.late       0.023          0.024         0.020          0.020      ignored            -      ignored            -
delay_typ:both.early      0.023          0.024         0.019          0.020      ignored            -      ignored            -
delay_typ:both.late       0.023          0.024         0.020          0.020      ignored            -      ignored            -
------------------------------------------------------------------------------------------------------------------------------------

Report for clock tree: clk_generator_for_flash_clk<2>:
======================================================

Clock Tree Gating Structure (Logical):

# Full cycle clock gates   : 0
Minimum clock gating depth : 0
Maximum clock gating depth : 0
Clock gate area (um^2)     : 0.000

Clock Tree Buffering Structure (Logical):

# Buffers             :  2
# Inverters           :  1
  Total               :  3
Minimum depth         :  0
Maximum depth         :  4
Buffering area (um^2) : 12.312

Clock Tree Level Structure (Logical):

-----------------------------------------------------------------
Level  Full   Posedge  Negedge  Memory  Enable  Non enable  Other
       Cycle  Flops    Flops    Clock   Latch   Latch       Sinks
                                Pins    Sinks   Sinks       
-----------------------------------------------------------------
root     0       0        0       0       0         0        23
-----------------------------------------------------------------
Total    0       0        0       0       0         0        23
-----------------------------------------------------------------

Target and measured clock slews (in ns):

------------------------------------------------------------------------------------------------------------------------------------
Timing Corner          Worst Rising  Worst Falling  Worst Rising  Worst Falling  Leaf Slew      Leaf Slew  Trunk Slew     Trunk Slew
                       Leaf Slew     Leaf Slew      Trunk Slew    Trunk Slew     Target Type    Target     Target Type    Target
------------------------------------------------------------------------------------------------------------------------------------
delay_max:setup.early     0.084          0.096         0.084          0.087      ignored            -      ignored            -
delay_max:setup.late      0.088          0.096         0.088          0.088      auto computed  *0.093     auto computed   0.093
delay_min:hold.early      0.023          0.024         0.019          0.020      ignored            -      ignored            -
delay_min:hold.late       0.023          0.024         0.020          0.020      ignored            -      ignored            -
delay_typ:both.early      0.023          0.024         0.019          0.020      ignored            -      ignored            -
delay_typ:both.late       0.023          0.024         0.020          0.020      ignored            -      ignored            -
------------------------------------------------------------------------------------------------------------------------------------

Report for clock tree: clk_generator_for_flash_clk<3>:
======================================================

Clock Tree Gating Structure (Logical):

# Full cycle clock gates   : 0
Minimum clock gating depth : 0
Maximum clock gating depth : 0
Clock gate area (um^2)     : 0.000

Clock Tree Buffering Structure (Logical):

# Buffers             :  4
# Inverters           :  0
  Total               :  4
Minimum depth         :  1
Maximum depth         :  4
Buffering area (um^2) : 14.706

Clock Tree Level Structure (Logical):

-----------------------------------------------------------------
Level  Full   Posedge  Negedge  Memory  Enable  Non enable  Other
       Cycle  Flops    Flops    Clock   Latch   Latch       Sinks
                                Pins    Sinks   Sinks       
-----------------------------------------------------------------
root     0       0        0       0       0         0         5
-----------------------------------------------------------------
Total    0       0        0       0       0         0         5
-----------------------------------------------------------------

Target and measured clock slews (in ns):

------------------------------------------------------------------------------------------------------------------------------------
Timing Corner          Worst Rising  Worst Falling  Worst Rising  Worst Falling  Leaf Slew      Leaf Slew  Trunk Slew     Trunk Slew
                       Leaf Slew     Leaf Slew      Trunk Slew    Trunk Slew     Target Type    Target     Target Type    Target
------------------------------------------------------------------------------------------------------------------------------------
delay_max:setup.early     0.084          0.096         0.084          0.087      ignored            -      ignored            -
delay_max:setup.late      0.088          0.096         0.088          0.088      auto computed  *0.093     auto computed   0.093
delay_min:hold.early      0.023          0.024         0.019          0.020      ignored            -      ignored            -
delay_min:hold.late       0.023          0.024         0.020          0.020      ignored            -      ignored            -
delay_typ:both.early      0.023          0.024         0.019          0.020      ignored            -      ignored            -
delay_typ:both.late       0.023          0.024         0.020          0.020      ignored            -      ignored            -
------------------------------------------------------------------------------------------------------------------------------------

* - indicates that target was not met.

auto extracted - target was extracted from SDC.
auto computed - target was computed when balancing trees.

