###############################################################
#  Generated by:      Cadence Innovus 21.11-s130_1
#  OS:                Linux x86_64(Host ID et4351.ewi.tudelft.nl)
#  Generated on:      Mon Apr  6 12:11:22 2026
#  Design:            et4351
#  Command:           report_constraint > initialReports/report_constraint.rpt
###############################################################
# format : frame 1 : split 1

max_delay/setup
---------------------------
     +---------------------------------------------------+ 
     |   End Point | Slack | Cause |                View | 
     |-------------+-------+-------+---------------------| 
     | flash_io0 f | 1.766 |   MET | analysis_view_setup | 
     +---------------------------------------------------+ 

Check type : clock_period
---------------------------
No paths found

Check type : skew
---------------------------
No paths found

Check type : pulse_width
---------------------------
     +------------------------------------------------------------------------------------------------+ 
     |                       SEQUENTIAL CLOCK PULSE WIDTH                       |                     | 
     |--------------------------------------------------------------------------+---------------------| 
     | Pin                                          | Required | Actual | Slack | View Name           | 
     |                                              |  Pulse   |  Pulse |       |                     | 
     |                                              |  Width   |  Width |       |                     | 
     |----------------------------------------------+----------+--------+-------+---------------------| 
     | soc/simpleuart/send_pattern_reg_0_/CK (high) |  0.177   |  7.400 | 7.223 | analysis_view_setup | 
     +------------------------------------------------------------------------------------------------+ 

Check type : max_transition
---------------------------
  Pin : soc/g2986/A0 	 View : analysis_view_power
 
  max_transition :     0.280
- Transition Time:     1.671
-----------------------------------------------------
  slack          :    -1.391 ( VIOLATED )

Check type : max_capacitance
---------------------------
  Pin : clk 	 View : analysis_view_power
 
  max_capacitance :     0.250
- Capacitance     :     2.175
-----------------------------------------------------
  slack          :    -1.925 ( VIOLATED )

Check type : max_fanout
---------------------------
 No Check found
