###############################################################
#  Generated by:      Cadence Innovus 21.11-s130_1
#  OS:                Linux x86_64(Host ID et4351.ewi.tudelft.nl)
#  Generated on:      Wed Apr  8 23:44:07 2026
#  Design:            et4351
#  Command:           report_ports > initialReports/report_ports.rpt
###############################################################
     +--------------------------------------------------------------------------------------------------------+ 
     |           |       |               |                                |      Early      |      Late       | 
     |-----------+-------+---------------+--------------------------------+-----------------+-----------------| 
     |  Pin Name |  Dir  |   Assertion   |           Clock Name           |  Rise  |  Fall  |  Rise  |  Fall  | 
     |-----------+-------+---------------+--------------------------------+--------+--------+--------+--------| 
     | flash_io0 |  BIDI |   external    | flash_clk(C)(P)(analysis_view_ |  0.000 |  0.000 |  5.000 |  5.000 | 
     |           |       |               |             hold)              |        |        |        |        | 
     | flash_io0 |  BIDI |   external    | flash_clk(C)(P)(analysis_view_ |  0.000 |  0.000 |  5.000 |  5.000 | 
     |           |       |               |             setup)             |        |        |        |        | 
     | flash_io0 |  BIDI |   external    | flash_clk(C)(P)(analysis_view_ |  0.000 |  0.000 |  5.000 |  5.000 | 
     |           |       |               |             power)             |        |        |        |        | 
     | flash_io1 |  BIDI |   external    | flash_clk(C)(P)(analysis_view_ |  0.000 |  0.000 |  5.000 |  5.000 | 
     |           |       |               |             setup)             |        |        |        |        | 
     | flash_io1 |  BIDI |   external    | flash_clk(C)(P)(analysis_view_ |  0.000 |  0.000 |  5.000 |  5.000 | 
     |           |       |               |             power)             |        |        |        |        | 
     | flash_io1 |  BIDI |   external    | flash_clk(C)(P)(analysis_view_ |  0.000 |  0.000 |  5.000 |  5.000 | 
     |           |       |               |             hold)              |        |        |        |        | 
     | flash_io2 |  BIDI |   external    | flash_clk(C)(P)(analysis_view_ |  0.000 |  0.000 |  5.000 |  5.000 | 
     |           |       |               |             power)             |        |        |        |        | 
     | flash_io2 |  BIDI |   external    | flash_clk(C)(P)(analysis_view_ |  0.000 |  0.000 |  5.000 |  5.000 | 
     |           |       |               |             setup)             |        |        |        |        | 
     | flash_io2 |  BIDI |   external    | flash_clk(C)(P)(analysis_view_ |  0.000 |  0.000 |  5.000 |  5.000 | 
     |           |       |               |             hold)              |        |        |        |        | 
     | flash_io3 |  BIDI |   external    | flash_clk(C)(P)(analysis_view_ |  0.000 |  0.000 |  5.000 |  5.000 | 
     |           |       |               |             setup)             |        |        |        |        | 
     | flash_io3 |  BIDI |   external    | flash_clk(C)(P)(analysis_view_ |  0.000 |  0.000 |  5.000 |  5.000 | 
     |           |       |               |             hold)              |        |        |        |        | 
     | flash_io3 |  BIDI |   external    | flash_clk(C)(P)(analysis_view_ |  0.000 |  0.000 |  5.000 |  5.000 | 
     |           |       |               |             power)             |        |        |        |        | 
     |    clk    |  IN   |  drive_cell   |  *(D)(P)(analysis_view_hold)   |  INVX1 |  INVX1 |  INVX1 |  INVX1 | 
     |    clk    |  IN   |  clock_root   | clk(C)(P)(analysis_view_power) |        |        |        |        | 
     |    clk    |  IN   |  drive_cell   |  *(D)(P)(analysis_view_setup)  |  INVX1 |  INVX1 |  INVX1 |  INVX1 | 
     |    clk    |  IN   |  clock_root   | clk(C)(P)(analysis_view_setup) |        |        |        |        | 
     |    clk    |  IN   |  drive_cell   |  *(D)(P)(analysis_view_power)  |  INVX1 |  INVX1 |  INVX1 |  INVX1 | 
     |    clk    |  IN   |  clock_root   |  clk(C)(P)(analysis_view_hold) |        |        |        |        | 
     |  resetn   |  IN   |  drive_cell   |  *(D)(P)(analysis_view_hold)   |  INVX1 |  INVX1 |  INVX1 |  INVX1 | 
     |  resetn   |  IN   |  drive_cell   |  *(D)(P)(analysis_view_power)  |  INVX1 |  INVX1 |  INVX1 |  INVX1 | 
     |  resetn   |  IN   |  drive_cell   |  *(D)(P)(analysis_view_setup)  |  INVX1 |  INVX1 |  INVX1 |  INVX1 | 
     |  ser_rx   |  IN   |  drive_cell   |  *(D)(P)(analysis_view_hold)   |  INVX1 |  INVX1 |  INVX1 |  INVX1 | 
     |  ser_rx   |  IN   |  drive_cell   |  *(D)(P)(analysis_view_power)  |  INVX1 |  INVX1 |  INVX1 |  INVX1 | 
     |  ser_rx   |  IN   |  drive_cell   |  *(D)(P)(analysis_view_setup)  |  INVX1 |  INVX1 |  INVX1 |  INVX1 | 
     | flash_io0 |  INTL |     input     | flash_clk(D)(P)(analysis_view_ | 20.833 | 20.833 | 25.833 | 25.833 | 
     |           |       |               |             setup)             |        |        |        |        | 
     | flash_io0 |  INTL |     input     | flash_clk(D)(P)(analysis_view_ | 20.833 | 20.833 | 25.833 | 25.833 | 
     |           |       |               |             hold)              |        |        |        |        | 
     | flash_io0 |  INTL |  drive_cell   |  *(D)(P)(analysis_view_hold)   |  INVX1 |  INVX1 |  INVX1 |  INVX1 | 
     | flash_io0 |  INTL |  drive_cell   |  *(D)(P)(analysis_view_setup)  |  INVX1 |  INVX1 |  INVX1 |  INVX1 | 
     | flash_io0 |  INTL |     input     | flash_clk(D)(P)(analysis_view_ | 20.833 | 20.833 | 25.833 | 25.833 | 
     |           |       |               |             power)             |        |        |        |        | 
     | flash_io0 |  INTL |  drive_cell   |  *(D)(P)(analysis_view_power)  |  INVX1 |  INVX1 |  INVX1 |  INVX1 | 
     | flash_io1 |  INTL |     input     | flash_clk(D)(P)(analysis_view_ | 20.833 | 20.833 | 25.833 | 25.833 | 
     |           |       |               |             hold)              |        |        |        |        | 
     | flash_io1 |  INTL |     input     | flash_clk(D)(P)(analysis_view_ | 20.833 | 20.833 | 25.833 | 25.833 | 
     |           |       |               |             setup)             |        |        |        |        | 
     | flash_io1 |  INTL |  drive_cell   |  *(D)(P)(analysis_view_power)  |  INVX1 |  INVX1 |  INVX1 |  INVX1 | 
     | flash_io1 |  INTL |     input     | flash_clk(D)(P)(analysis_view_ | 20.833 | 20.833 | 25.833 | 25.833 | 
     |           |       |               |             power)             |        |        |        |        | 
     | flash_io1 |  INTL |  drive_cell   |  *(D)(P)(analysis_view_hold)   |  INVX1 |  INVX1 |  INVX1 |  INVX1 | 
     | flash_io1 |  INTL |  drive_cell   |  *(D)(P)(analysis_view_setup)  |  INVX1 |  INVX1 |  INVX1 |  INVX1 | 
     | flash_io2 |  INTL |     input     | flash_clk(D)(P)(analysis_view_ | 20.833 | 20.833 | 25.833 | 25.833 | 
     |           |       |               |             hold)              |        |        |        |        | 
     | flash_io2 |  INTL |  drive_cell   |  *(D)(P)(analysis_view_hold)   |  INVX1 |  INVX1 |  INVX1 |  INVX1 | 
     | flash_io2 |  INTL |     input     | flash_clk(D)(P)(analysis_view_ | 20.833 | 20.833 | 25.833 | 25.833 | 
     |           |       |               |             power)             |        |        |        |        | 
     | flash_io2 |  INTL |  drive_cell   |  *(D)(P)(analysis_view_setup)  |  INVX1 |  INVX1 |  INVX1 |  INVX1 | 
     | flash_io2 |  INTL |     input     | flash_clk(D)(P)(analysis_view_ | 20.833 | 20.833 | 25.833 | 25.833 | 
     |           |       |               |             setup)             |        |        |        |        | 
     | flash_io2 |  INTL |  drive_cell   |  *(D)(P)(analysis_view_power)  |  INVX1 |  INVX1 |  INVX1 |  INVX1 | 
     | flash_io3 |  INTL |     input     | flash_clk(D)(P)(analysis_view_ | 20.833 | 20.833 | 25.833 | 25.833 | 
     |           |       |               |             power)             |        |        |        |        | 
     | flash_io3 |  INTL |     input     | flash_clk(D)(P)(analysis_view_ | 20.833 | 20.833 | 25.833 | 25.833 | 
     |           |       |               |             hold)              |        |        |        |        | 
     | flash_io3 |  INTL |  drive_cell   |  *(D)(P)(analysis_view_hold)   |  INVX1 |  INVX1 |  INVX1 |  INVX1 | 
     | flash_io3 |  INTL |  drive_cell   |  *(D)(P)(analysis_view_setup)  |  INVX1 |  INVX1 |  INVX1 |  INVX1 | 
     | flash_io3 |  INTL |     input     | flash_clk(D)(P)(analysis_view_ | 20.833 | 20.833 | 25.833 | 25.833 | 
     |           |       |               |             setup)             |        |        |        |        | 
     | flash_io3 |  INTL |  drive_cell   |  *(D)(P)(analysis_view_power)  |  INVX1 |  INVX1 |  INVX1 |  INVX1 | 
     | flash_clk |  OUT  | derived_clock | flash_clk(C)(P)(analysis_view_ |        |        |        |        | 
     |           |       |               |             setup)             |        |        |        |        | 
     | flash_clk |  OUT  | derived_clock | flash_clk(C)(P)(analysis_view_ |        |        |        |        | 
     |           |       |               |             power)             |        |        |        |        | 
     | flash_clk |  OUT  | derived_clock | flash_clk(C)(P)(analysis_view_ |        |        |        |        | 
     |           |       |               |             hold)              |        |        |        |        | 
     | flash_csb |  OUT  |   external    | flash_clk(C)(P)(analysis_view_ |  0.000 |  0.000 |  5.000 |  5.000 | 
     |           |       |               |             power)             |        |        |        |        | 
     | flash_csb |  OUT  |   external    | flash_clk(C)(P)(analysis_view_ |  0.000 |  0.000 |  5.000 |  5.000 | 
     |           |       |               |             setup)             |        |        |        |        | 
     | flash_csb |  OUT  |   external    | flash_clk(C)(P)(analysis_view_ |  0.000 |  0.000 |  5.000 |  5.000 | 
     |           |       |               |             hold)              |        |        |        |        | 
     |  ser_tx   |  OUT  |               |                                |        |        |        |        | 
     +--------------------------------------------------------------------------------------------------------+ 
     +-----------------------------------------------------------------------------+ 
     |  Pin Name |  Dir  |  Assertion |        Value         |        View         | 
     |-----------+-------+------------+----------------------+---------------------| 
     |    clk    |  IN   | slew_limit |         (  : 0.280 ) | analysis_view_setup | 
     |    clk    |  IN   | slew_limit |         (  : 0.280 ) | analysis_view_power | 
     |  resetn   |  IN   | slew_limit |         (  : 0.280 ) | analysis_view_setup | 
     |  resetn   |  IN   | slew_limit |         (  : 0.280 ) | analysis_view_power | 
     |  ser_tx   |  OUT  |  port_cap  | ( 0.050 :  : 0.050 ) | analysis_view_setup | 
     |  ser_tx   |  OUT  |  port_cap  | ( 0.050 :  : 0.050 ) | analysis_view_power | 
     |  ser_rx   |  IN   | slew_limit |         (  : 0.280 ) | analysis_view_setup | 
     |  ser_rx   |  IN   | slew_limit |         (  : 0.280 ) | analysis_view_power | 
     | flash_csb |  OUT  |  port_cap  | ( 0.050 :  : 0.050 ) | analysis_view_setup | 
     | flash_csb |  OUT  |  port_cap  | ( 0.050 :  : 0.050 ) | analysis_view_power | 
     | flash_clk |  OUT  |  port_cap  | ( 0.050 :  : 0.050 ) | analysis_view_setup | 
     | flash_clk |  OUT  |  port_cap  | ( 0.050 :  : 0.050 ) | analysis_view_power | 
     | flash_io0 |  BIDI |  port_cap  | ( 0.050 :  : 0.050 ) | analysis_view_setup | 
     | flash_io0 |  BIDI |  port_cap  | ( 0.050 :  : 0.050 ) | analysis_view_power | 
     | flash_io1 |  BIDI |  port_cap  | ( 0.050 :  : 0.050 ) | analysis_view_setup | 
     | flash_io1 |  BIDI |  port_cap  | ( 0.050 :  : 0.050 ) | analysis_view_power | 
     | flash_io2 |  BIDI |  port_cap  | ( 0.050 :  : 0.050 ) | analysis_view_setup | 
     | flash_io2 |  BIDI |  port_cap  | ( 0.050 :  : 0.050 ) | analysis_view_power | 
     | flash_io3 |  BIDI |  port_cap  | ( 0.050 :  : 0.050 ) | analysis_view_setup | 
     | flash_io3 |  BIDI |  port_cap  | ( 0.050 :  : 0.050 ) | analysis_view_power | 
     | flash_io3 |  INTL | slew_limit |         (  : 0.280 ) | analysis_view_setup | 
     | flash_io3 |  INTL | slew_limit |         (  : 0.280 ) | analysis_view_power | 
     | flash_io2 |  INTL | slew_limit |         (  : 0.280 ) | analysis_view_setup | 
     | flash_io2 |  INTL | slew_limit |         (  : 0.280 ) | analysis_view_power | 
     | flash_io1 |  INTL | slew_limit |         (  : 0.280 ) | analysis_view_setup | 
     | flash_io1 |  INTL | slew_limit |         (  : 0.280 ) | analysis_view_power | 
     | flash_io0 |  INTL | slew_limit |         (  : 0.280 ) | analysis_view_setup | 
     | flash_io0 |  INTL | slew_limit |         (  : 0.280 ) | analysis_view_power | 
     +-----------------------------------------------------------------------------+ 
