###############################################################
#  Generated by:      Cadence Innovus 21.11-s130_1
#  OS:                Linux x86_64(Host ID et4351.ewi.tudelft.nl)
#  Generated on:      Thu Apr  9 22:37:10 2026
#  Design:            et4351
#  Command:           report_ccopt_clock_trees -file clockReports/CT.rpt
###############################################################

Clock DAG stats:
================

--------------------------------------------------------------
Cell type                     Count    Area        Capacitance
--------------------------------------------------------------
Buffers                        163     1051.308       0.244
Inverters                        0        0.000       0.000
Integrated Clock Gates           2       17.442       0.000
Non-Integrated Clock Gates       0        0.000       0.000
Clock Logic                      1        2.394       0.001
All                            166     1071.144       0.245
--------------------------------------------------------------


Clock DAG wire lengths:
=======================

--------------------
Type     Wire Length
--------------------
Top           0.000
Trunk      5808.280
Leaf      41358.335
Total     47166.615
--------------------


Clock DAG hp wire lengths:
==========================

-----------------------
Type     hp Wire Length
-----------------------
Top            0.000
Trunk       4826.380
Leaf       12132.963
Total      16959.343
-----------------------


Clock DAG capacitances:
=======================

--------------------------------
Type     Gate     Wire     Total
--------------------------------
Top      0.000    0.000    0.000
Trunk    0.238    0.396    0.634
Leaf     1.931    3.019    4.950
Total    2.169    3.416    5.585
--------------------------------


Clock DAG sink capacitances:
============================

--------------------------------------------------------
Count    Total    Average    Std. Dev.    Min      Max
--------------------------------------------------------
8901     1.924     0.000       0.001      0.000    0.050
--------------------------------------------------------


Clock DAG net violations:
=========================

--------------------------------------------------------------------------------------------
Type                    Units    Count    Average    Std. Dev.    Sum      Top 10 violations
--------------------------------------------------------------------------------------------
Remaining Transition    ns         1       0.003       0.000      0.003    [0.003]
--------------------------------------------------------------------------------------------


Clock DAG primary half-corner transition distribution:
======================================================

---------------------------------------------------------------------------------------------------------------------------------------------------------------------------------------------------------------------------
Net Type    Target    Count    Average    Std. Dev.    Min      Max      Distribution                                                                 Over Target
---------------------------------------------------------------------------------------------------------------------------------------------------------------------------------------------------------------------------
Trunk       0.093       48      0.059       0.025      0.000    0.093    {23 <= 0.056ns, 8 <= 0.075ns, 9 <= 0.084ns, 2 <= 0.089ns, 6 <= 0.093ns}                                        -
Leaf        0.093      125      0.083       0.013      0.022    0.096    {7 <= 0.056ns, 9 <= 0.075ns, 29 <= 0.084ns, 27 <= 0.089ns, 52 <= 0.093ns}    {1 <= 0.098ns, 0 <= 0.103ns, 0 <= 0.112ns, 0 <= 0.140ns, 0 > 0.140ns}
---------------------------------------------------------------------------------------------------------------------------------------------------------------------------------------------------------------------------


Clock DAG library cell distribution:
====================================

-------------------------------------------
Name          Type      Inst     Inst Area 
                        Count    (um^2)
-------------------------------------------
CLKBUFX20     buffer     90       738.720
CLKBUFX16     buffer     13        88.920
CLKBUFX12     buffer     28       143.640
CLKBUFX8      buffer      2         7.524
CLKBUFX6      buffer      2         6.156
DLY1X4        buffer      3        11.286
DLY4X4        buffer      1        10.602
CLKBUFX4      buffer      2         4.788
CLKBUFX3      buffer      6        12.312
CLKBUFX2      buffer     16        27.360
TLATNCAX12    icg         1         9.576
TLATNCAX8     icg         1         7.866
MX2X1         logic       1         2.394
-------------------------------------------



Please note that the following tables reflect only the defined clock trees, so the flop counts might not include all flops in your design.

Clock Tree Summary:
===================

------------------------------------------------------------------------------------------------------------------------------------------------------------
Clock Tree                      Clock  Bufs  Invs  Other  Max       Max     Max      Max          Standard   Wire   Gate   Clock Tree Root
Name                            Gates              Clock  Non-leaf  Leaf    Length   Source-sink  cell area  cap    cap    
                                                   Cells  Fanout    Fanout  (um)     Resistance   (um^2)     (pF)   (pF)   
                                                                                     (Ohms)                                
------------------------------------------------------------------------------------------------------------------------------------------------------------
clk                               2    163    0      1       11      100    393.205    3686.82    1071.144   3.416  2.169  clk
clk_generator_for_flash_clk<1>    0      3    0      1        2        2     84.225    1030.2       14.706   0.013  0.053  soc/spimemio/config_clk_reg/Q
clk_generator_for_flash_clk<2>    0      3    0      1        2        9     84.225    1030.2       23.598   0.020  0.056  soc/spimemio/config_en_reg/Q
clk_generator_for_flash_clk<3>    0      4    0      1        2        9     84.225    1030.2       16.758   0.018  0.056  soc/spimemio/xfer/flash_clk_reg/Q
------------------------------------------------------------------------------------------------------------------------------------------------------------

Clock Sink Summary:
===================

---------------------------------------------------------------------------------------------------------------------------------------------------------------
Clock Tree                      Explicit      Implicit      Explicit     Implicit     Explicit   Implicit   Posedge  Negedge  Memory  Enable  Non enable  Other
Name                            exclude pins  exclude pins  ignore pins  ignore pins  stop pins  stop pins  Flops    Flops    Clock   Latch   Latch       Sinks
                                                                                                                              Pins    Sinks   Sinks       
---------------------------------------------------------------------------------------------------------------------------------------------------------------
clk                                  0             0             0            0           0          0       8872       4       4       0         0        21
clk_generator_for_flash_clk<1>       0             0             1            0           0          0          0       0       0       0         0         3
clk_generator_for_flash_clk<2>       0             0             9            0           0          0          0       0       0       0         0        11
clk_generator_for_flash_clk<3>       0             0            11            0           0          0          0       0       0       0         0        11
---------------------------------------------------------------------------------------------------------------------------------------------------------------

Summary across all clock trees:
===============================

------------------------------------------------------------------------------------------------------------
Clock  Bufs  Invs  Other  Max       Average   Max     Average  Max      Max          Standard   Wire   Gate
Gates              Clock  Non-leaf  Non-leaf  Leaf    Leaf     Length   Source-sink  cell area  cap    cap
                   Cells  Fanout    Fanout    Fanout  Fanout   (um)     Resistance   (um^2)     (pF)   (pF)
                                                                        (Ohms)                         
------------------------------------------------------------------------------------------------------------
  2    163    0      1       11     3.66667    100    71.256   393.205    368.682    1071.144   3.416  2.169
------------------------------------------------------------------------------------------------------------

Clock Sink Summary across all clock trees:
==========================================

-------------------------------------------------------------------------------------------------------------------------------
Explicit      Implicit      Explicit     Implicit     Explicit   Implicit   Posedge  Negedge  Memory  Enable  Non enable  Other
exclude pins  exclude pins  ignore pins  ignore pins  stop pins  stop pins  Flops    Flops    Clock   Latch   Latch       Sinks
                                                                                              Pins    Sinks   Sinks       
-------------------------------------------------------------------------------------------------------------------------------
     0             0            21            0           0          0       8872       4       4       0         0        21
-------------------------------------------------------------------------------------------------------------------------------

Physical metrics across all clock trees:
========================================

-----------------------------------------------------------------------
Metric                               Minimum  Average  Maximum  Std.dev
-----------------------------------------------------------------------
Source-sink routed net length (um)    2.110    79.564  393.205  59.537
Source-sink manhattan distance (um)   2.860    76.548  390.875  58.898
Source-sink resistance (Ohm)         27.993   128.213  368.682  53.470
-----------------------------------------------------------------------

Transition distribution for half-corner delay_max:setup.late:
=============================================================

---------------------------------------------------------------------------------------------------------------------------------------------------------------------------------------------------------------------------
Net Type    Target    Count    Average    Std. Dev.    Min      Max      Distribution                                                                 Over Target
---------------------------------------------------------------------------------------------------------------------------------------------------------------------------------------------------------------------------
Trunk       0.093       45      0.063       0.020      0.029    0.093    {20 <= 0.056ns, 8 <= 0.075ns, 9 <= 0.084ns, 2 <= 0.089ns, 6 <= 0.093ns}                                        -
Leaf        0.093      125      0.083       0.013      0.022    0.096    {7 <= 0.056ns, 9 <= 0.075ns, 29 <= 0.084ns, 27 <= 0.089ns, 52 <= 0.093ns}    {1 <= 0.098ns, 0 <= 0.103ns, 0 <= 0.112ns, 0 <= 0.140ns, 0 > 0.140ns}
---------------------------------------------------------------------------------------------------------------------------------------------------------------------------------------------------------------------------

Count of violations across all clock trees:
===========================================

-----------------------------------------------------------------------------------------------------------
Clock Tree                      # Max capacitance  # Max resistance  # Max length  # Max fanout  # Slew
Name                            violations         violations        violations    violations    violations
-----------------------------------------------------------------------------------------------------------
clk                                     0                 0               0             0            0
clk_generator_for_flash_clk<1>          0                 0               0             0            0
clk_generator_for_flash_clk<2>          0                 0               0             0            0
clk_generator_for_flash_clk<3>          0                 0               0             0            2
-----------------------------------------------------------------------------------------------------------
Total                                   0                 0               0             0            2
-----------------------------------------------------------------------------------------------------------

Note the above table per clock tree is based on CCOpt clock tree view. The violations are counted across half corners.

Found a total of 0 clock tree pins with max capacitance violations.
Found a total of 0 clock tree nets with max resistance violations.
Found a total of 0 clock tree nets with max length violations.
Found a total of 0 clock tree nets with max fanout violations.
Found a total of 2 clock tree pins with a slew violation.

Slew violation summary across all clock trees - Top 2 violating pins:
=====================================================================

Target and measured clock slews (in ns):

---------------------------------------------------------------------------------------------------
Half corner           Violation  Slew    Slew      Dont   Ideal  Target         Pin
                      amount     target  achieved  touch  net?   source         
                                                   net?                         
---------------------------------------------------------------------------------------------------
delay_max:setup.late    0.003    0.093    0.096    N      N      auto computed  flash_clk
delay_max:setup.late    0.003    0.093    0.096    N      N      auto computed  CTS_csf_buf_00525/Y
---------------------------------------------------------------------------------------------------

Target sources:
auto extracted - target was extracted from SDC.
auto computed - target was computed when balancing trees.
explicit - target is explicitly set via target_max_trans property.
pin explicit - target is explicitly set for this pin via pin_target_max_trans property.
liberty explicit - target is explicitly set via max_transition from liberty library.

Found 0 pins on nets marked dont_touch that have slew violations.
Found 0 pins on nets marked dont_touch that do not have slew violations.
Found 0 pins on nets marked ideal_network that have slew violations.
Found 0 pins on nets marked ideal_network that do not have slew violations.


Report for clock tree: clk:
===========================

Clock Tree Gating Structure (Logical):

# Full cycle clock gates   :  2
Minimum clock gating depth :  0
Maximum clock gating depth :  1
Clock gate area (um^2)     : 17.442

Clock Tree Buffering Structure (Logical):

# Buffers             :  163
# Inverters           :    0
  Total               :  163
Minimum depth         :    3
Maximum depth         :    7
Buffering area (um^2) : 1051.308

Clock Tree Level Structure (Logical):

-----------------------------------------------------------------
Level  Full   Posedge  Negedge  Memory  Enable  Non enable  Other
       Cycle  Flops    Flops    Clock   Latch   Latch       Sinks
                                Pins    Sinks   Sinks       
-----------------------------------------------------------------
root     2     2588       4       4       0         0        21
  1      0     6284       0       0       0         0         0
-----------------------------------------------------------------
Total    2     8872       4       4       0         0        21
-----------------------------------------------------------------

Target and measured clock slews (in ns):

------------------------------------------------------------------------------------------------------------------------------------
Timing Corner          Worst Rising  Worst Falling  Worst Rising  Worst Falling  Leaf Slew      Leaf Slew  Trunk Slew     Trunk Slew
                       Leaf Slew     Leaf Slew      Trunk Slew    Trunk Slew     Target Type    Target     Target Type    Target
------------------------------------------------------------------------------------------------------------------------------------
delay_max:setup.early     0.080          0.096         0.092          0.091      ignored            -      ignored            -
delay_max:setup.late      0.081          0.096         0.093          0.091      auto computed  *0.093     auto computed   0.093
delay_min:hold.early      0.027          0.028         0.104          0.118      ignored            -      ignored            -
delay_min:hold.late       0.028          0.028         0.108          0.122      ignored            -      ignored            -
delay_typ:both.early      0.027          0.028         0.104          0.118      ignored            -      ignored            -
delay_typ:both.late       0.028          0.028         0.108          0.122      ignored            -      ignored            -
------------------------------------------------------------------------------------------------------------------------------------

Report for clock tree: clk_generator_for_flash_clk<1>:
======================================================

Clock Tree Gating Structure (Logical):

# Full cycle clock gates   : 0
Minimum clock gating depth : 0
Maximum clock gating depth : 0
Clock gate area (um^2)     : 0.000

Clock Tree Buffering Structure (Logical):

# Buffers             :  3
# Inverters           :  0
  Total               :  3
Minimum depth         :  0
Maximum depth         :  3
Buffering area (um^2) : 12.312

Clock Tree Level Structure (Logical):

-----------------------------------------------------------------
Level  Full   Posedge  Negedge  Memory  Enable  Non enable  Other
       Cycle  Flops    Flops    Clock   Latch   Latch       Sinks
                                Pins    Sinks   Sinks       
-----------------------------------------------------------------
root     0       0        0       0       0         0         3
-----------------------------------------------------------------
Total    0       0        0       0       0         0         3
-----------------------------------------------------------------

Target and measured clock slews (in ns):

------------------------------------------------------------------------------------------------------------------------------------
Timing Corner          Worst Rising  Worst Falling  Worst Rising  Worst Falling  Leaf Slew      Leaf Slew  Trunk Slew     Trunk Slew
                       Leaf Slew     Leaf Slew      Trunk Slew    Trunk Slew     Target Type    Target     Target Type    Target
------------------------------------------------------------------------------------------------------------------------------------
delay_max:setup.early     0.080          0.096         0.068          0.082      ignored            -      ignored            -
delay_max:setup.late      0.080          0.096         0.068          0.083      auto computed  *0.093     auto computed   0.093
delay_min:hold.early      0.023          0.024         0.018          0.019      ignored            -      ignored            -
delay_min:hold.late       0.023          0.024         0.019          0.019      ignored            -      ignored            -
delay_typ:both.early      0.023          0.024         0.018          0.019      ignored            -      ignored            -
delay_typ:both.late       0.023          0.024         0.019          0.019      ignored            -      ignored            -
------------------------------------------------------------------------------------------------------------------------------------

Report for clock tree: clk_generator_for_flash_clk<2>:
======================================================

Clock Tree Gating Structure (Logical):

# Full cycle clock gates   : 0
Minimum clock gating depth : 0
Maximum clock gating depth : 0
Clock gate area (um^2)     : 0.000

Clock Tree Buffering Structure (Logical):

# Buffers             :  3
# Inverters           :  0
  Total               :  3
Minimum depth         :  0
Maximum depth         :  3
Buffering area (um^2) : 21.204

Clock Tree Level Structure (Logical):

-----------------------------------------------------------------
Level  Full   Posedge  Negedge  Memory  Enable  Non enable  Other
       Cycle  Flops    Flops    Clock   Latch   Latch       Sinks
                                Pins    Sinks   Sinks       
-----------------------------------------------------------------
root     0       0        0       0       0         0        11
-----------------------------------------------------------------
Total    0       0        0       0       0         0        11
-----------------------------------------------------------------

Target and measured clock slews (in ns):

------------------------------------------------------------------------------------------------------------------------------------
Timing Corner          Worst Rising  Worst Falling  Worst Rising  Worst Falling  Leaf Slew      Leaf Slew  Trunk Slew     Trunk Slew
                       Leaf Slew     Leaf Slew      Trunk Slew    Trunk Slew     Target Type    Target     Target Type    Target
------------------------------------------------------------------------------------------------------------------------------------
delay_max:setup.early     0.080          0.096         0.068          0.082      ignored            -      ignored            -
delay_max:setup.late      0.080          0.096         0.068          0.083      auto computed  *0.093     auto computed   0.093
delay_min:hold.early      0.023          0.024         0.018          0.019      ignored            -      ignored            -
delay_min:hold.late       0.023          0.024         0.019          0.019      ignored            -      ignored            -
delay_typ:both.early      0.023          0.024         0.018          0.019      ignored            -      ignored            -
delay_typ:both.late       0.023          0.024         0.019          0.019      ignored            -      ignored            -
------------------------------------------------------------------------------------------------------------------------------------

Report for clock tree: clk_generator_for_flash_clk<3>:
======================================================

Clock Tree Gating Structure (Logical):

# Full cycle clock gates   : 0
Minimum clock gating depth : 0
Maximum clock gating depth : 0
Clock gate area (um^2)     : 0.000

Clock Tree Buffering Structure (Logical):

# Buffers             :  4
# Inverters           :  0
  Total               :  4
Minimum depth         :  2
Maximum depth         :  4
Buffering area (um^2) : 14.364

Clock Tree Level Structure (Logical):

-----------------------------------------------------------------
Level  Full   Posedge  Negedge  Memory  Enable  Non enable  Other
       Cycle  Flops    Flops    Clock   Latch   Latch       Sinks
                                Pins    Sinks   Sinks       
-----------------------------------------------------------------
root     0       0        0       0       0         0        11
-----------------------------------------------------------------
Total    0       0        0       0       0         0        11
-----------------------------------------------------------------

Target and measured clock slews (in ns):

------------------------------------------------------------------------------------------------------------------------------------
Timing Corner          Worst Rising  Worst Falling  Worst Rising  Worst Falling  Leaf Slew      Leaf Slew  Trunk Slew     Trunk Slew
                       Leaf Slew     Leaf Slew      Trunk Slew    Trunk Slew     Target Type    Target     Target Type    Target
------------------------------------------------------------------------------------------------------------------------------------
delay_max:setup.early     0.080          0.096         0.068          0.082      ignored            -      ignored            -
delay_max:setup.late      0.080          0.096         0.068          0.083      auto computed  *0.093     auto computed   0.093
delay_min:hold.early      0.023          0.024         0.018          0.019      ignored            -      ignored            -
delay_min:hold.late       0.023          0.024         0.019          0.019      ignored            -      ignored            -
delay_typ:both.early      0.023          0.024         0.018          0.019      ignored            -      ignored            -
delay_typ:both.late       0.023          0.024         0.019          0.019      ignored            -      ignored            -
------------------------------------------------------------------------------------------------------------------------------------

* - indicates that target was not met.

auto extracted - target was extracted from SDC.
auto computed - target was computed when balancing trees.

