#                           Extraction Statistics File
# Design "et4351"
#
+---------------------------------------------------------------------------------------------------------------------+
|                                        Incremental Extraction Statistics                                            |
+--+----------------------+----------------------+---------------------------------------+----------------------------+
|S.|         Nets         | Nets with Parasitic  |           Extraction Time             |      Region Extracted      |
|No| Total   Added Deleted| Total   New-RC New-C |Extraction RC-Network Others    Total  |  Percentage   Distribution |
+--+--------+------+------+--------+------+------+---------+---------+---------+---------+--------------+-------------+
| 0|   77860|     0|     0|   77062|     0|     0|  0:03:15|0:00:06.0|0:00:28.2|  0:03:49|100.00-100.00%|          0.0|
| 1|   78236|   376|     0|   77438|  5469| 61310|  0:03:11|0:00:07.6|0:00:27.4|  0:03:46|  -nan- 86.16%|000000000-1.4|
| 2|   78310|    74|     0|   77512|   588| 58985|  0:03:00|0:00:08.1|0:00:25.8|  0:03:34|  -nan- 63.84%|000000000-1.8|
| 3|   78357|    47|     0|   77559|   723| 53910|  0:02:47|0:00:08.2|0:00:23.6|  0:03:18|  -nan- 55.37%|000000000-2.1|
| 4|   78368|    11|     0|   77570|    57| 21560|  0:02:01|0:00:04.5|0:00:16.1|  0:02:21|  -nan- 18.60%|000000000-3.1|
| 5|   78381|    13|     0|   77583|    83| 35609|  0:02:25|0:00:06.2|0:00:19.8|  0:02:51|  -nan- 32.85%|000000000-3.0|
| 6|   78387|     6|     0|   77589|    28| 20829|  0:02:00|0:00:05.3|0:00:15.9|  0:02:21|  -nan- 18.18%|000000000-3.8|
| 7|   78388|     1|     0|   77590|    70| 15851|  0:02:01|0:00:04.1|0:00:15.5|  0:02:21|  -nan- 11.57%|000000000-3.7|
+--+--------+------+------+--------+------+------+---------+---------+---------+---------+--------------+-------------+

#
# This file was generated by Innovus v21.11-s130_1 on Wed Apr  8 02:24:18 2026

