###############################################################
#  Generated by:      Cadence Innovus 21.11-s130_1
#  OS:                Linux x86_64(Host ID et4351.ewi.tudelft.nl)
<<<<<<< Updated upstream
#  Generated on:      Wed Apr  8 19:48:27 2026
=======
#  Generated on:      Wed Apr  8 23:53:31 2026
>>>>>>> Stashed changes
#  Design:            et4351
#  Command:           checkPlace verifyReports/checkPlace.rpt
###############################################################

## No violations found ##

## Summary: 
#########################################################
<<<<<<< Updated upstream
## Number of Placed Instances = 38716
##   of which 4 are fixed.
## Number of Unplaced Instances = 0
## Placement Density:41.42%(129855/313515)
## Placement Density (including fixed std cells):41.42%(129855/313515)
=======
## Number of Placed Instances = 38717
##   of which 4 are fixed.
## Number of Unplaced Instances = 0
## Placement Density:41.40%(129802/313515)
## Placement Density (including fixed std cells):41.40%(129802/313515)
>>>>>>> Stashed changes
