###############################################################
#  Generated by:      Cadence Innovus 21.11-s130_1
#  OS:                Linux x86_64(Host ID et4351.ewi.tudelft.nl)
#  Generated on:      Fri Apr  3 20:24:17 2026
#  Design:            et4351
#  Command:           check_timing -verbose > verifyReports/cts_check_timing.rpt
###############################################################
     +----------------------------------------------------------------------------------+ 
     |                               TIMING CHECK SUMMARY                               | 
     |----------------------------------------------------------------------------------| 
     |       Warning        |              Warning Description               |  Number  | 
     |                      |                                                |    of    | 
     |                      |                                                | Warnings | 
     |----------------------+------------------------------------------------+----------| 
     | ideal_clock_waveform | Clock waveform is ideal                        |        4 | 
     | no_input_delay       | No input delay assertion with respect to clock |        4 | 
     | uncons_endpoint      | Unconstrained signal arriving at end point     |       30 | 
     +----------------------------------------------------------------------------------+ 
     +--------------------------------------------------------------------------------------------------------+ 
     |                                          TIMING CHECK DETAIL                                           | 
     |--------------------------------------------------------------------------------------------------------| 
     |               Pin               |                    Warning                     |        View         | 
     |---------------------------------+------------------------------------------------+---------------------| 
     |             resetn              | No input delay assertion with respect to clock | analysis_view_setup | 
     |             ser_rx              | No input delay assertion with respect to clock | analysis_view_setup | 
     |             resetn              | No input delay assertion with respect to clock | analysis_view_power | 
     |             ser_rx              | No input delay assertion with respect to clock | analysis_view_power | 
     |             ser_tx              | Unconstrained signal arriving at end point     | analysis_view_setup | 
     | soc/spimemio/xfer_io1_90_reg/SN | Unconstrained signal arriving at end point     | analysis_view_setup | 
     |      resetn_sync_int_reg/D      | Unconstrained signal arriving at end point     | analysis_view_setup | 
     |             ser_tx              | Unconstrained signal arriving at end point     | analysis_view_power | 
     | soc/spimemio/xfer_io1_90_reg/SN | Unconstrained signal arriving at end point     | analysis_view_power | 
     |      resetn_sync_int_reg/D      | Unconstrained signal arriving at end point     | analysis_view_power | 
     |      soc/memory/sram_1/CSB      | Unconstrained signal arriving at end point     | analysis_view_setup | 
     |      soc/memory/sram_3/CSB      | Unconstrained signal arriving at end point     | analysis_view_setup | 
     | soc/spimemio/xfer_io1_90_reg/RN | Unconstrained signal arriving at end point     | analysis_view_setup | 
     | soc/spimemio/xfer_io3_90_reg/RN | Unconstrained signal arriving at end point     | analysis_view_setup | 
     | soc/spimemio/xfer_io3_90_reg/SN | Unconstrained signal arriving at end point     | analysis_view_setup | 
     |      soc/memory/sram_1/CSB      | Unconstrained signal arriving at end point     | analysis_view_power | 
     |      soc/memory/sram_3/CSB      | Unconstrained signal arriving at end point     | analysis_view_power | 
     | soc/spimemio/xfer_io1_90_reg/RN | Unconstrained signal arriving at end point     | analysis_view_power | 
     | soc/spimemio/xfer_io3_90_reg/RN | Unconstrained signal arriving at end point     | analysis_view_power | 
     | soc/spimemio/xfer_io3_90_reg/SN | Unconstrained signal arriving at end point     | analysis_view_power | 
     |      soc/memory/sram_0/CSB      | Unconstrained signal arriving at end point     | analysis_view_setup | 
     |      soc/memory/sram_2/CSB      | Unconstrained signal arriving at end point     | analysis_view_setup | 
     | soc/spimemio/xfer_io2_90_reg/RN | Unconstrained signal arriving at end point     | analysis_view_setup | 
     | soc/spimemio/xfer_io2_90_reg/SN | Unconstrained signal arriving at end point     | analysis_view_setup | 
     |      soc/memory/sram_0/CSB      | Unconstrained signal arriving at end point     | analysis_view_power | 
     |      soc/memory/sram_2/CSB      | Unconstrained signal arriving at end point     | analysis_view_power | 
     | soc/spimemio/xfer_io2_90_reg/RN | Unconstrained signal arriving at end point     | analysis_view_power | 
     | soc/spimemio/xfer_io2_90_reg/SN | Unconstrained signal arriving at end point     | analysis_view_power | 
     |            flash_clk            | Unconstrained signal arriving at end point     | analysis_view_setup | 
     | soc/spimemio/xfer_io0_90_reg/RN | Unconstrained signal arriving at end point     | analysis_view_setup | 
     | soc/spimemio/xfer_io0_90_reg/SN | Unconstrained signal arriving at end point     | analysis_view_setup | 
     |            flash_clk            | Unconstrained signal arriving at end point     | analysis_view_power | 
     | soc/spimemio/xfer_io0_90_reg/RN | Unconstrained signal arriving at end point     | analysis_view_power | 
     | soc/spimemio/xfer_io0_90_reg/SN | Unconstrained signal arriving at end point     | analysis_view_power | 
     +--------------------------------------------------------------------------------------------------------+ 
     +---------------------------------+ 
     |    TIMING CHECK IDEAL CLOCKS    | 
     |---------------------------------| 
     |   Clock   |        View         | 
     |  Waveform |                     | 
     |-----------+---------------------| 
     |    clk    | analysis_view_power | 
     |    clk    | analysis_view_setup | 
     | flash_clk | analysis_view_power | 
     | flash_clk | analysis_view_setup | 
     +---------------------------------+ 
