###############################################################
#  Generated by:      Cadence Innovus 21.11-s130_1
#  OS:                Linux x86_64(Host ID et4351.ewi.tudelft.nl)
<<<<<<< Updated upstream
#  Generated on:      Wed Apr  8 20:36:35 2026
#  Design:            et4351
#  Command:           verifyConnectivity -type all -error 1000 -warning 50 -report verifyReports/verifyConnectivity.rpt
###############################################################
Verify Connectivity Report is created on Wed Apr  8 20:36:35 2026
=======
#  Generated on:      Thu Apr  9 01:16:53 2026
#  Design:            et4351
#  Command:           verifyConnectivity -type all -error 1000 -warning 50 -report verifyReports/verifyConnectivity.rpt
###############################################################
Verify Connectivity Report is created on Thu Apr  9 01:16:53 2026
>>>>>>> Stashed changes




Multi-CPU acceleration using 4 CPU


Use pthread


Begin Summary
    Found no problems or warnings.
End Summary
