*----------------------------------------------------------------------------------------
*	Innovus 21.11-s130_1 (64bit) 08/19/2021 16:59 (Linux 3.10.0-693.el7.x86_64)
*	
*
* 	Date & Time:	2026-Apr-08 22:06:13 (2026-Apr-08 20:06:13 GMT)
*
*----------------------------------------------------------------------------------------
*
*	Design: et4351
*
*	Liberty Libraries used: 
*	        analysis_view_power: /home/nfs/rlongomalinski/project_ee_daniel_check/pnr/checkpoints/et4351_bufferfix_drvclean.enc.dat/libs/mmmc/fast_vdd1v2_basicCells.lib
*	        analysis_view_power: /home/nfs/rlongomalinski/project_ee_daniel_check/pnr/checkpoints/et4351_bufferfix_drvclean.enc.dat/libs/mmmc/saed32sram_tt1p05v125c.lib
*
*	Power Domain used: 
*              Rail:        VDD      Voltage:       1.32 
*
*       Power View : analysis_view_power
*
*       User-Defined Activity : N.A.
*
*	Switching Activity File used: 
*	        /home/nfs/rlongomalinski/project_ee_daniel_check/pnr/checkpoints/et4351_bufferfix_drvclean.enc.dat/libs/power/et4351.struct.vcd
*                    Vcd Window used(Start Time, Stop Time):   
*                     Vcd Scale Factor: 1 
* *                    Design annotation coverage: 0/55988 = 0% 
*
*       Hierarchical Global Activity: N.A.
*
*       Global Activity: N.A.
*
*       Sequential Element Activity: N.A.
*
*       Primary Input Activity: N.A.
*
*       Default icg ratio: N.A.
*
*       Global Comb ClockGate Ratio: N.A.
*
*	Power Units = 1mW
*
*	Time Units = 1e-09 secs 
*
*       report_power -outfile finalReports/report_power.rpt -hierarchy all
*
-----------------------------------------------------------------------------------------


Total Power 
-----------------------------------------------------------------------------------------
Total Internal Power:        0.29664211 	   66.1484%
Total Switching Power:       0.12909477 	   28.7869%
Total Leakage Power:         0.02271269 	    5.0647%
Total Power:                 0.44844957 
-----------------------------------------------------------------------------------------


Group                           Internal   Switching     Leakage       Total  Percentage 
                                Power      Power         Power         Power  (%)        
-----------------------------------------------------------------------------------------
Sequential                        0.2318   0.0006949    0.007061      0.2396       53.43 
Macro                                  0   1.336e-05           0   1.336e-05    0.002978 
IO                                     0           0   3.042e-07   3.042e-07   6.783e-05 
Combinational                    0.03188     0.05627     0.01539      0.1035       23.09 
Clock (Combinational)            0.03249     0.07184   0.0002589      0.1046       23.32 
Clock (Sequential)              0.000436   0.0002785   3.064e-06   0.0007175        0.16 
-----------------------------------------------------------------------------------------
Total                             0.2966      0.1291     0.02271      0.4484         100 
-----------------------------------------------------------------------------------------


Clock                           Internal   Switching     Leakage       Total  Percentage 
                                Power      Power         Power         Power  (%)        
-----------------------------------------------------------------------------------------
clk                              0.03293     0.07212   0.0002619      0.1053       23.48 
-----------------------------------------------------------------------------------------
Total (excluding duplicates)     0.03293     0.07212   0.0002619      0.1053       23.48 
-----------------------------------------------------------------------------------------
Clock: clk
Clock Period: 0.083330 usec 
Clock Toggle Rate:    23.9682 Mhz 
Clock Static Probability:  0.4997



Rail                  Voltage   Internal   Switching     Leakage       Total  Percentage 
                                Power      Power         Power         Power  (%)        
-----------------------------------------------------------------------------------------
VDD                      1.32     0.2966      0.1291     0.02271      0.4484         100 


Total Power 
-----------------------------------------------------------------------------------------
Total Internal Power:        0.29664211 	   66.1484%
Total Switching Power:       0.12909477 	   28.7869%
Total Leakage Power:         0.02271269 	    5.0647%
Total Power:                 0.44844957 
-----------------------------------------------------------------------------------------


Hierarchy                       Internal   Switching     Leakage       Total  Percentage 
                                Power      Power         Power         Power  (%)        
-----------------------------------------------------------------------------------------
soc                               0.1452     0.04299    0.007413      0.1956       43.61  
accel                             0.1478     0.07906     0.01526      0.2421       53.98  
flash_bufs_0_                  2.875e-06   9.801e-06   2.019e-06    1.47e-05    0.003277  
flash_bufs_1_                          0   9.194e-05   2.388e-06   9.433e-05     0.02103  
flash_bufs_2_                          0           0   4.485e-06   4.485e-06       0.001  
flash_bufs_3_                          0           0   3.292e-06   3.292e-06   0.0007342  
soc/memory                     4.961e-06    2.35e-05   9.118e-06   3.758e-05     0.00838  
accel/fft                        0.06146     0.05356     0.00926      0.1243       27.71  
accel/mem                        0.07661     0.02084    0.005532       0.103       22.96  
soc/cpu                           0.1165     0.02988    0.006437      0.1528       34.07  
soc/simpleuart                   0.01069    0.000731   0.0003981     0.01181       2.635  
soc/spimemio                     0.01407    0.003863   0.0004703     0.01841       4.105  
soc/cpu/genblk1.pcpi_mul         0.01235    8.96e-06   0.0005933     0.01296       2.889  
soc/cpu/genblk2.pcpi_div        0.009815   5.639e-06   0.0006061     0.01043       2.325  
soc/spimemio/xfer               0.005487    0.002179   0.0001418    0.007808       1.741  


-----------------------------------------------------------------------------------------
*	Power Distribution Summary: 
*                Highest Average Power:   soc/CTS_ccl_a_buf_00008 (CLKBUFX20):         0.001922 
*                Highest Leakage Power: accel/mem/FE_OFC671_FE_DBTN65_mem_wstrb_1 (CLKBUFX20):        2.278e-06 
*          Total Cap:      1.9081e-10 F
*          Total instances in design: 54376
*          Total instances in design with no power:     0
*          Total instances in design with no activity:     0
*          Total Fillers and Decap:     0
-----------------------------------------------------------------------------------------

