============================================================
  Generated by:           Genus(TM) Synthesis Solution 21.10-p002_1
  Generated on:           Apr 03 2026  05:03:55 pm
  Module:                 et4351
  Technology libraries:   slow_vdd1v0 1.0
                          saed32sram_ss0p95vn40c 1.0000000
                          physical_cells 
  Operating conditions:   PVT_0P9V_125C 
  Interconnect mode:      global
  Area mode:              physical library
============================================================

       Instance                              Module                        Cell Count  Cell Area  Net Area   Total Area 
------------------------------------------------------------------------------------------------------------------------
et4351                                                                          48224 186716.473 63117.585   249834.058 
  accel                accelerator                                              35321 110109.294 46688.639   156797.933 
    fft                accelerator_fft_LOG_MAX_N32_MEM_WIDTH24_ADDR_WIDTH       24312  72353.178 32320.463   104673.641 
    mem                accelerator_mem_MEM_DEPTH64_DATA_WIDTH24                  8229  28047.078 10881.130    38928.208 
  flash_bufs_0_        bidir_buf_2679                                               1      7.866     0.000        7.866 
  flash_bufs_1_        bidir_buf_2680                                               1      7.866     0.000        7.866 
  flash_bufs_2_        bidir_buf_2681                                               1      7.866     0.000        7.866 
  flash_bufs_3_        bidir_buf                                                    1      7.866     0.000        7.866 
  soc                  picosoc                                                  12897  76561.009 16158.378    92719.387 
    cpu                picorv32_ENABLE_COUNTERS1_BARREL_SHIFTER1_COMPRESS       11264  36968.148 14204.821    51172.969 
      genblk1.pcpi_mul picorv32_pcpi_mul                                          829   2768.490   918.744     3687.234 
      genblk2.pcpi_div picorv32_pcpi_div                                          992   3369.726  1170.705     4540.431 
    memory             picosoc_mem_WORDS256                                         8  34537.759     2.965    34540.724 
    simpleuart         simpleuart                                                 721   2139.894   748.756     2888.650 
    spimemio           spimemio                                                   704   2440.512   758.182     3198.694 
      xfer             spimemio_xfer                                              239    709.992   255.477      965.469 
