============================================================
  Generated by:           Genus(TM) Synthesis Solution 21.10-p002_1
  Generated on:           Mar 13 2026  12:19:27 am
  Module:                 et4351
  Technology libraries:   slow_vdd1v0 1.0
                          saed32sram_ss0p95vn40c 1.0000000
                          physical_cells 
  Operating conditions:   PVT_0P9V_125C 
  Interconnect mode:      global
  Area mode:              physical library
============================================================

                                    
    Gate      Instances     Area             Library          
--------------------------------------------------------------
ADDFX1             2086   10701.180    slow_vdd1v0            
ADDFX2                2      15.732    slow_vdd1v0            
ADDHX1              415    1561.230    slow_vdd1v0            
AND2X1             2628    3595.104    slow_vdd1v0            
AND2X2              237     405.270    slow_vdd1v0            
AND2X4               52     142.272    slow_vdd1v0            
AND2X6               56     210.672    slow_vdd1v0            
AND2X8              108     480.168    slow_vdd1v0            
AND3X1               14      33.516    slow_vdd1v0            
AND3X2                8      21.888    slow_vdd1v0            
AND3X4                2       6.156    slow_vdd1v0            
AND3X6                4      17.784    slow_vdd1v0            
AND3X8                8      41.040    slow_vdd1v0            
AND3XL               66     135.432    slow_vdd1v0            
AND4X1               37      88.578    slow_vdd1v0            
AND4X2               17      52.326    slow_vdd1v0            
AO21X1               75     179.550    slow_vdd1v0            
AO21X2               14      38.304    slow_vdd1v0            
AO21X4               24      82.080    slow_vdd1v0            
AO22X1             3332    9116.352    slow_vdd1v0            
AO22X2                3       9.234    slow_vdd1v0            
AOI211X2              3      10.260    slow_vdd1v0            
AOI211X4              1       6.498    slow_vdd1v0            
AOI21X1            2472    4227.120    slow_vdd1v0            
AOI21X2             132     361.152    slow_vdd1v0            
AOI221X2              7      31.122    slow_vdd1v0            
AOI222X2             20     109.440    slow_vdd1v0            
AOI22X2            1241    4668.642    slow_vdd1v0            
AOI2BB1X1            22      45.144    slow_vdd1v0            
AOI2BB1X2             1       3.078    slow_vdd1v0            
AOI2BB2X2            17      87.210    slow_vdd1v0            
AOI31X2               2       6.840    slow_vdd1v0            
BUFX12               25     128.250    slow_vdd1v0            
BUFX16                7      47.880    slow_vdd1v0            
BUFX2               277     473.670    slow_vdd1v0            
BUFX20                4      32.832    slow_vdd1v0            
BUFX3                36      73.872    slow_vdd1v0            
BUFX4                 8      19.152    slow_vdd1v0            
BUFX6                 6      18.468    slow_vdd1v0            
BUFX8                 5      18.810    slow_vdd1v0            
CLKAND2X12          108     812.592    slow_vdd1v0            
CLKAND2X2             3       6.156    slow_vdd1v0            
CLKAND2X4             4      13.680    slow_vdd1v0            
CLKBUFX12             1       5.130    slow_vdd1v0            
CLKBUFX16             2      13.680    slow_vdd1v0            
CLKBUFX2             75     128.250    slow_vdd1v0            
CLKBUFX20             8      65.664    slow_vdd1v0            
CLKBUFX3              3       6.156    slow_vdd1v0            
CLKBUFX4              2       4.788    slow_vdd1v0            
CLKBUFX6              1       3.078    slow_vdd1v0            
CLKINVX12            25     102.600    slow_vdd1v0            
CLKINVX16            77     421.344    slow_vdd1v0            
CLKINVX20             1       6.498    slow_vdd1v0            
CLKINVX3              5       8.550    slow_vdd1v0            
CLKINVX4            331     566.010    slow_vdd1v0            
CLKINVX6             83     198.702    slow_vdd1v0            
CLKINVX8             70     215.460    slow_vdd1v0            
CLKMX2X2              3       9.234    slow_vdd1v0            
CLKMX2X3             32     131.328    slow_vdd1v0            
CLKMX2X4              3      12.312    slow_vdd1v0            
CLKMX2X6             31     137.826    slow_vdd1v0            
CLKMX2X8              7      40.698    slow_vdd1v0            
CLKXOR2X1           112     306.432    slow_vdd1v0            
CLKXOR2X2             1       3.420    slow_vdd1v0            
CLKXOR2X8             5      29.070    slow_vdd1v0            
DFFHQX1            1927   10544.544    slow_vdd1v0            
DFFHQX2              37     253.080    slow_vdd1v0            
DFFHQX4              87     714.096    slow_vdd1v0            
DFFHQX8              87     803.358    slow_vdd1v0            
DFFNSRX1              4      36.936    slow_vdd1v0            
DFFQX2              344    2235.312    slow_vdd1v0            
DFFQX4               81     581.742    slow_vdd1v0            
DFFQXL                2      10.944    slow_vdd1v0            
DFFRHQX1             81     498.636    slow_vdd1v0            
DFFRHQX2              7      55.062    slow_vdd1v0            
DFFRHQX4             13     124.488    slow_vdd1v0            
DFFRX1                2      13.680    slow_vdd1v0            
DFFRX2               63     474.012    slow_vdd1v0            
DFFRX4                2      19.152    slow_vdd1v0            
DFFSHQX1             13      84.474    slow_vdd1v0            
DFFSHQX4              1       9.576    slow_vdd1v0            
DFFSHQX8              1      10.602    slow_vdd1v0            
DFFSX1                1       7.524    slow_vdd1v0            
DFFSX4                1      10.944    slow_vdd1v0            
DFFTRX2             146    1198.368    slow_vdd1v0            
DFFTRXL              15     117.990    slow_vdd1v0            
DFFX1                 3      21.546    slow_vdd1v0            
DFFX2                 2      16.416    slow_vdd1v0            
DFFX4                 2      18.468    slow_vdd1v0            
EDFFHQX1           4215   36038.250    slow_vdd1v0            
EDFFHQX2              6      53.352    slow_vdd1v0            
EDFFX2                1       9.234    slow_vdd1v0            
INVX1               839     573.876    slow_vdd1v0            
INVX2               290     297.540    slow_vdd1v0            
INVX20               10      64.980    slow_vdd1v0            
INVX3               160     218.880    slow_vdd1v0            
INVX4                 3       5.130    slow_vdd1v0            
INVX6                21      50.274    slow_vdd1v0            
INVX8                 8      24.624    slow_vdd1v0            
INVXL                12       8.208    slow_vdd1v0            
MDFFHQX1              1       8.550    slow_vdd1v0            
MDFFHQX2              1       9.234    slow_vdd1v0            
MDFFHQX4             10      92.340    slow_vdd1v0            
MX2X1               480    1149.120    slow_vdd1v0            
MX3X1                12      61.560    slow_vdd1v0            
MX3XL                 8      38.304    slow_vdd1v0            
MXI2X1                2       5.472    slow_vdd1v0            
MXI2X2              527    2343.042    slow_vdd1v0            
MXI2X6                2      10.260    slow_vdd1v0            
MXI2X8                9      55.404    slow_vdd1v0            
NAND2BX1            264     361.152    slow_vdd1v0            
NAND2BX2             28      67.032    slow_vdd1v0            
NAND2BX4             18      67.716    slow_vdd1v0            
NAND2X1             943     967.518    slow_vdd1v0            
NAND2X2              79     135.090    slow_vdd1v0            
NAND2X4              15      51.300    slow_vdd1v0            
NAND2X8               1       5.472    slow_vdd1v0            
NAND3BX2             13      40.014    slow_vdd1v0            
NAND3X2              40     109.440    slow_vdd1v0            
NOR2BX1            2284    3124.512    slow_vdd1v0            
NOR2BX2              34      93.024    slow_vdd1v0            
NOR2BX4              14      52.668    slow_vdd1v0            
NOR2X1              859     881.334    slow_vdd1v0            
NOR2X2               86     147.060    slow_vdd1v0            
NOR2X4              410    1261.980    slow_vdd1v0            
NOR2X6               18      73.872    slow_vdd1v0            
NOR2X8                4      21.888    slow_vdd1v0            
NOR3BX4               4      23.256    slow_vdd1v0            
NOR3X2                8      21.888    slow_vdd1v0            
NOR3X4                1       5.130    slow_vdd1v0            
NOR4BBX2              1       5.130    slow_vdd1v0            
NOR4BX2               1       4.788    slow_vdd1v0            
NOR4BX4               2      15.048    slow_vdd1v0            
NOR4X2                6      20.520    slow_vdd1v0            
NOR4X4                5      32.490    slow_vdd1v0            
OA21X1               48      98.496    slow_vdd1v0            
OA21X2                5      15.390    slow_vdd1v0            
OA22X1              151     361.494    slow_vdd1v0            
OAI21X1             206     352.260    slow_vdd1v0            
OAI21X2              18      55.404    slow_vdd1v0            
OAI21X4               1       4.788    slow_vdd1v0            
OAI22X2              53     181.260    slow_vdd1v0            
OAI2BB1X1           797    1362.870    slow_vdd1v0            
OAI2BB1X2            93     286.254    slow_vdd1v0            
OAI2BB1X4             6      26.676    slow_vdd1v0            
OAI31X2               2       7.524    slow_vdd1v0            
OAI32X2               2       8.892    slow_vdd1v0            
OR2X1               191     261.288    slow_vdd1v0            
OR2X2                78     133.380    slow_vdd1v0            
OR2X4                36      98.496    slow_vdd1v0            
OR2X6                75     282.150    slow_vdd1v0            
OR2X8                18      80.028    slow_vdd1v0            
OR3X1                77     158.004    slow_vdd1v0            
OR3X2                41      98.154    slow_vdd1v0            
OR3X4                 3       9.234    slow_vdd1v0            
OR3X6                 1       4.788    slow_vdd1v0            
OR3X8                32     175.104    slow_vdd1v0            
OR4X1               313     642.276    slow_vdd1v0            
OR4X2                13      44.460    slow_vdd1v0            
OR4X4                34     127.908    slow_vdd1v0            
SRAM1RW256x8          4   34535.023    saed32sram_ss0p95vn40c 
TBUFX6                4      31.464    slow_vdd1v0            
XNOR2X1            2270    5434.380    slow_vdd1v0            
XNOR2X2              20      61.560    slow_vdd1v0            
XNOR2X4              12      45.144    slow_vdd1v0            
--------------------------------------------------------------
total             33748  152104.021                           


        Library        Instances    Area    Instances % 
--------------------------------------------------------
saed32sram_ss0p95vn40c         4  34535.023         0.0 
slow_vdd1v0                33744 117568.998       100.0 

                                           
     Type      Instances    Area    Area % 
-------------------------------------------
timing_model           4  34535.023   22.7 
sequential          7156  54071.910   35.5 
inverter            1935   2762.676    1.8 
buffer               460   1039.680    0.7 
tristate               4     31.464    0.0 
logic              24189  59663.268   39.2 
physical_cells         0      0.000    0.0 
-------------------------------------------
total              33748 152104.021  100.0 

