*----------------------------------------------------------------------------------------
*	Innovus 21.11-s130_1 (64bit) 08/19/2021 16:59 (Linux 3.10.0-693.el7.x86_64)
*	
*
* 	Date & Time:	2026-Apr-08 01:40:08 (2026-Apr-07 23:40:08 GMT)
*
*----------------------------------------------------------------------------------------
*
*	Design: et4351
*
*	Liberty Libraries used: 
*	        analysis_view_power: /data/Cadence/gpdk045_v60/gsclib045_svt_v4.7/gsclib045/timing/fast_vdd1v2_basicCells.lib
*	        analysis_view_power: /data/Cadence/gpdk045_v60/Synopsys_sram/saed32sram_tt1p05v125c.lib
*
*	Power Domain used: 
*              Rail:        VDD      Voltage:       1.32 
*
*       Power View : analysis_view_power
*
*       User-Defined Activity : N.A.
*
*	Switching Activity File used: 
*	        ../sim_struct/vcd/et4351.struct.vcd
*                    Vcd Window used(Start Time, Stop Time):   
*                     Vcd Scale Factor: 1 
* *                    Design annotation coverage: 0/77860 = 0% 
*
*       Hierarchical Global Activity: N.A.
*
*       Global Activity: N.A.
*
*       Sequential Element Activity: N.A.
*
*       Primary Input Activity: N.A.
*
*       Default icg ratio: N.A.
*
*       Global Comb ClockGate Ratio: N.A.
*
*	Power Units = 1mW
*
*	Time Units = 1e-09 secs 
*
*       report_power -outfile powerReports/postCTSHold.rpt
*
-----------------------------------------------------------------------------------------


Total Power 
-----------------------------------------------------------------------------------------
Total Internal Power:        0.13947177 	   68.6155%
Total Switching Power:       0.03530148 	   17.3672%
Total Leakage Power:         0.02849243 	   14.0173%
Total Power:                 0.20326568 
-----------------------------------------------------------------------------------------


Group                           Internal   Switching     Leakage       Total  Percentage 
                                Power      Power         Power         Power  (%)        
-----------------------------------------------------------------------------------------
Sequential                       0.05382   0.0009103    0.006802     0.06153       30.27 
Macro                          1.157e-06   1.364e-05           0    1.48e-05    0.007281 
IO                                     0           0   3.086e-05   3.086e-05     0.01518 
Combinational                    0.02889     0.02916     0.02075     0.07879       38.76 
Clock (Combinational)           0.003659    0.003144   0.0003436    0.007147       3.516 
Clock (Sequential)                0.0531    0.002078    0.000563     0.05574       27.42 
-----------------------------------------------------------------------------------------
Total                             0.1395      0.0353     0.02849      0.2033         100 
-----------------------------------------------------------------------------------------


Rail                  Voltage   Internal   Switching     Leakage       Total  Percentage 
                                Power      Power         Power         Power  (%)        
-----------------------------------------------------------------------------------------
VDD                      1.32     0.1395      0.0353     0.02849      0.2033         100 


Clock                           Internal   Switching     Leakage       Total  Percentage 
                                Power      Power         Power         Power  (%)        
-----------------------------------------------------------------------------------------
clk                              0.05676    0.005222   0.0009066     0.06289       30.94 
-----------------------------------------------------------------------------------------
Total (excluding duplicates)     0.05676    0.005222   0.0009066     0.06289       30.94 
-----------------------------------------------------------------------------------------
Clock: clk
Clock Period: 0.083330 usec 
Clock Toggle Rate:    23.9682 Mhz 
Clock Static Probability:  0.4997



-----------------------------------------------------------------------------------------
*	Power Distribution Summary: 
*                Highest Average Power: soc/cpu/genblk2.pcpi_div/CTS_ccl_a_buf_00004 (CLKBUFX20):         0.001765 
*                Highest Leakage Power: soc/cpu/RC_CG_HIER_INST630/RC_CGIC_INST (TLATNTSCAX20):        2.795e-06 
*          Total Cap:      2.32018e-10 F
*          Total instances in design: 71599
*          Total instances in design with no power:     0
*          Total instances in design with no activity:     0
*          Total Fillers and Decap:     0
-----------------------------------------------------------------------------------------

