*----------------------------------------------------------------------------------------
*	Innovus 21.11-s130_1 (64bit) 08/19/2021 16:59 (Linux 3.10.0-693.el7.x86_64)
*	
*
* 	Date & Time:	2026-Apr-08 01:14:21 (2026-Apr-07 23:14:21 GMT)
*
*----------------------------------------------------------------------------------------
*
*	Design: et4351
*
*	Liberty Libraries used: 
*	        analysis_view_power: /data/Cadence/gpdk045_v60/gsclib045_svt_v4.7/gsclib045/timing/fast_vdd1v2_basicCells.lib
*	        analysis_view_power: /data/Cadence/gpdk045_v60/Synopsys_sram/saed32sram_tt1p05v125c.lib
*
*	Power Domain used: 
*              Rail:        VDD      Voltage:       1.32 
*
*       Power View : analysis_view_power
*
*       User-Defined Activity : N.A.
*
*	Switching Activity File used: 
*	        ../sim_struct/vcd/et4351.struct.vcd
*                    Vcd Window used(Start Time, Stop Time):   
*                     Vcd Scale Factor: 1 
* *                    Design annotation coverage: 0/68137 = 0% 
*
*       Hierarchical Global Activity: N.A.
*
*       Global Activity: N.A.
*
*       Sequential Element Activity: N.A.
*
*       Primary Input Activity: N.A.
*
*       Default icg ratio: N.A.
*
*       Global Comb ClockGate Ratio: N.A.
*
*	Power Units = 1mW
*
*	Time Units = 1e-09 secs 
*
*       report_power -outfile powerReports/prePlace_VCDImport.rpt
*
-----------------------------------------------------------------------------------------


Total Power 
-----------------------------------------------------------------------------------------
Total Internal Power:        0.11207245 	   75.0147%
Total Switching Power:       0.01137197 	    7.6117%
Total Leakage Power:         0.02595624 	   17.3736%
Total Power:                 0.14940066 
-----------------------------------------------------------------------------------------


Group                           Internal   Switching     Leakage       Total  Percentage 
                                Power      Power         Power         Power  (%)        
-----------------------------------------------------------------------------------------
Sequential                       0.05256   0.0005124    0.006861     0.05993       40.12 
Macro                          0.0002458   7.658e-07           0   0.0002466      0.1651 
IO                                     0           0           0           0           0 
Combinational                    0.01957     0.01086     0.01863     0.04906       32.84 
Clock (Combinational)          6.611e-06           0   6.431e-08   6.675e-06    0.004468 
Clock (Sequential)               0.03969           0   0.0004665     0.04015       26.88 
-----------------------------------------------------------------------------------------
Total                             0.1121     0.01137     0.02596      0.1494         100 
-----------------------------------------------------------------------------------------


Rail                  Voltage   Internal   Switching     Leakage       Total  Percentage 
                                Power      Power         Power         Power  (%)        
-----------------------------------------------------------------------------------------
VDD                      1.32     0.1121     0.01137     0.02596      0.1494         100 


Clock                           Internal   Switching     Leakage       Total  Percentage 
                                Power      Power         Power         Power  (%)        
-----------------------------------------------------------------------------------------
clk                              0.03969           0   0.0004666     0.04016       26.88 
-----------------------------------------------------------------------------------------
Total (excluding duplicates)     0.03969           0   0.0004666     0.04016       26.88 
-----------------------------------------------------------------------------------------
Clock: clk
Clock Period: 0.083330 usec 
Clock Toggle Rate:    23.9682 Mhz 
Clock Static Probability:  0.4997



-----------------------------------------------------------------------------------------
*	Power Distribution Summary: 
*                Highest Average Power:                        g5 (BUFX6):        0.0005969 
*                Highest Leakage Power: soc/cpu/genblk1.pcpi_mul/g12290 (BUFX20):        2.293e-06 
*          Total Cap:      9.32994e-11 F
*          Total instances in design: 61876
*          Total instances in design with no power:     0
*          Total instances in design with no activity:     0
*          Total Fillers and Decap:     0
-----------------------------------------------------------------------------------------

