*----------------------------------------------------------------------------------------
*	Innovus 21.11-s130_1 (64bit) 08/19/2021 16:59 (Linux 3.10.0-693.el7.x86_64)
*	
*
* 	Date & Time:	2026-Apr-08 20:45:15 (2026-Apr-08 18:45:15 GMT)
*
*----------------------------------------------------------------------------------------
*
*	Design: et4351
*
*	Liberty Libraries used: 
*	        analysis_view_power: /data/Cadence/gpdk045_v60/gsclib045_svt_v4.7/gsclib045/timing/fast_vdd1v2_basicCells.lib
*	        analysis_view_power: /data/Cadence/gpdk045_v60/Synopsys_sram/saed32sram_tt1p05v125c.lib
*
*	Power Domain used: 
*              Rail:        VDD      Voltage:       1.32 
*
*       Power View : analysis_view_power
*
*       User-Defined Activity : N.A.
*
*	Switching Activity File used: 
*	        ../sim_struct/vcd/et4351.struct.vcd
*                    Vcd Window used(Start Time, Stop Time):   
*                     Vcd Scale Factor: 1 
* *                    Design annotation coverage: 0/77860 = 0% 
*
*       Hierarchical Global Activity: N.A.
*
*       Global Activity: N.A.
*
*       Sequential Element Activity: N.A.
*
*       Primary Input Activity: N.A.
*
*       Default icg ratio: N.A.
*
*       Global Comb ClockGate Ratio: N.A.
*
*	Power Units = 1mW
*
*	Time Units = 1e-09 secs 
*
*       report_power -outfile powerReports/postCTSHold.rpt
*
-----------------------------------------------------------------------------------------


Total Power 
-----------------------------------------------------------------------------------------
Total Internal Power:        0.11102544 	   72.1541%
Total Switching Power:       0.01441325 	    9.3670%
Total Leakage Power:         0.02843392 	   18.4789%
Total Power:                 0.15387262 
-----------------------------------------------------------------------------------------


Group                           Internal   Switching     Leakage       Total  Percentage 
                                Power      Power         Power         Power  (%)        
-----------------------------------------------------------------------------------------
Sequential                       0.04104   0.0005819    0.006802     0.04843       31.47 
Macro                                  0   3.073e-05           0   3.073e-05     0.01997 
IO                                     0           0   3.086e-05   3.086e-05     0.02006 
Combinational                    0.01373    0.009467     0.02069      0.0439       28.53 
Clock (Combinational)             0.0035    0.002845   0.0003436    0.006688       4.347 
Clock (Sequential)               0.05275    0.001489   0.0005628      0.0548       35.61 
-----------------------------------------------------------------------------------------
Total                              0.111     0.01441     0.02843      0.1539         100 
-----------------------------------------------------------------------------------------


Rail                  Voltage   Internal   Switching     Leakage       Total  Percentage 
                                Power      Power         Power         Power  (%)        
-----------------------------------------------------------------------------------------
VDD                      1.32      0.111     0.01441     0.02843      0.1539         100 


Clock                           Internal   Switching     Leakage       Total  Percentage 
                                Power      Power         Power         Power  (%)        
-----------------------------------------------------------------------------------------
clk                              0.05625    0.004334   0.0009064     0.06149       39.96 
-----------------------------------------------------------------------------------------
Total (excluding duplicates)     0.05625    0.004334   0.0009064     0.06149       39.96 
-----------------------------------------------------------------------------------------
Clock: clk
Clock Period: 0.083330 usec 
Clock Toggle Rate:    23.9086 Mhz 
Clock Static Probability:  0.5001



-----------------------------------------------------------------------------------------
*	Power Distribution Summary: 
*                Highest Average Power: soc/cpu/genblk2.pcpi_div/CTS_ccl_a_buf_00004 (CLKBUFX20):          0.00176 
*                Highest Leakage Power: soc/cpu/RC_CG_HIER_INST630/RC_CGIC_INST (TLATNTSCAX20):        2.798e-06 
*          Total Cap:      2.32018e-10 F
*          Total instances in design: 71599
*          Total instances in design with no power:     0
*          Total instances in design with no activity:     0
*          Total Fillers and Decap:     0
-----------------------------------------------------------------------------------------

