*----------------------------------------------------------------------------------------
*	Innovus 21.11-s130_1 (64bit) 08/19/2021 16:59 (Linux 3.10.0-693.el7.x86_64)
*	
*
* 	Date & Time:	2026-Apr-09 18:16:54 (2026-Apr-09 16:16:54 GMT)
*
*----------------------------------------------------------------------------------------
*
*	Design: et4351
*
*	Liberty Libraries used: 
*	        analysis_view_power: /data/Cadence/gpdk045_v60/gsclib045_svt_v4.7/gsclib045/timing/fast_vdd1v2_basicCells.lib
*	        analysis_view_power: /data/Cadence/gpdk045_v60/Synopsys_sram/saed32sram_tt1p05v125c.lib
*
*	Power Domain used: 
*              Rail:        VDD      Voltage:       1.32 
*
*       Power View : analysis_view_power
*
*       User-Defined Activity : N.A.
*
*	Switching Activity File used: 
*	        ../sim_struct/vcd/et4351.struct.vcd
*                    Vcd Window used(Start Time, Stop Time):   
*                     Vcd Scale Factor: 1 
* *                    Design annotation coverage: 0/59654 = 0% 
*
*       Hierarchical Global Activity: N.A.
*
*       Global Activity: N.A.
*
*       Sequential Element Activity: N.A.
*
*       Primary Input Activity: N.A.
*
*       Default icg ratio: N.A.
*
*       Global Comb ClockGate Ratio: N.A.
*
*	Power Units = 1mW
*
*	Time Units = 1e-09 secs 
*
*       report_power -outfile powerReports/preCTS.rpt
*
-----------------------------------------------------------------------------------------


Total Power 
-----------------------------------------------------------------------------------------
Total Internal Power:        0.12859427 	   83.8248%
Total Switching Power:       0.00392886 	    2.5610%
Total Leakage Power:         0.02088529 	   13.6142%
Total Power:                 0.15340842 
-----------------------------------------------------------------------------------------


Group                           Internal   Switching     Leakage       Total  Percentage 
                                Power      Power         Power         Power  (%)        
-----------------------------------------------------------------------------------------
Sequential                        0.1256   0.0005845    0.007187      0.1334       86.96 
Macro                                  0   2.561e-05           0   2.561e-05     0.01669 
IO                                     0           0    5.07e-07    5.07e-07   0.0003305 
Combinational                   0.002849    0.003319      0.0137     0.01986       12.95 
Clock (Combinational)                  0           0           0           0           0 
Clock (Sequential)              0.000109           0   1.162e-06   0.0001102     0.07181 
-----------------------------------------------------------------------------------------
Total                             0.1286    0.003929     0.02089      0.1534         100 
-----------------------------------------------------------------------------------------


Rail                  Voltage   Internal   Switching     Leakage       Total  Percentage 
                                Power      Power         Power         Power  (%)        
-----------------------------------------------------------------------------------------
VDD                      1.32     0.1286    0.003929     0.02089      0.1534         100 


Clock                           Internal   Switching     Leakage       Total  Percentage 
                                Power      Power         Power         Power  (%)        
-----------------------------------------------------------------------------------------
clk                             0.000109           0   1.162e-06   0.0001102     0.07181 
-----------------------------------------------------------------------------------------
Total (excluding duplicates)    0.000109           0   1.162e-06   0.0001102     0.07181 
-----------------------------------------------------------------------------------------
Clock: clk
Clock Period: 0.083330 usec 
Clock Toggle Rate:    23.9086 Mhz 
Clock Static Probability:  0.5001



-----------------------------------------------------------------------------------------
*	Power Distribution Summary: 
*                Highest Average Power:        soc/spimemio/g8772 (CLKMX2X8):        0.0007437 
*                Highest Leakage Power: accel/fft/FE_OFC2596_n_4548 (CLKBUFX20):        2.292e-06 
*          Total Cap:      1.72734e-10 F
*          Total instances in design: 53943
*          Total instances in design with no power:     0
*          Total instances in design with no activity:     0
*          Total Fillers and Decap:     0
-----------------------------------------------------------------------------------------

