###############################################################
#  Generated by:      Cadence Innovus 21.11-s130_1
#  OS:                Linux x86_64(Host ID et4351.ewi.tudelft.nl)
#  Generated on:      Mon Mar 23 11:03:29 2026
#  Design:            et4351
#  Command:           report_ccopt_clock_trees -file clockReports/CT.rpt
###############################################################

Clock DAG stats:
================

--------------------------------------------------------------
Cell type                     Count    Area        Capacitance
--------------------------------------------------------------
Buffers                        147     1007.190       0.233
Inverters                        0        0.000       0.000
Integrated Clock Gates           2       17.100       0.000
Non-Integrated Clock Gates       0        0.000       0.000
Clock Logic                      1        3.078       0.001
All                            150     1027.368       0.234
--------------------------------------------------------------


Clock DAG wire lengths:
=======================

--------------------
Type     Wire Length
--------------------
Top           0.000
Trunk      6066.930
Leaf      41271.250
Total     47338.180
--------------------


Clock DAG hp wire lengths:
==========================

-----------------------
Type     hp Wire Length
-----------------------
Top            0.000
Trunk       5356.150
Leaf       11508.190
Total      16864.340
-----------------------


Clock DAG capacitances:
=======================

--------------------------------
Type     Gate     Wire     Total
--------------------------------
Top      0.000    0.000    0.000
Trunk    0.230    0.410    0.640
Leaf     1.929    2.973    4.902
Total    2.160    3.382    5.542
--------------------------------


Clock DAG sink capacitances:
============================

--------------------------------------------------------
Count    Total    Average    Std. Dev.    Min      Max
--------------------------------------------------------
8903     1.925     0.000       0.001      0.000    0.050
--------------------------------------------------------


Clock DAG net violations:
=========================

------------------------------------------------------------------------------------------------
Type                    Units    Count    Average    Std. Dev.    Sum      Top 10 violations
------------------------------------------------------------------------------------------------
Remaining Transition    ns         3       0.001       0.001      0.003    [0.003, 0.001, 0.000]
------------------------------------------------------------------------------------------------


Clock DAG primary half-corner transition distribution:
======================================================

---------------------------------------------------------------------------------------------------------------------------------------------------------------------------------------------------------------------------
Net Type    Target    Count    Average    Std. Dev.    Min      Max      Distribution                                                                 Over Target
---------------------------------------------------------------------------------------------------------------------------------------------------------------------------------------------------------------------------
Trunk       0.093       42      0.061       0.026      0.000    0.090    {17 <= 0.056ns, 6 <= 0.075ns, 13 <= 0.084ns, 5 <= 0.089ns, 1 <= 0.093ns}                                       -
Leaf        0.093      115      0.085       0.014      0.021    0.096    {6 <= 0.056ns, 4 <= 0.075ns, 15 <= 0.084ns, 33 <= 0.089ns, 54 <= 0.093ns}    {3 <= 0.098ns, 0 <= 0.103ns, 0 <= 0.112ns, 0 <= 0.140ns, 0 > 0.140ns}
---------------------------------------------------------------------------------------------------------------------------------------------------------------------------------------------------------------------------


Clock DAG library cell distribution:
====================================

-------------------------------------------
Name          Type      Inst     Inst Area 
                        Count    (um^2)
-------------------------------------------
CLKBUFX20     buffer     96       787.968
CLKBUFX16     buffer     11        75.240
CLKBUFX12     buffer     11        56.430
CLKBUFX8      buffer      2         7.524
CLKBUFX6      buffer      4        12.312
DLY1X4        buffer      3        11.286
DLY4X4        buffer      2        21.204
CLKBUFX4      buffer      3         7.182
CLKBUFX3      buffer      7        14.364
CLKBUFX2      buffer      8        13.680
TLATNCAX12    icg         1         9.576
TLATNCAX6     icg         1         7.524
MX2X2         logic       1         3.078
-------------------------------------------



Please note that the following tables reflect only the defined clock trees, so the flop counts might not include all flops in your design.

Clock Tree Summary:
===================

------------------------------------------------------------------------------------------------------------------------------------------------------------
Clock Tree                      Clock  Bufs  Invs  Other  Max       Max     Max      Max          Standard   Wire   Gate   Clock Tree Root
Name                            Gates              Clock  Non-leaf  Leaf    Length   Source-sink  cell area  cap    cap    
                                                   Cells  Fanout    Fanout  (um)     Resistance   (um^2)     (pF)   (pF)   
                                                                                     (Ohms)                                
------------------------------------------------------------------------------------------------------------------------------------------------------------
clk                               2    147    0      1       12      100    624.12     5240.11    1027.368   3.382  2.160  clk
clk_generator_for_flash_clk<1>    0      3    0      1        2        2     92.295    1091.13      24.282   0.016  0.053  soc/spimemio/config_clk_reg/Q
clk_generator_for_flash_clk<2>    0      3    0      1        2        9     92.295    1091.13      24.282   0.020  0.056  soc/spimemio/config_en_reg/Q
clk_generator_for_flash_clk<3>    0      4    0      1        2        9     92.295    1091.13      17.442   0.019  0.057  soc/spimemio/xfer/flash_clk_reg/Q
------------------------------------------------------------------------------------------------------------------------------------------------------------

Clock Sink Summary:
===================

---------------------------------------------------------------------------------------------------------------------------------------------------------------
Clock Tree                      Explicit      Implicit      Explicit     Implicit     Explicit   Implicit   Posedge  Negedge  Memory  Enable  Non enable  Other
Name                            exclude pins  exclude pins  ignore pins  ignore pins  stop pins  stop pins  Flops    Flops    Clock   Latch   Latch       Sinks
                                                                                                                              Pins    Sinks   Sinks       
---------------------------------------------------------------------------------------------------------------------------------------------------------------
clk                                  0             0             0            0           0          0       8874       4       4       0         0        21
clk_generator_for_flash_clk<1>       0             0             1            0           0          0          0       0       0       0         0         3
clk_generator_for_flash_clk<2>       0             0             9            0           0          0          0       0       0       0         0        11
clk_generator_for_flash_clk<3>       0             0            11            0           0          0          0       0       0       0         0        11
---------------------------------------------------------------------------------------------------------------------------------------------------------------

Summary across all clock trees:
===============================

------------------------------------------------------------------------------------------------------------
Clock  Bufs  Invs  Other  Max       Average   Max     Average  Max      Max          Standard   Wire   Gate
Gates              Clock  Non-leaf  Non-leaf  Leaf    Leaf     Length   Source-sink  cell area  cap    cap
                   Cells  Fanout    Fanout    Fanout  Fanout   (um)     Resistance   (um^2)     (pF)   (pF)
                                                                        (Ohms)                         
------------------------------------------------------------------------------------------------------------
  2    147    0      1       12     3.87179    100    77.4522  624.120    524.011    1027.368   3.382  2.160
------------------------------------------------------------------------------------------------------------

Clock Sink Summary across all clock trees:
==========================================

-------------------------------------------------------------------------------------------------------------------------------
Explicit      Implicit      Explicit     Implicit     Explicit   Implicit   Posedge  Negedge  Memory  Enable  Non enable  Other
exclude pins  exclude pins  ignore pins  ignore pins  stop pins  stop pins  Flops    Flops    Clock   Latch   Latch       Sinks
                                                                                              Pins    Sinks   Sinks       
-------------------------------------------------------------------------------------------------------------------------------
     0             0            21            0           0          0       8874       4       4       0         0        21
-------------------------------------------------------------------------------------------------------------------------------

Physical metrics across all clock trees:
========================================

-----------------------------------------------------------------------
Metric                               Minimum  Average  Maximum  Std.dev
-----------------------------------------------------------------------
Source-sink routed net length (um)    1.725    91.390  624.120  84.273
Source-sink manhattan distance (um)   2.180    87.277  621.945  83.720
Source-sink resistance (Ohm)         19.654   140.632  524.011  67.986
-----------------------------------------------------------------------

Transition distribution for half-corner delay_max:setup.late:
=============================================================

---------------------------------------------------------------------------------------------------------------------------------------------------------------------------------------------------------------------------
Net Type    Target    Count    Average    Std. Dev.    Min      Max      Distribution                                                                 Over Target
---------------------------------------------------------------------------------------------------------------------------------------------------------------------------------------------------------------------------
Trunk       0.093       39      0.065       0.020      0.027    0.090    {14 <= 0.056ns, 6 <= 0.075ns, 13 <= 0.084ns, 5 <= 0.089ns, 1 <= 0.093ns}                                       -
Leaf        0.093      115      0.085       0.014      0.021    0.096    {6 <= 0.056ns, 4 <= 0.075ns, 15 <= 0.084ns, 33 <= 0.089ns, 54 <= 0.093ns}    {3 <= 0.098ns, 0 <= 0.103ns, 0 <= 0.112ns, 0 <= 0.140ns, 0 > 0.140ns}
---------------------------------------------------------------------------------------------------------------------------------------------------------------------------------------------------------------------------

Count of violations across all clock trees:
===========================================

-----------------------------------------------------------------------------------------------------------
Clock Tree                      # Max capacitance  # Max resistance  # Max length  # Max fanout  # Slew
Name                            violations         violations        violations    violations    violations
-----------------------------------------------------------------------------------------------------------
clk                                     0                 0               0             0           173
clk_generator_for_flash_clk<1>          0                 0               0             0             0
clk_generator_for_flash_clk<2>          0                 0               0             0             0
clk_generator_for_flash_clk<3>          0                 0               0             0             2
-----------------------------------------------------------------------------------------------------------
Total                                   0                 0               0             0           175
-----------------------------------------------------------------------------------------------------------

Note the above table per clock tree is based on CCOpt clock tree view. The violations are counted across half corners.

Found a total of 0 clock tree pins with max capacitance violations.
Found a total of 0 clock tree nets with max resistance violations.
Found a total of 0 clock tree nets with max length violations.
Found a total of 0 clock tree nets with max fanout violations.
Found a total of 175 clock tree pins with a slew violation.

Slew violation summary across all clock trees - Top 10 violating pins:
======================================================================

Target and measured clock slews (in ns):

-------------------------------------------------------------------------------------------------------------
Half corner           Violation  Slew    Slew      Dont   Ideal  Target         Pin
                      amount     target  achieved  touch  net?   source         
                                                   net?                         
-------------------------------------------------------------------------------------------------------------
delay_max:setup.late    0.003    0.093    0.096    N      N      auto computed  flash_clk
delay_max:setup.late    0.003    0.093    0.096    N      N      auto computed  CTS_csf_buf_00131/Y
delay_max:setup.late    0.001    0.093    0.094    N      N      auto computed  accel/mem/mem_reg_126__14_/CK
delay_max:setup.late    0.001    0.093    0.094    N      N      auto computed  accel/mem/mem_reg_126__15_/CK
delay_max:setup.late    0.001    0.093    0.094    N      N      auto computed  accel/mem/mem_reg_127__8_/CK
delay_max:setup.late    0.001    0.093    0.094    N      N      auto computed  accel/mem/mem_reg_127__9_/CK
delay_max:setup.late    0.001    0.093    0.094    N      N      auto computed  accel/mem/mem_reg_127__10_/CK
delay_max:setup.late    0.001    0.093    0.094    N      N      auto computed  accel/mem/mem_reg_127__11_/CK
delay_max:setup.late    0.001    0.093    0.094    N      N      auto computed  accel/mem/mem_reg_127__12_/CK
delay_max:setup.late    0.001    0.093    0.094    N      N      auto computed  accel/mem/mem_reg_127__13_/CK
-------------------------------------------------------------------------------------------------------------

Target sources:
auto extracted - target was extracted from SDC.
auto computed - target was computed when balancing trees.
explicit - target is explicitly set via target_max_trans property.
pin explicit - target is explicitly set for this pin via pin_target_max_trans property.
liberty explicit - target is explicitly set via max_transition from liberty library.

Found 0 pins on nets marked dont_touch that have slew violations.
Found 0 pins on nets marked dont_touch that do not have slew violations.
Found 0 pins on nets marked ideal_network that have slew violations.
Found 0 pins on nets marked ideal_network that do not have slew violations.


Report for clock tree: clk:
===========================

Clock Tree Gating Structure (Logical):

# Full cycle clock gates   :  2
Minimum clock gating depth :  0
Maximum clock gating depth :  1
Clock gate area (um^2)     : 17.100

Clock Tree Buffering Structure (Logical):

# Buffers             :  147
# Inverters           :    0
  Total               :  147
Minimum depth         :    2
Maximum depth         :    7
Buffering area (um^2) : 1007.190

Clock Tree Level Structure (Logical):

-----------------------------------------------------------------
Level  Full   Posedge  Negedge  Memory  Enable  Non enable  Other
       Cycle  Flops    Flops    Clock   Latch   Latch       Sinks
                                Pins    Sinks   Sinks       
-----------------------------------------------------------------
root     2     2588       4       4       0         0        21
  1      0     6286       0       0       0         0         0
-----------------------------------------------------------------
Total    2     8874       4       4       0         0        21
-----------------------------------------------------------------

Target and measured clock slews (in ns):

------------------------------------------------------------------------------------------------------------------------------------
Timing Corner          Worst Rising  Worst Falling  Worst Rising  Worst Falling  Leaf Slew      Leaf Slew  Trunk Slew     Trunk Slew
                       Leaf Slew     Leaf Slew      Trunk Slew    Trunk Slew     Target Type    Target     Target Type    Target
------------------------------------------------------------------------------------------------------------------------------------
delay_max:setup.early     0.081          0.096         0.084          0.092      ignored            -      ignored            -
delay_max:setup.late      0.081          0.096         0.084          0.092      auto computed  *0.093     auto computed   0.093
delay_min:hold.early      0.029          0.030         0.102          0.116      ignored            -      ignored            -
delay_min:hold.late       0.030          0.030         0.106          0.120      ignored            -      ignored            -
delay_typ:both.early      0.029          0.030         0.102          0.116      ignored            -      ignored            -
delay_typ:both.late       0.030          0.030         0.106          0.120      ignored            -      ignored            -
------------------------------------------------------------------------------------------------------------------------------------

Report for clock tree: clk_generator_for_flash_clk<1>:
======================================================

Clock Tree Gating Structure (Logical):

# Full cycle clock gates   : 0
Minimum clock gating depth : 0
Maximum clock gating depth : 0
Clock gate area (um^2)     : 0.000

Clock Tree Buffering Structure (Logical):

# Buffers             :  3
# Inverters           :  0
  Total               :  3
Minimum depth         :  0
Maximum depth         :  3
Buffering area (um^2) : 21.204

Clock Tree Level Structure (Logical):

-----------------------------------------------------------------
Level  Full   Posedge  Negedge  Memory  Enable  Non enable  Other
       Cycle  Flops    Flops    Clock   Latch   Latch       Sinks
                                Pins    Sinks   Sinks       
-----------------------------------------------------------------
root     0       0        0       0       0         0         3
-----------------------------------------------------------------
Total    0       0        0       0       0         0         3
-----------------------------------------------------------------

Target and measured clock slews (in ns):

------------------------------------------------------------------------------------------------------------------------------------
Timing Corner          Worst Rising  Worst Falling  Worst Rising  Worst Falling  Leaf Slew      Leaf Slew  Trunk Slew     Trunk Slew
                       Leaf Slew     Leaf Slew      Trunk Slew    Trunk Slew     Target Type    Target     Target Type    Target
------------------------------------------------------------------------------------------------------------------------------------
delay_max:setup.early     0.080          0.096         0.074          0.083      ignored            -      ignored            -
delay_max:setup.late      0.080          0.096         0.075          0.084      auto computed  *0.093     auto computed   0.093
delay_min:hold.early      0.023          0.024         0.019          0.019      ignored            -      ignored            -
delay_min:hold.late       0.023          0.024         0.019          0.020      ignored            -      ignored            -
delay_typ:both.early      0.023          0.024         0.019          0.019      ignored            -      ignored            -
delay_typ:both.late       0.023          0.024         0.019          0.020      ignored            -      ignored            -
------------------------------------------------------------------------------------------------------------------------------------

Report for clock tree: clk_generator_for_flash_clk<2>:
======================================================

Clock Tree Gating Structure (Logical):

# Full cycle clock gates   : 0
Minimum clock gating depth : 0
Maximum clock gating depth : 0
Clock gate area (um^2)     : 0.000

Clock Tree Buffering Structure (Logical):

# Buffers             :  3
# Inverters           :  0
  Total               :  3
Minimum depth         :  0
Maximum depth         :  3
Buffering area (um^2) : 21.204

Clock Tree Level Structure (Logical):

-----------------------------------------------------------------
Level  Full   Posedge  Negedge  Memory  Enable  Non enable  Other
       Cycle  Flops    Flops    Clock   Latch   Latch       Sinks
                                Pins    Sinks   Sinks       
-----------------------------------------------------------------
root     0       0        0       0       0         0        11
-----------------------------------------------------------------
Total    0       0        0       0       0         0        11
-----------------------------------------------------------------

Target and measured clock slews (in ns):

------------------------------------------------------------------------------------------------------------------------------------
Timing Corner          Worst Rising  Worst Falling  Worst Rising  Worst Falling  Leaf Slew      Leaf Slew  Trunk Slew     Trunk Slew
                       Leaf Slew     Leaf Slew      Trunk Slew    Trunk Slew     Target Type    Target     Target Type    Target
------------------------------------------------------------------------------------------------------------------------------------
delay_max:setup.early     0.080          0.096         0.074          0.083      ignored            -      ignored            -
delay_max:setup.late      0.080          0.096         0.075          0.084      auto computed  *0.093     auto computed   0.093
delay_min:hold.early      0.023          0.024         0.019          0.019      ignored            -      ignored            -
delay_min:hold.late       0.023          0.024         0.019          0.020      ignored            -      ignored            -
delay_typ:both.early      0.023          0.024         0.019          0.019      ignored            -      ignored            -
delay_typ:both.late       0.023          0.024         0.019          0.020      ignored            -      ignored            -
------------------------------------------------------------------------------------------------------------------------------------

Report for clock tree: clk_generator_for_flash_clk<3>:
======================================================

Clock Tree Gating Structure (Logical):

# Full cycle clock gates   : 0
Minimum clock gating depth : 0
Maximum clock gating depth : 0
Clock gate area (um^2)     : 0.000

Clock Tree Buffering Structure (Logical):

# Buffers             :  4
# Inverters           :  0
  Total               :  4
Minimum depth         :  2
Maximum depth         :  4
Buffering area (um^2) : 14.364

Clock Tree Level Structure (Logical):

-----------------------------------------------------------------
Level  Full   Posedge  Negedge  Memory  Enable  Non enable  Other
       Cycle  Flops    Flops    Clock   Latch   Latch       Sinks
                                Pins    Sinks   Sinks       
-----------------------------------------------------------------
root     0       0        0       0       0         0        11
-----------------------------------------------------------------
Total    0       0        0       0       0         0        11
-----------------------------------------------------------------

Target and measured clock slews (in ns):

------------------------------------------------------------------------------------------------------------------------------------
Timing Corner          Worst Rising  Worst Falling  Worst Rising  Worst Falling  Leaf Slew      Leaf Slew  Trunk Slew     Trunk Slew
                       Leaf Slew     Leaf Slew      Trunk Slew    Trunk Slew     Target Type    Target     Target Type    Target
------------------------------------------------------------------------------------------------------------------------------------
delay_max:setup.early     0.080          0.096         0.074          0.083      ignored            -      ignored            -
delay_max:setup.late      0.080          0.096         0.075          0.084      auto computed  *0.093     auto computed   0.093
delay_min:hold.early      0.023          0.024         0.019          0.019      ignored            -      ignored            -
delay_min:hold.late       0.023          0.024         0.019          0.020      ignored            -      ignored            -
delay_typ:both.early      0.023          0.024         0.019          0.019      ignored            -      ignored            -
delay_typ:both.late       0.023          0.024         0.019          0.020      ignored            -      ignored            -
------------------------------------------------------------------------------------------------------------------------------------

* - indicates that target was not met.

auto extracted - target was extracted from SDC.
auto computed - target was computed when balancing trees.

