*----------------------------------------------------------------------------------------
*	Innovus 21.11-s130_1 (64bit) 08/19/2021 16:59 (Linux 3.10.0-693.el7.x86_64)
*	
*
* 	Date & Time:	2026-Mar-23 11:54:30 (2026-Mar-23 10:54:30 GMT)
*
*----------------------------------------------------------------------------------------
*
*	Design: et4351
*
*	Liberty Libraries used: 
*	        analysis_view_power: /data/Cadence/gpdk045_v60/gsclib045_svt_v4.7/gsclib045/timing/fast_vdd1v2_basicCells.lib
*	        analysis_view_power: /data/Cadence/gpdk045_v60/Synopsys_sram/saed32sram_tt1p05v125c.lib
*
*	Power Domain used: 
*              Rail:        VDD      Voltage:       1.32 
*
*       Power View : analysis_view_power
*
*       User-Defined Activity : N.A.
*
*	Switching Activity File used: 
*	        ../sim_struct/vcd/et4351.struct.vcd
*                    Vcd Window used(Start Time, Stop Time):   
*                     Vcd Scale Factor: 1 
* *                    Design annotation coverage: 0/67710 = 0% 
*
*       Hierarchical Global Activity: N.A.
*
*       Global Activity: N.A.
*
*       Sequential Element Activity: N.A.
*
*       Primary Input Activity: N.A.
*
*       Default icg ratio: N.A.
*
*       Global Comb ClockGate Ratio: N.A.
*
*	Power Units = 1mW
*
*	Time Units = 1e-09 secs 
*
*       report_power -outfile finalReports/report_power.rpt -hierarchy all
*
-----------------------------------------------------------------------------------------


Total Power 
-----------------------------------------------------------------------------------------
Total Internal Power:        0.66979155 	   63.4136%
Total Switching Power:       0.35991751 	   34.0758%
Total Leakage Power:         0.02651741 	    2.5106%
Total Power:                 1.05622647 
-----------------------------------------------------------------------------------------


Group                           Internal   Switching     Leakage       Total  Percentage 
                                Power      Power         Power         Power  (%)        
-----------------------------------------------------------------------------------------
Sequential                        0.4412     0.02927    0.007065      0.4775       45.21 
Macro                                  0    1.04e-05           0    1.04e-05   0.0009846 
IO                                     0           0   2.166e-07   2.166e-07   2.051e-05 
Combinational                     0.1752      0.2101     0.01919      0.4045        38.3 
Clock (Combinational)            0.05278      0.1199   0.0002585      0.1729       16.37 
Clock (Sequential)             0.0005846   0.0006819   3.057e-06     0.00127      0.1202 
-----------------------------------------------------------------------------------------
Total                             0.6698      0.3599     0.02652       1.056         100 
-----------------------------------------------------------------------------------------


Clock                           Internal   Switching     Leakage       Total  Percentage 
                                Power      Power         Power         Power  (%)        
-----------------------------------------------------------------------------------------
clk                              0.05336      0.1206   0.0002616      0.1742       16.49 
-----------------------------------------------------------------------------------------
Total (excluding duplicates)     0.05336      0.1206   0.0002616      0.1742       16.49 
-----------------------------------------------------------------------------------------
Clock: clk
Clock Period: 0.083330 usec 
Clock Toggle Rate:    23.9682 Mhz 
Clock Static Probability:  0.4997



Rail                  Voltage   Internal   Switching     Leakage       Total  Percentage 
                                Power      Power         Power         Power  (%)        
-----------------------------------------------------------------------------------------
VDD                      1.32     0.6698      0.3599     0.02652       1.056         100 


Total Power 
-----------------------------------------------------------------------------------------
Total Internal Power:        0.66979155 	   63.4136%
Total Switching Power:       0.35991751 	   34.0758%
Total Leakage Power:         0.02651741 	    2.5106%
Total Power:                 1.05622647 
-----------------------------------------------------------------------------------------


Hierarchy                       Internal   Switching     Leakage       Total  Percentage 
                                Power      Power         Power         Power  (%)        
-----------------------------------------------------------------------------------------
soc                                0.147     0.04896    0.009551      0.2055       19.46  
accel                             0.5193      0.3041     0.01692      0.8403       79.56  
flash_bufs_0_                  2.848e-06   9.111e-06   2.267e-06   1.423e-05    0.001347  
flash_bufs_1_                          0   9.029e-05   2.776e-06   9.307e-05    0.008811  
flash_bufs_2_                          0           0   7.265e-07   7.265e-07   6.879e-05  
flash_bufs_3_                          0           0   2.535e-06   2.535e-06     0.00024  
soc/memory                     3.346e-06   2.135e-05    4.16e-06   2.885e-05    0.002732  
accel/fft                         0.2594        0.23     0.01081      0.5002       47.35  
accel/mem                         0.2484     0.06527    0.005495      0.3192       30.22  
soc/cpu                           0.1167     0.03489    0.008332      0.1599       15.14  
soc/spimemio                     0.01484    0.004438   0.0005994     0.01988       1.882  
soc/simpleuart                    0.0114     0.00111   0.0004979       0.013       1.231  
soc/spimemio/xfer               0.006014    0.002332   0.0001739     0.00852      0.8066  
soc/cpu/genblk1.pcpi_mul          0.0122   1.798e-05    0.000788       0.013       1.231  
soc/cpu/genblk2.pcpi_div        0.009862   6.583e-06   0.0007406     0.01061       1.004  


-----------------------------------------------------------------------------------------
*	Power Distribution Summary: 
*                Highest Average Power: soc/cpu/CTS_ccl_a_buf_00010 (CLKBUFX20):         0.002026 
*                Highest Leakage Power: soc/cpu/FE_PDC23003_FE_PHN11246_cpuregs_3__1 (CLKBUFX20):        2.292e-06 
*          Total Cap:      2.79931e-10 F
*          Total instances in design: 66098
*          Total instances in design with no power:     0
*          Total instances in design with no activity:     0
*          Total Fillers and Decap:     0
-----------------------------------------------------------------------------------------

