============================================================
  Generated by:           Genus(TM) Synthesis Solution 21.10-p002_1
  Generated on:           Mar 23 2026  10:40:26 am
  Module:                 et4351
  Technology libraries:   slow_vdd1v0 1.0
                          saed32sram_ss0p95vn40c 1.0000000
                          physical_cells 
  Operating conditions:   PVT_0P9V_125C 
  Interconnect mode:      global
  Area mode:              physical library
============================================================

Timing
--------

  Clock    Period  
-------------------
clk        83330.0 
flash_clk 166660.0 


   Cost     Critical         Violating 
  Group    Path Slack  TNS     Paths   
---------------------------------------
clk           31612.7   0.0          0 
default      No paths   0.0            
flash_clk     35599.3   0.0          0 
---------------------------------------
Total                   0.0          0 

Instance Count
--------------
Leaf Instance Count             44503 
Physical Instance count             0 
Sequential Instance Count        8887 
Combinational Instance Count    35616 
Hierarchical Instance Count        15 

Area
----
Cell Area                          181468.141
Physical Cell Area                 0.000
Total Cell Area (Cell+Physical)    181468.141
Net Area                           57055.109
Total Area (Cell+Physical+Net)     238523.250

Max Fanout                         4096 (accel/mem/clk)
Min Fanout                         0 (iomem_addr_0_)
Average Fanout                     2.6
Terms to net ratio                 3.5898
Terms to instance ratio            3.7047
Runtime                            769.3468479999999 seconds
Elapsed Runtime                    777 seconds
Genus peak memory usage            1603.68 
Innovus peak memory usage          no_value 
Hostname                           et4351.ewi.tudelft.nl
