###############################################################
#  Generated by:      Cadence Innovus 21.11-s130_1
#  OS:                Linux x86_64(Host ID et4351.ewi.tudelft.nl)
#  Generated on:      Mon Mar 23 11:49:43 2026
#  Design:            et4351
#  Command:           timeDesign -postRoute -pathReports -slackReports -numPaths 50 -outDir timingReports/postRouteHold
###############################################################

------------------------------------------------------------------
          timeDesign Summary
------------------------------------------------------------------

+--------------------+---------+---------+---------+---------+
|     Setup mode     |   all   | reg2reg |reg2cgate| default |
+--------------------+---------+---------+---------+---------+
|           WNS (ns):| 34.317  | 38.962  | 78.463  | 34.317  |
|           TNS (ns):|  0.000  |  0.000  |  0.000  |  0.000  |
|    Violating Paths:|    0    |    0    |    0    |    0    |
|          All Paths:|  13546  |  13539  |    2    |   226   |
+--------------------+---------+---------+---------+---------+

+----------------+-------------------------------+------------------+
|                |              Real             |       Total      |
|    DRVs        +------------------+------------+------------------|
|                |  Nr nets(terms)  | Worst Vio  |  Nr nets(terms)  |
+----------------+------------------+------------+------------------+
|   max_cap      |      0 (0)       |   0.000    |      0 (0)       |
|   max_tran     |    198 (509)     |   -0.481   |    202 (517)     |
|   max_fanout   |      0 (0)       |     0      |      0 (0)       |
|   max_length   |      0 (0)       |     0      |      0 (0)       |
+----------------+------------------+------------+------------------+

Density: 70.204%
       (100.000% with Fillers)
Total number of glitch violations: 0
------------------------------------------------------------------
