###############################################################
#  Generated by:      Cadence Innovus 21.11-s130_1
#  OS:                Linux x86_64(Host ID et4351.ewi.tudelft.nl)
#  Generated on:      Mon Mar 23 11:49:55 2026
#  Design:            et4351
#  Command:           timeDesign -postRoute -hold -pathReports -slackReports -numPaths 50 -outDir timingReports/postRouteHold_hold
###############################################################

------------------------------------------------------------------
          timeDesign Summary
------------------------------------------------------------------

+--------------------+---------+---------+---------+---------+
|     Hold mode      |   all   | reg2reg |reg2cgate| default |
+--------------------+---------+---------+---------+---------+
|           WNS (ns):|  0.049  |  0.049  |  0.201  |  0.125  |
|           TNS (ns):|  0.000  |  0.000  |  0.000  |  0.000  |
|    Violating Paths:|    0    |    0    |    0    |    0    |
|          All Paths:|  13546  |  13539  |    2    |   226   |
+--------------------+---------+---------+---------+---------+

Density: 70.204%
       (100.000% with Fillers)
------------------------------------------------------------------
