#                           Extraction Statistics File
# Design "et4351"
#
+---------------------------------------------------------------------------------------------------------------------+
|                                        Incremental Extraction Statistics                                            |
+--+----------------------+----------------------+---------------------------------------+----------------------------+
|S.|         Nets         | Nets with Parasitic  |           Extraction Time             |      Region Extracted      |
|No| Total   Added Deleted| Total   New-RC New-C |Extraction RC-Network Others    Total  |  Percentage   Distribution |
+--+--------+------+------+--------+------+------+---------+---------+---------+---------+--------------+-------------+
| 0|   82200|     0|     0|   82001|     0|     0|  0:04:01|0:00:08.3|0:00:37.0|  0:04:46|100.00-100.00%|          0.0|
| 1|   82939|   739|     0|   82740|  3319| 64010|  0:04:00|0:00:10.8|0:00:33.0|  0:04:44|  -nan- 75.00%|000000000-1.4|
| 2|   83558|   619|     0|   83359|  2512| 70417|  0:03:52|0:00:10.1|0:00:32.4|  0:04:35|  -nan- 77.07%|000000000-1.4|
| 3|   83806|   248|     0|   83607|   889| 61319|  0:03:29|0:00:11.0|0:00:28.6|  0:04:08|  -nan- 55.58%|000000000-1.7|
| 4|   84001|   195|     0|   83796|   355| 62623|  0:03:34|0:00:11.3|0:00:29.4|  0:04:14|  -nan- 53.31%|000000000-1.9|
| 5|   84074|    73|     0|   83875|   893| 68858|  0:03:53|0:00:13.1|0:00:30.7|  0:04:36|  -nan- 61.36%|000000000-1.8|
| 6|   84193|   119|     0|   83994|   415| 60941|  0:03:31|0:00:11.8|0:00:27.3|  0:04:10|  -nan- 51.45%|000000000-2.5|
| 7|   84211|    18|     0|   84012|  7271| 34826|  0:03:00|0:00:08.6|0:00:24.2|  0:03:33|  -nan- 34.09%|000000000-1.6|
+--+--------+------+------+--------+------+------+---------+---------+---------+---------+--------------+-------------+

#
# This file was generated by Innovus v21.11-s130_1 on Thu Apr  9 23:40:22 2026

