============================================================
  Generated by:           Genus(TM) Synthesis Solution 21.10-p002_1
  Generated on:           Apr 08 2026  01:07:11 am
  Module:                 et4351
  Technology libraries:   slow_vdd1v0 1.0
                          saed32sram_ss0p95vn40c 1.0000000
                          physical_cells 
  Operating conditions:   PVT_0P9V_125C 
  Interconnect mode:      global
  Area mode:              physical library
============================================================

       Instance                              Module                        Cell Count  Cell Area  Net Area   Total Area 
------------------------------------------------------------------------------------------------------------------------
et4351                                                                          61876 218064.535 74024.089   292088.623 
  accel                accelerator                                              41983 131309.532 51408.863   182718.395 
    fft                accelerator_fft_LOG_MAX_N32_MEM_WIDTH32_ADDR_WIDTH       32054  90930.276 40848.437   131778.713 
    mem                accelerator_mem_MEM_DEPTH128                              9408  38548.530  9937.983    48486.513 
  flash_bufs_0_        bidir_buf_4490                                               1      7.866     0.000        7.866 
  flash_bufs_1_        bidir_buf_4491                                               1      7.866     0.000        7.866 
  flash_bufs_2_        bidir_buf_4492                                               1      7.866     0.000        7.866 
  flash_bufs_3_        bidir_buf                                                    1      7.866     0.000        7.866 
  soc                  picosoc                                                  19848  86629.831 22254.703   108884.534 
    cpu                picorv32_ENABLE_COUNTERS1_BARREL_SHIFTER1_COMPRESS       18012  47046.204 20229.798    67276.002 
      genblk1.pcpi_mul picorv32_pcpi_mul                                          914   3011.994   985.740     3997.734 
      genblk2.pcpi_div picorv32_pcpi_div                                          969   2969.244  1095.689     4064.933 
    memory             picosoc_mem_WORDS256                                         8  34537.759     2.965    34540.724 
    simpleuart         simpleuart                                                 751   2078.334   697.573     2775.907 
    spimemio           spimemio                                                   851   2395.368   840.060     3235.428 
      xfer             spimemio_xfer                                              223    692.208   228.698      920.906 
