
 	 Check Design Report (c)
	 ------------------- 
No subdesign's name is greater than 1.5k in length.

 Feedthrough Module(s)
 -------------------------
No feed through module in 'et4351'

  Unresolved References & Empty Modules
  ------------------------------------- 
No unresolved references in design 'et4351'

No empty modules in design 'et4351'

 Unloaded Pin(s), Port(s)
 -------------------------
No unloaded sequential element in 'et4351'

No unloaded port in 'et4351'

 Unloaded Combinational Pin(s)
 -------------------------------
design 'et4351' has the following unloaded combinational elements
/designs/et4351/instances_hier/accel/instances_hier/fft/instances_comb/g266662/pins_out/S
/designs/et4351/instances_hier/accel/instances_hier/fft/instances_comb/g266663/pins_out/S
/designs/et4351/instances_hier/accel/instances_hier/fft/instances_comb/g266664/pins_out/S
/designs/et4351/instances_hier/accel/instances_hier/fft/instances_comb/g266665/pins_out/S
/designs/et4351/instances_hier/accel/instances_hier/fft/instances_comb/g266666/pins_out/S
/designs/et4351/instances_hier/accel/instances_hier/fft/instances_comb/g266667/pins_out/S
/designs/et4351/instances_hier/accel/instances_hier/fft/instances_comb/g266668/pins_out/S
/designs/et4351/instances_hier/accel/instances_hier/fft/instances_comb/g266669/pins_out/S
/designs/et4351/instances_hier/accel/instances_hier/fft/instances_comb/g266670/pins_out/S
/designs/et4351/instances_hier/accel/instances_hier/fft/instances_comb/g266671/pins_out/S
/designs/et4351/instances_hier/accel/instances_hier/fft/instances_comb/g266672/pins_out/S
/designs/et4351/instances_hier/accel/instances_hier/fft/instances_comb/g266673/pins_out/S
/designs/et4351/instances_hier/accel/instances_hier/fft/instances_comb/g266674/pins_out/S
/designs/et4351/instances_hier/accel/instances_hier/fft/instances_comb/g266675/pins_out/S
/designs/et4351/instances_hier/accel/instances_hier/fft/instances_comb/g266676/pins_out/S
Total number of unloaded combinational elements in design 'et4351' : 15

 Assigns
 ------- 
Encountered an assign statement at subport '/designs/et4351/instances_hier/flash_bufs_3_/subports_out/soc_i' in module bidir_buf
Encountered an assign statement at subport '/designs/et4351/instances_hier/flash_bufs_3_/subports_out/io' in module bidir_buf
Encountered an assign statement at subport '/designs/et4351/instances_hier/flash_bufs_0_/subports_out/soc_i' in module bidir_buf_2262
Encountered an assign statement at subport '/designs/et4351/instances_hier/flash_bufs_0_/subports_out/io' in module bidir_buf_2262
Encountered an assign statement at subport '/designs/et4351/instances_hier/flash_bufs_1_/subports_out/soc_i' in module bidir_buf_2263
Encountered an assign statement at subport '/designs/et4351/instances_hier/flash_bufs_1_/subports_out/io' in module bidir_buf_2263
Encountered an assign statement at subport '/designs/et4351/instances_hier/flash_bufs_2_/subports_out/soc_i' in module bidir_buf_2264
Encountered an assign statement at subport '/designs/et4351/instances_hier/flash_bufs_2_/subports_out/io' in module bidir_buf_2264
Total number of assign statements in design 'et4351' : 8

 Undriven Port(s)/Pin(s)
 ------------------------
No undriven combinational pin in 'et4351'

No undriven sequential pin in 'et4351'

The following hierarchical pin(s) in design 'et4351' are undriven
/designs/et4351/instances_hier/accel/pins_in/iomem_addr[1] 	 (fanout : 0)
/designs/et4351/instances_hier/accel/pins_in/iomem_addr[0] 	 (fanout : 0)
/designs/et4351/instances_hier/soc/pins_in/irq_5 	 (fanout : 0)
/designs/et4351/instances_hier/soc/pins_in/irq_6 	 (fanout : 0)
/designs/et4351/instances_hier/soc/pins_in/irq_7 	 (fanout : 0)
/designs/et4351/instances_hier/accel/instances_hier/fft/pins_in/resetn 	 (fanout : 0)
/designs/et4351/instances_hier/soc/instances_hier/cpu/instances_hier/genblk1.pcpi_mul/pins_in/pcpi_insn[24] 	 (fanout : 0)
/designs/et4351/instances_hier/soc/instances_hier/cpu/instances_hier/genblk1.pcpi_mul/pins_in/pcpi_insn[23] 	 (fanout : 0)
/designs/et4351/instances_hier/soc/instances_hier/cpu/instances_hier/genblk1.pcpi_mul/pins_in/pcpi_insn[22] 	 (fanout : 0)
/designs/et4351/instances_hier/soc/instances_hier/cpu/instances_hier/genblk1.pcpi_mul/pins_in/pcpi_insn[21] 	 (fanout : 0)
/designs/et4351/instances_hier/soc/instances_hier/cpu/instances_hier/genblk1.pcpi_mul/pins_in/pcpi_insn[20] 	 (fanout : 0)
/designs/et4351/instances_hier/soc/instances_hier/cpu/instances_hier/genblk1.pcpi_mul/pins_in/pcpi_insn[19] 	 (fanout : 0)
/designs/et4351/instances_hier/soc/instances_hier/cpu/instances_hier/genblk1.pcpi_mul/pins_in/pcpi_insn[18] 	 (fanout : 0)
/designs/et4351/instances_hier/soc/instances_hier/cpu/instances_hier/genblk1.pcpi_mul/pins_in/pcpi_insn[17] 	 (fanout : 0)
/designs/et4351/instances_hier/soc/instances_hier/cpu/instances_hier/genblk1.pcpi_mul/pins_in/pcpi_insn[16] 	 (fanout : 0)
/designs/et4351/instances_hier/soc/instances_hier/cpu/instances_hier/genblk1.pcpi_mul/pins_in/pcpi_insn[15] 	 (fanout : 0)
/designs/et4351/instances_hier/soc/instances_hier/cpu/instances_hier/genblk1.pcpi_mul/pins_in/pcpi_insn[11] 	 (fanout : 0)
/designs/et4351/instances_hier/soc/instances_hier/cpu/instances_hier/genblk1.pcpi_mul/pins_in/pcpi_insn[10] 	 (fanout : 0)
/designs/et4351/instances_hier/soc/instances_hier/cpu/instances_hier/genblk1.pcpi_mul/pins_in/pcpi_insn[9] 	 (fanout : 0)
/designs/et4351/instances_hier/soc/instances_hier/cpu/instances_hier/genblk1.pcpi_mul/pins_in/pcpi_insn[8] 	 (fanout : 0)
/designs/et4351/instances_hier/soc/instances_hier/cpu/instances_hier/genblk1.pcpi_mul/pins_in/pcpi_insn[7] 	 (fanout : 0)
/designs/et4351/instances_hier/soc/instances_hier/cpu/instances_hier/genblk2.pcpi_div/pins_in/pcpi_insn[24] 	 (fanout : 0)
/designs/et4351/instances_hier/soc/instances_hier/cpu/instances_hier/genblk2.pcpi_div/pins_in/pcpi_insn[23] 	 (fanout : 0)
/designs/et4351/instances_hier/soc/instances_hier/cpu/instances_hier/genblk2.pcpi_div/pins_in/pcpi_insn[22] 	 (fanout : 0)
/designs/et4351/instances_hier/soc/instances_hier/cpu/instances_hier/genblk2.pcpi_div/pins_in/pcpi_insn[21] 	 (fanout : 0)
/designs/et4351/instances_hier/soc/instances_hier/cpu/instances_hier/genblk2.pcpi_div/pins_in/pcpi_insn[20] 	 (fanout : 0)
/designs/et4351/instances_hier/soc/instances_hier/cpu/instances_hier/genblk2.pcpi_div/pins_in/pcpi_insn[19] 	 (fanout : 0)
/designs/et4351/instances_hier/soc/instances_hier/cpu/instances_hier/genblk2.pcpi_div/pins_in/pcpi_insn[18] 	 (fanout : 0)
/designs/et4351/instances_hier/soc/instances_hier/cpu/instances_hier/genblk2.pcpi_div/pins_in/pcpi_insn[17] 	 (fanout : 0)
/designs/et4351/instances_hier/soc/instances_hier/cpu/instances_hier/genblk2.pcpi_div/pins_in/pcpi_insn[16] 	 (fanout : 0)
/designs/et4351/instances_hier/soc/instances_hier/cpu/instances_hier/genblk2.pcpi_div/pins_in/pcpi_insn[15] 	 (fanout : 0)
/designs/et4351/instances_hier/soc/instances_hier/cpu/instances_hier/genblk2.pcpi_div/pins_in/pcpi_insn[11] 	 (fanout : 0)
/designs/et4351/instances_hier/soc/instances_hier/cpu/instances_hier/genblk2.pcpi_div/pins_in/pcpi_insn[10] 	 (fanout : 0)
/designs/et4351/instances_hier/soc/instances_hier/cpu/instances_hier/genblk2.pcpi_div/pins_in/pcpi_insn[9] 	 (fanout : 0)
/designs/et4351/instances_hier/soc/instances_hier/cpu/instances_hier/genblk2.pcpi_div/pins_in/pcpi_insn[8] 	 (fanout : 0)
/designs/et4351/instances_hier/soc/instances_hier/cpu/instances_hier/genblk2.pcpi_div/pins_in/pcpi_insn[7] 	 (fanout : 0)
/designs/et4351/instances_hier/soc/instances_hier/cpu/pins_in/pcpi_wr 	 (fanout : 0)
/designs/et4351/instances_hier/soc/instances_hier/cpu/pins_in/pcpi_rd[31] 	 (fanout : 0)
/designs/et4351/instances_hier/soc/instances_hier/cpu/pins_in/pcpi_rd[30] 	 (fanout : 0)
/designs/et4351/instances_hier/soc/instances_hier/cpu/pins_in/pcpi_rd[29] 	 (fanout : 0)
/designs/et4351/instances_hier/soc/instances_hier/cpu/pins_in/pcpi_rd[28] 	 (fanout : 0)
/designs/et4351/instances_hier/soc/instances_hier/cpu/pins_in/pcpi_rd[27] 	 (fanout : 0)
/designs/et4351/instances_hier/soc/instances_hier/cpu/pins_in/pcpi_rd[26] 	 (fanout : 0)
/designs/et4351/instances_hier/soc/instances_hier/cpu/pins_in/pcpi_rd[25] 	 (fanout : 0)
/designs/et4351/instances_hier/soc/instances_hier/cpu/pins_in/pcpi_rd[24] 	 (fanout : 0)
/designs/et4351/instances_hier/soc/instances_hier/cpu/pins_in/pcpi_rd[23] 	 (fanout : 0)
/designs/et4351/instances_hier/soc/instances_hier/cpu/pins_in/pcpi_rd[22] 	 (fanout : 0)
/designs/et4351/instances_hier/soc/instances_hier/cpu/pins_in/pcpi_rd[21] 	 (fanout : 0)
/designs/et4351/instances_hier/soc/instances_hier/cpu/pins_in/pcpi_rd[20] 	 (fanout : 0)
/designs/et4351/instances_hier/soc/instances_hier/cpu/pins_in/pcpi_rd[19] 	 (fanout : 0)
/designs/et4351/instances_hier/soc/instances_hier/cpu/pins_in/pcpi_rd[18] 	 (fanout : 0)
/designs/et4351/instances_hier/soc/instances_hier/cpu/pins_in/pcpi_rd[17] 	 (fanout : 0)
/designs/et4351/instances_hier/soc/instances_hier/cpu/pins_in/pcpi_rd[16] 	 (fanout : 0)
/designs/et4351/instances_hier/soc/instances_hier/cpu/pins_in/pcpi_rd[15] 	 (fanout : 0)
/designs/et4351/instances_hier/soc/instances_hier/cpu/pins_in/pcpi_rd[14] 	 (fanout : 0)
/designs/et4351/instances_hier/soc/instances_hier/cpu/pins_in/pcpi_rd[13] 	 (fanout : 0)
/designs/et4351/instances_hier/soc/instances_hier/cpu/pins_in/pcpi_rd[12] 	 (fanout : 0)
/designs/et4351/instances_hier/soc/instances_hier/cpu/pins_in/pcpi_rd[11] 	 (fanout : 0)
/designs/et4351/instances_hier/soc/instances_hier/cpu/pins_in/pcpi_rd[10] 	 (fanout : 0)
/designs/et4351/instances_hier/soc/instances_hier/cpu/pins_in/pcpi_rd[9] 	 (fanout : 0)
/designs/et4351/instances_hier/soc/instances_hier/cpu/pins_in/pcpi_rd[8] 	 (fanout : 0)
/designs/et4351/instances_hier/soc/instances_hier/cpu/pins_in/pcpi_rd[7] 	 (fanout : 0)
/designs/et4351/instances_hier/soc/instances_hier/cpu/pins_in/pcpi_rd[6] 	 (fanout : 0)
/designs/et4351/instances_hier/soc/instances_hier/cpu/pins_in/pcpi_rd[5] 	 (fanout : 0)
/designs/et4351/instances_hier/soc/instances_hier/cpu/pins_in/pcpi_rd[4] 	 (fanout : 0)
/designs/et4351/instances_hier/soc/instances_hier/cpu/pins_in/pcpi_rd[3] 	 (fanout : 0)
/designs/et4351/instances_hier/soc/instances_hier/cpu/pins_in/pcpi_rd[2] 	 (fanout : 0)
/designs/et4351/instances_hier/soc/instances_hier/cpu/pins_in/pcpi_rd[1] 	 (fanout : 0)
/designs/et4351/instances_hier/soc/instances_hier/cpu/pins_in/pcpi_rd[0] 	 (fanout : 0)
/designs/et4351/instances_hier/soc/instances_hier/cpu/pins_in/pcpi_wait 	 (fanout : 0)
/designs/et4351/instances_hier/soc/instances_hier/cpu/pins_in/pcpi_ready 	 (fanout : 0)
/designs/et4351/instances_hier/soc/instances_hier/cpu/pins_in/irq[31] 	 (fanout : 0)
/designs/et4351/instances_hier/soc/instances_hier/cpu/pins_in/irq[30] 	 (fanout : 0)
/designs/et4351/instances_hier/soc/instances_hier/cpu/pins_in/irq[29] 	 (fanout : 0)
/designs/et4351/instances_hier/soc/instances_hier/cpu/pins_in/irq[28] 	 (fanout : 0)
/designs/et4351/instances_hier/soc/instances_hier/cpu/pins_in/irq[27] 	 (fanout : 0)
/designs/et4351/instances_hier/soc/instances_hier/cpu/pins_in/irq[26] 	 (fanout : 0)
/designs/et4351/instances_hier/soc/instances_hier/cpu/pins_in/irq[25] 	 (fanout : 0)
/designs/et4351/instances_hier/soc/instances_hier/cpu/pins_in/irq[24] 	 (fanout : 0)
/designs/et4351/instances_hier/soc/instances_hier/cpu/pins_in/irq[23] 	 (fanout : 0)
/designs/et4351/instances_hier/soc/instances_hier/cpu/pins_in/irq[22] 	 (fanout : 0)
/designs/et4351/instances_hier/soc/instances_hier/cpu/pins_in/irq[21] 	 (fanout : 0)
/designs/et4351/instances_hier/soc/instances_hier/cpu/pins_in/irq[20] 	 (fanout : 0)
/designs/et4351/instances_hier/soc/instances_hier/cpu/pins_in/irq[19] 	 (fanout : 0)
/designs/et4351/instances_hier/soc/instances_hier/cpu/pins_in/irq[18] 	 (fanout : 0)
/designs/et4351/instances_hier/soc/instances_hier/cpu/pins_in/irq[17] 	 (fanout : 0)
/designs/et4351/instances_hier/soc/instances_hier/cpu/pins_in/irq[16] 	 (fanout : 0)
/designs/et4351/instances_hier/soc/instances_hier/cpu/pins_in/irq[15] 	 (fanout : 0)
/designs/et4351/instances_hier/soc/instances_hier/cpu/pins_in/irq[14] 	 (fanout : 0)
/designs/et4351/instances_hier/soc/instances_hier/cpu/pins_in/irq[13] 	 (fanout : 0)
/designs/et4351/instances_hier/soc/instances_hier/cpu/pins_in/irq[12] 	 (fanout : 0)
/designs/et4351/instances_hier/soc/instances_hier/cpu/pins_in/irq[11] 	 (fanout : 0)
/designs/et4351/instances_hier/soc/instances_hier/cpu/pins_in/irq[10] 	 (fanout : 0)
/designs/et4351/instances_hier/soc/instances_hier/cpu/pins_in/irq[9] 	 (fanout : 0)
/designs/et4351/instances_hier/soc/instances_hier/cpu/pins_in/irq[8] 	 (fanout : 0)
/designs/et4351/instances_hier/soc/instances_hier/cpu/pins_in/irq[7] 	 (fanout : 0)
/designs/et4351/instances_hier/soc/instances_hier/cpu/pins_in/irq[6] 	 (fanout : 0)
/designs/et4351/instances_hier/soc/instances_hier/cpu/pins_in/irq[5] 	 (fanout : 0)
/designs/et4351/instances_hier/soc/instances_hier/cpu/pins_in/irq[4] 	 (fanout : 0)
/designs/et4351/instances_hier/soc/instances_hier/cpu/pins_in/irq[3] 	 (fanout : 0)
/designs/et4351/instances_hier/soc/instances_hier/cpu/pins_in/irq[2] 	 (fanout : 0)
/designs/et4351/instances_hier/soc/instances_hier/cpu/pins_in/irq[1] 	 (fanout : 0)
/designs/et4351/instances_hier/soc/instances_hier/cpu/pins_in/irq[0] 	 (fanout : 0)
/designs/et4351/instances_hier/soc/instances_hier/memory/pins_in/addr[21] 	 (fanout : 0)
/designs/et4351/instances_hier/soc/instances_hier/memory/pins_in/addr[20] 	 (fanout : 0)
/designs/et4351/instances_hier/soc/instances_hier/memory/pins_in/addr[19] 	 (fanout : 0)
/designs/et4351/instances_hier/soc/instances_hier/memory/pins_in/addr[18] 	 (fanout : 0)
/designs/et4351/instances_hier/soc/instances_hier/memory/pins_in/addr[17] 	 (fanout : 0)
/designs/et4351/instances_hier/soc/instances_hier/memory/pins_in/addr[16] 	 (fanout : 0)
/designs/et4351/instances_hier/soc/instances_hier/memory/pins_in/addr[15] 	 (fanout : 0)
/designs/et4351/instances_hier/soc/instances_hier/memory/pins_in/addr[14] 	 (fanout : 0)
/designs/et4351/instances_hier/soc/instances_hier/memory/pins_in/addr[13] 	 (fanout : 0)
/designs/et4351/instances_hier/soc/instances_hier/memory/pins_in/addr[12] 	 (fanout : 0)
/designs/et4351/instances_hier/soc/instances_hier/memory/pins_in/addr[11] 	 (fanout : 0)
/designs/et4351/instances_hier/soc/instances_hier/memory/pins_in/addr[10] 	 (fanout : 0)
/designs/et4351/instances_hier/soc/instances_hier/memory/pins_in/addr[9] 	 (fanout : 0)
/designs/et4351/instances_hier/soc/instances_hier/memory/pins_in/addr[8] 	 (fanout : 0)
/designs/et4351/instances_hier/soc/instances_hier/simpleuart/pins_in/reg_div_di[7] 	 (fanout : 0)
/designs/et4351/instances_hier/soc/instances_hier/simpleuart/pins_in/reg_div_di[6] 	 (fanout : 0)
/designs/et4351/instances_hier/soc/instances_hier/simpleuart/pins_in/reg_div_di[5] 	 (fanout : 0)
/designs/et4351/instances_hier/soc/instances_hier/simpleuart/pins_in/reg_div_di[4] 	 (fanout : 0)
/designs/et4351/instances_hier/soc/instances_hier/simpleuart/pins_in/reg_div_di[3] 	 (fanout : 0)
/designs/et4351/instances_hier/soc/instances_hier/simpleuart/pins_in/reg_div_di[2] 	 (fanout : 0)
/designs/et4351/instances_hier/soc/instances_hier/simpleuart/pins_in/reg_div_di[1] 	 (fanout : 0)
/designs/et4351/instances_hier/soc/instances_hier/simpleuart/pins_in/reg_div_di[0] 	 (fanout : 0)
/designs/et4351/instances_hier/soc/instances_hier/simpleuart/pins_in/reg_dat_di[31] 	 (fanout : 0)
/designs/et4351/instances_hier/soc/instances_hier/simpleuart/pins_in/reg_dat_di[30] 	 (fanout : 0)
/designs/et4351/instances_hier/soc/instances_hier/simpleuart/pins_in/reg_dat_di[29] 	 (fanout : 0)
/designs/et4351/instances_hier/soc/instances_hier/simpleuart/pins_in/reg_dat_di[28] 	 (fanout : 0)
/designs/et4351/instances_hier/soc/instances_hier/simpleuart/pins_in/reg_dat_di[27] 	 (fanout : 0)
/designs/et4351/instances_hier/soc/instances_hier/simpleuart/pins_in/reg_dat_di[26] 	 (fanout : 0)
/designs/et4351/instances_hier/soc/instances_hier/simpleuart/pins_in/reg_dat_di[25] 	 (fanout : 0)
/designs/et4351/instances_hier/soc/instances_hier/simpleuart/pins_in/reg_dat_di[24] 	 (fanout : 0)
/designs/et4351/instances_hier/soc/instances_hier/simpleuart/pins_in/reg_dat_di[23] 	 (fanout : 0)
/designs/et4351/instances_hier/soc/instances_hier/simpleuart/pins_in/reg_dat_di[22] 	 (fanout : 0)
/designs/et4351/instances_hier/soc/instances_hier/simpleuart/pins_in/reg_dat_di[21] 	 (fanout : 0)
/designs/et4351/instances_hier/soc/instances_hier/simpleuart/pins_in/reg_dat_di[20] 	 (fanout : 0)
/designs/et4351/instances_hier/soc/instances_hier/simpleuart/pins_in/reg_dat_di[19] 	 (fanout : 0)
/designs/et4351/instances_hier/soc/instances_hier/simpleuart/pins_in/reg_dat_di[18] 	 (fanout : 0)
/designs/et4351/instances_hier/soc/instances_hier/simpleuart/pins_in/reg_dat_di[17] 	 (fanout : 0)
/designs/et4351/instances_hier/soc/instances_hier/simpleuart/pins_in/reg_dat_di[16] 	 (fanout : 0)
/designs/et4351/instances_hier/soc/instances_hier/simpleuart/pins_in/reg_dat_di[15] 	 (fanout : 0)
/designs/et4351/instances_hier/soc/instances_hier/simpleuart/pins_in/reg_dat_di[14] 	 (fanout : 0)
/designs/et4351/instances_hier/soc/instances_hier/simpleuart/pins_in/reg_dat_di[13] 	 (fanout : 0)
/designs/et4351/instances_hier/soc/instances_hier/simpleuart/pins_in/reg_dat_di[12] 	 (fanout : 0)
/designs/et4351/instances_hier/soc/instances_hier/simpleuart/pins_in/reg_dat_di[11] 	 (fanout : 0)
/designs/et4351/instances_hier/soc/instances_hier/simpleuart/pins_in/reg_dat_di[10] 	 (fanout : 0)
/designs/et4351/instances_hier/soc/instances_hier/simpleuart/pins_in/reg_dat_di[9] 	 (fanout : 0)
/designs/et4351/instances_hier/soc/instances_hier/simpleuart/pins_in/reg_dat_di[8] 	 (fanout : 0)
/designs/et4351/instances_hier/soc/instances_hier/spimemio/pins_in/addr[1] 	 (fanout : 0)
/designs/et4351/instances_hier/soc/instances_hier/spimemio/pins_in/addr[0] 	 (fanout : 0)
/designs/et4351/instances_hier/soc/instances_hier/spimemio/pins_in/cfgreg_di[30] 	 (fanout : 0)
/designs/et4351/instances_hier/soc/instances_hier/spimemio/pins_in/cfgreg_di[29] 	 (fanout : 0)
/designs/et4351/instances_hier/soc/instances_hier/spimemio/pins_in/cfgreg_di[28] 	 (fanout : 0)
/designs/et4351/instances_hier/soc/instances_hier/spimemio/pins_in/cfgreg_di[27] 	 (fanout : 0)
/designs/et4351/instances_hier/soc/instances_hier/spimemio/pins_in/cfgreg_di[26] 	 (fanout : 0)
/designs/et4351/instances_hier/soc/instances_hier/spimemio/pins_in/cfgreg_di[25] 	 (fanout : 0)
/designs/et4351/instances_hier/soc/instances_hier/spimemio/pins_in/cfgreg_di[24] 	 (fanout : 0)
/designs/et4351/instances_hier/soc/instances_hier/spimemio/pins_in/cfgreg_di[23] 	 (fanout : 0)
/designs/et4351/instances_hier/soc/instances_hier/spimemio/pins_in/cfgreg_di[15] 	 (fanout : 0)
/designs/et4351/instances_hier/soc/instances_hier/spimemio/pins_in/cfgreg_di[14] 	 (fanout : 0)
/designs/et4351/instances_hier/soc/instances_hier/spimemio/pins_in/cfgreg_di[13] 	 (fanout : 0)
/designs/et4351/instances_hier/soc/instances_hier/spimemio/pins_in/cfgreg_di[12] 	 (fanout : 0)
/designs/et4351/instances_hier/soc/instances_hier/spimemio/pins_in/cfgreg_di[7] 	 (fanout : 0)
/designs/et4351/instances_hier/soc/instances_hier/spimemio/pins_in/cfgreg_di[6] 	 (fanout : 0)
/designs/et4351/instances_hier/soc/instances_hier/spimemio/instances_hier/xfer/pins_in/din_tag[3] 	 (fanout : 0)
/designs/et4351/instances_hier/soc/instances_hier/spimemio/instances_hier/xfer/pins_in/din_cont 	 (fanout : 0)
Total number of hierarchical undriven pins in design 'et4351' : 167

No undriven port in 'et4351'

 Multidriven Port(s)/Pin(s)
--------------------------

The following combinational pin(s) in design 'et4351' are multidriven
/designs/et4351/instances_comb/drc_bufs18/pins_in/A
/designs/et4351/instances_comb/drc_bufs21/pins_in/A
/designs/et4351/instances_comb/drc_bufs24/pins_in/A
/designs/et4351/instances_comb/drc_bufs27/pins_in/A
Total number of combinational multidriven pin(s) in design 'et4351' : 4

No multidriven sequential pin in 'et4351'

No multidriven hierarchical pin in 'et4351'

No multidriven ports in 'et4351'

No multidriven unloaded nets in 'et4351'

  Constant Pin(s)
  ----------------
No constant combinational pin(s) in design 'et4351'

design 'et4351' has the following constant input sequential pin(s)
/designs/et4351/instances_hier/soc/instances_hier/memory/instances_seq/sram_0/pins_in/CSB
/designs/et4351/instances_hier/soc/instances_hier/memory/instances_seq/sram_0/pins_in/OEB
/designs/et4351/instances_hier/soc/instances_hier/memory/instances_seq/sram_1/pins_in/CSB
/designs/et4351/instances_hier/soc/instances_hier/memory/instances_seq/sram_1/pins_in/OEB
/designs/et4351/instances_hier/soc/instances_hier/memory/instances_seq/sram_2/pins_in/CSB
/designs/et4351/instances_hier/soc/instances_hier/memory/instances_seq/sram_2/pins_in/OEB
/designs/et4351/instances_hier/soc/instances_hier/memory/instances_seq/sram_3/pins_in/CSB
/designs/et4351/instances_hier/soc/instances_hier/memory/instances_seq/sram_3/pins_in/OEB
/designs/et4351/instances_hier/soc/instances_hier/spimemio/instances_seq/xfer_io0_90_reg/pins_in/RN
/designs/et4351/instances_hier/soc/instances_hier/spimemio/instances_seq/xfer_io0_90_reg/pins_in/SN
/designs/et4351/instances_hier/soc/instances_hier/spimemio/instances_seq/xfer_io1_90_reg/pins_in/RN
/designs/et4351/instances_hier/soc/instances_hier/spimemio/instances_seq/xfer_io1_90_reg/pins_in/SN
/designs/et4351/instances_hier/soc/instances_hier/spimemio/instances_seq/xfer_io2_90_reg/pins_in/RN
/designs/et4351/instances_hier/soc/instances_hier/spimemio/instances_seq/xfer_io2_90_reg/pins_in/SN
/designs/et4351/instances_hier/soc/instances_hier/spimemio/instances_seq/xfer_io3_90_reg/pins_in/RN
/designs/et4351/instances_hier/soc/instances_hier/spimemio/instances_seq/xfer_io3_90_reg/pins_in/SN
Total number of constant sequential pins in design 'et4351' : 16

No constant hierarchical pin(s) in design 'et4351'

No constant connected ports in design 'et4351'

  Preserved instances(s)
  ----------------
No preserved combinational instance(s) in design 'et4351'
design 'et4351' has the following preserved sequential instance(s)
/designs/et4351/instances_hier/soc/instances_hier/memory/instances_seq/sram_0
/designs/et4351/instances_hier/soc/instances_hier/memory/instances_seq/sram_1
/designs/et4351/instances_hier/soc/instances_hier/memory/instances_seq/sram_2
/designs/et4351/instances_hier/soc/instances_hier/memory/instances_seq/sram_3
Total number of preserved sequential instances in design 'et4351' : 4
No preserved hierarchical instance(s) in design 'et4351'

  Physical only instances(s)
  ----------------
No physical only instance(s) in design 'et4351'

  Logical only instance(s) and linked libcells
    -----------------------------------------
No logical only instance(s) in design 'et4351'

Libcells with no corresponding LEF
----------------------------------
No libcell(s) found.

LEF cells with no corresponding libcell
---------------------------------------
/libraries/physical_cells/libcells/DFF2RX1
/libraries/physical_cells/libcells/DFF2RX2
/libraries/physical_cells/libcells/DFF2X1
/libraries/physical_cells/libcells/DFF2X2
/libraries/physical_cells/libcells/DFF4RX1
/libraries/physical_cells/libcells/DFF4RX2
/libraries/physical_cells/libcells/DFF4X1
/libraries/physical_cells/libcells/DFF4X2
/libraries/physical_cells/libcells/FILL1
/libraries/physical_cells/libcells/FILL16
/libraries/physical_cells/libcells/FILL2
/libraries/physical_cells/libcells/FILL32
/libraries/physical_cells/libcells/FILL4
/libraries/physical_cells/libcells/FILL64
/libraries/physical_cells/libcells/FILL8
/libraries/physical_cells/libcells/FSWNX1
/libraries/physical_cells/libcells/FSWX1
/libraries/physical_cells/libcells/HSWDNX1
/libraries/physical_cells/libcells/HSWDX1
/libraries/physical_cells/libcells/HSWNX1
/libraries/physical_cells/libcells/HSWX1
/libraries/physical_cells/libcells/ISOHLDX1_OFF
/libraries/physical_cells/libcells/ISOHLDX1_ON
/libraries/physical_cells/libcells/ISOHX1_OFF
/libraries/physical_cells/libcells/ISOHX1_ON
/libraries/physical_cells/libcells/ISOLX1_OFF
/libraries/physical_cells/libcells/ISOLX1_ON
/libraries/physical_cells/libcells/ISONLX1_OFF
/libraries/physical_cells/libcells/ISONLX1_ON
/libraries/physical_cells/libcells/LSHL_ISOH_X1_FROM_OFF
/libraries/physical_cells/libcells/LSHL_ISOH_X1_TO_ON
/libraries/physical_cells/libcells/LSHL_ISOL_X1_FROM_OFF
/libraries/physical_cells/libcells/LSHL_ISOL_X1_TO_ON
/libraries/physical_cells/libcells/LSHL_ISONH_X1_FROM_OFF
/libraries/physical_cells/libcells/LSHL_ISONH_X1_TO_ON
/libraries/physical_cells/libcells/LSHL_ISONL_X1_FROM_OFF
/libraries/physical_cells/libcells/LSHL_ISONL_X1_TO_ON
/libraries/physical_cells/libcells/LSHLX1_FROM
/libraries/physical_cells/libcells/LSHLX1_TO
/libraries/physical_cells/libcells/LSLH_ISOH_X1_FROM_OFF
/libraries/physical_cells/libcells/LSLH_ISOH_X1_TO_ON
/libraries/physical_cells/libcells/LSLH_ISOL_X1_FROM_OFF
/libraries/physical_cells/libcells/LSLH_ISOL_X1_TO_ON
/libraries/physical_cells/libcells/LSLH_ISONH_X1_FROM_OFF
/libraries/physical_cells/libcells/LSLH_ISONH_X1_TO_ON
/libraries/physical_cells/libcells/LSLH_ISONL_X1_FROM_OFF
/libraries/physical_cells/libcells/LSLH_ISONL_X1_TO_ON
/libraries/physical_cells/libcells/LSLHX1_FROM
/libraries/physical_cells/libcells/LSLHX1_TO
/libraries/physical_cells/libcells/PBUFX2
/libraries/physical_cells/libcells/PINVX1
/libraries/physical_cells/libcells/RDFFNQX1
/libraries/physical_cells/libcells/RDFFNRQX1
/libraries/physical_cells/libcells/RDFFNRX1
/libraries/physical_cells/libcells/RDFFNSQX1
/libraries/physical_cells/libcells/RDFFNSRQX1
/libraries/physical_cells/libcells/RDFFNSRX1
/libraries/physical_cells/libcells/RDFFNSX1
/libraries/physical_cells/libcells/RDFFNX1
/libraries/physical_cells/libcells/RDFFQX1
/libraries/physical_cells/libcells/RDFFRQX1
/libraries/physical_cells/libcells/RDFFRX1
/libraries/physical_cells/libcells/RDFFSQX1
/libraries/physical_cells/libcells/RDFFSRQX1
/libraries/physical_cells/libcells/RDFFSRX1
/libraries/physical_cells/libcells/RDFFSX1
/libraries/physical_cells/libcells/RDFFX1
/libraries/physical_cells/libcells/RTLATRX1
/libraries/physical_cells/libcells/RTLATSRX1
/libraries/physical_cells/libcells/RTLATX1
/libraries/physical_cells/libcells/SDFF2RX1
/libraries/physical_cells/libcells/SDFF2RX2
/libraries/physical_cells/libcells/SDFF4RX1
/libraries/physical_cells/libcells/SDFF4RX2
/libraries/physical_cells/libcells/SPDFF2RX1
/libraries/physical_cells/libcells/SPDFF2RX2
/libraries/physical_cells/libcells/SPDFF4RX1
/libraries/physical_cells/libcells/SPDFF4RX2
/libraries/physical_cells/libcells/SRDFFNQX1
/libraries/physical_cells/libcells/SRDFFNRQX1
/libraries/physical_cells/libcells/SRDFFNRX1
/libraries/physical_cells/libcells/SRDFFNSQX1
/libraries/physical_cells/libcells/SRDFFNSRQX1
/libraries/physical_cells/libcells/SRDFFNSRX1
/libraries/physical_cells/libcells/SRDFFNSX1
/libraries/physical_cells/libcells/SRDFFNX1
/libraries/physical_cells/libcells/SRDFFQX1
/libraries/physical_cells/libcells/SRDFFRQX1
/libraries/physical_cells/libcells/SRDFFRX1
/libraries/physical_cells/libcells/SRDFFSQX1
/libraries/physical_cells/libcells/SRDFFSRQX1
/libraries/physical_cells/libcells/SRDFFSRX1
/libraries/physical_cells/libcells/SRDFFSX1
/libraries/physical_cells/libcells/SRDFFX1
/libraries/physical_cells/libcells/HSWBX1
/libraries/physical_cells/libcells/HSWCX1
Total number cell(s) with only physical (LEF) Info : 96

 Summary
 ------- 

              Name                       Total
----------------------------------------------
Unresolved References                        0
Empty Modules                                0
Unloaded Port(s)                             0
Unloaded Sequential Pin(s)                   0
Unloaded Combinational Pin(s)               15
Assigns                                      8
Undriven Port(s)                             0
Undriven Leaf Pin(s)                         0
Undriven hierarchical pin(s)               167
Multidriven Port(s)                          0
Multidriven Leaf Pin(s)                      4
Multidriven hierarchical Pin(s)              0
Multidriven unloaded net(s)                  0
Constant Port(s)                             0
Constant Leaf Pin(s)                        16
Constant hierarchical Pin(s)                 0
Preserved leaf instance(s)                   4
Preserved hierarchical instance(s)           0
Feedthrough Modules(s)                       0
Libcells with no LEF cell                    0
Physical (LEF) cells with no libcell        96
Subdesigns with long module name             0
Physical only instance(s)                    0
Logical only instance(s)                     0

  Done Checking the design.
