============================================================
  Generated by:           Genus(TM) Synthesis Solution 21.10-p002_1
  Generated on:           Apr 03 2026  05:04:06 pm
  Module:                 et4351
  Technology libraries:   slow_vdd1v0 1.0
                          saed32sram_ss0p95vn40c 1.0000000
                          physical_cells 
  Operating conditions:   PVT_0P9V_125C 
  Interconnect mode:      global
  Area mode:              physical library
============================================================

                                                  Wire      Wire   Wireload 
              Net               Loads   Drivers Cap(fF) Res(k-ohm)    Model 
----------------------------------------------------------------------------
soc/cpu/n_358                      82         1   156.0      0.283          
accel/n_90                         80         1   152.2      0.276          
soc/cpu/n_189                      79         1   150.3      0.273          
accel/mem/n_134                    78         1   148.4      0.269          
accel/mem/n_6607                   76         1   144.7      0.263          
accel/mem/n_2908                   74         1   140.9      0.256          
accel/mem/n_2930                   74         1   140.9      0.256          
accel/mem/n_3004                   74         1   140.9      0.256          
accel/fft/n_1680                   72         1   137.2      0.249          
accel/fft/n_1685                   72         1   137.2      0.249          
accel/mem/n_2866                   72         1   137.2      0.249          
accel/mem/n_2914                   72         1   137.2      0.249          
soc/cpu/genblk1.pcpi_mul/n_26      72         1   137.2      0.249          
soc/cpu/n_187                      72         1   137.2      0.249          
accel/fft/n_8569                   71         1   135.3      0.246          
soc/cpu/genblk2.pcpi_div/n_16      71         1   135.3      0.246          
accel/mem/n_2843                   70         1   133.4      0.242          
soc/cpu/genblk1.pcpi_mul/n_23      69         1   131.5      0.239          
soc/cpu/n_178                      69         1   131.5      0.239          
accel/fft/n_8741                   68         1   129.7      0.235          
accel/fft/n_8743                   68         1   129.7      0.235          
accel/fft/n_9483                   68         1   129.7      0.235          
soc/cpu/genblk1.pcpi_mul/n_21      68         1   129.7      0.235          
soc/cpu/n_338                      68         1   129.7      0.235          
accel/fft/n_8203                   67         1   127.8      0.232          
accel/mem/n_2912                   67         1   127.8      0.232          
accel/fft/n_2336                   66         1   125.9      0.229          
accel/fft/n_8201                   66         1   125.9      0.229          
accel/fft/n_8738                   66         1   125.9      0.229          
accel/fft/n_9482                   66         1   125.9      0.229          
accel/mem/n_2923                   66         1   125.9      0.229          
accel/fft/n_8205                   65         1   124.0      0.225          
accel/n_99                         65         1   124.0      0.225          
soc/cpu/n_173                      65         1   124.0      0.225          
soc/cpu/n_180                      65         1   124.0      0.225          
soc/cpu/n_182                      65         1   124.0      0.225          
accel/fft/n_1678                   64         1   122.2      0.222          
accel/fft/n_1873                   64         1   122.2      0.222          
accel/fft/n_1874                   64         1   122.2      0.222          
accel/fft/n_1875                   64         1   122.2      0.222          
accel/fft/n_1876                   64         1   122.2      0.222          
accel/fft/n_1877                   64         1   122.2      0.222          
accel/fft/n_1883                   64         1   122.2      0.222          
accel/fft/n_1885                   64         1   122.2      0.222          
accel/n_89                         64         1   122.2      0.222          
accel/n_91                         64         1   122.2      0.222          
accel/n_93                         64         1   122.2      0.222          
accel/n_96                         64         1   122.2      0.222          
accel/n_97                         64         1   122.2      0.222          
accel/n_98                         64         1   122.2      0.222          
