============================================================
  Generated by:           Genus(TM) Synthesis Solution 21.10-p002_1
  Generated on:           Apr 03 2026  04:46:39 pm
  Module:                 et4351
  Technology libraries:   slow_vdd1v0 1.0
                          saed32sram_ss0p95vn40c 1.0000000
                          physical_cells 
  Operating conditions:   PVT_0P9V_125C 
  Interconnect mode:      global
  Area mode:              physical library
============================================================

Timing
--------

  Clock    Period  
-------------------
clk        83330.0 
flash_clk 166660.0 


        Cost          Critical         Violating 
       Group         Path Slack  TNS     Paths   
-------------------------------------------------
cg_enable_group_clk     32215.2   0.0          0 
clk                     33127.9   0.0          0 
default                No paths   0.0            
flash_clk               35320.0   0.0          0 
-------------------------------------------------
Total                             0.0          0 

Instance Count
--------------
Leaf Instance Count             61832 
Physical Instance count             0 
Sequential Instance Count        9709 
Combinational Instance Count    52123 
Hierarchical Instance Count       706 

Area
----
Cell Area                          218039.911
Physical Cell Area                 0.000
Total Cell Area (Cell+Physical)    218039.911
Net Area                           73991.474
Total Area (Cell+Physical+Net)     292031.385

Max Fanout                         1215 (clk)
Min Fanout                         0 (soc/cpu/eoi[0])
Average Fanout                     2.2
Terms to net ratio                 3.1802
Terms to instance ratio            3.4657
Runtime                            1644.9779430000003 seconds
Elapsed Runtime                    1635 seconds
Genus peak memory usage            1953.05 
Innovus peak memory usage          no_value 
Hostname                           et4351.ewi.tudelft.nl
