============================================================
  Generated by:           Genus(TM) Synthesis Solution 21.10-p002_1
  Generated on:           Apr 03 2026  06:55:12 pm
  Module:                 et4351
  Technology libraries:   slow_vdd1v0 1.0
                          saed32sram_ss0p95vn40c 1.0000000
                          physical_cells 
  Operating conditions:   PVT_0P9V_125C 
  Interconnect mode:      global
  Area mode:              physical library
============================================================

                                    
    Gate      Instances     Area             Library          
--------------------------------------------------------------
ADDFHX4              54     517.104    slow_vdd1v0            
ADDFX1             6313   32385.690    slow_vdd1v0            
ADDFX2              157    1234.962    slow_vdd1v0            
ADDHX1              611    2298.582    slow_vdd1v0            
ADDHX2                1       5.130    slow_vdd1v0            
AND2X1             3242    4435.056    slow_vdd1v0            
AND2X2              256     437.760    slow_vdd1v0            
AND2X4               43     117.648    slow_vdd1v0            
AND2X6               35     131.670    slow_vdd1v0            
AND2X8              168     746.928    slow_vdd1v0            
AND3X1               15      35.910    slow_vdd1v0            
AND3X2               26      71.136    slow_vdd1v0            
AND3X4                7      21.546    slow_vdd1v0            
AND3X6                4      17.784    slow_vdd1v0            
AND3X8               15      76.950    slow_vdd1v0            
AND3XL              101     207.252    slow_vdd1v0            
AND4X1               60     143.640    slow_vdd1v0            
AND4X2               11      33.858    slow_vdd1v0            
AND4X4                5      18.810    slow_vdd1v0            
AND4X6                3      17.442    slow_vdd1v0            
AND4X8                1       6.156    slow_vdd1v0            
AO21X1              166     397.404    slow_vdd1v0            
AO21X2               11      30.096    slow_vdd1v0            
AO21X4               13      44.460    slow_vdd1v0            
AO22X1             3247    8883.792    slow_vdd1v0            
AO22X2                2       6.156    slow_vdd1v0            
AOI211X2              4      13.680    slow_vdd1v0            
AOI211X4              1       6.498    slow_vdd1v0            
AOI21X1            3334    5701.140    slow_vdd1v0            
AOI21X2             168     459.648    slow_vdd1v0            
AOI221X2             28     124.488    slow_vdd1v0            
AOI222X2             22     120.384    slow_vdd1v0            
AOI22X2            3551   13358.862    slow_vdd1v0            
AOI2BB1X1           387     794.124    slow_vdd1v0            
AOI2BB1X2             8      24.624    slow_vdd1v0            
AOI31X2               1       3.420    slow_vdd1v0            
BUFX12                5      25.650    slow_vdd1v0            
BUFX16               15     102.600    slow_vdd1v0            
BUFX2              2374    4059.540    slow_vdd1v0            
BUFX20               18     147.744    slow_vdd1v0            
BUFX3                35      71.820    slow_vdd1v0            
BUFX4                 2       4.788    slow_vdd1v0            
BUFX6                10      30.780    slow_vdd1v0            
BUFX8                 3      11.286    slow_vdd1v0            
CLKAND2X12          118     887.832    slow_vdd1v0            
CLKAND2X2             5      10.260    slow_vdd1v0            
CLKAND2X4            14      47.880    slow_vdd1v0            
CLKAND2X8             2      11.628    slow_vdd1v0            
CLKBUFX12             8      41.040    slow_vdd1v0            
CLKBUFX16             4      27.360    slow_vdd1v0            
CLKBUFX2             73     124.830    slow_vdd1v0            
CLKBUFX20            13     106.704    slow_vdd1v0            
CLKBUFX6              1       3.078    slow_vdd1v0            
CLKBUFX8              1       3.762    slow_vdd1v0            
CLKINVX12           118     484.272    slow_vdd1v0            
CLKINVX16           143     782.496    slow_vdd1v0            
CLKINVX20            61     396.378    slow_vdd1v0            
CLKINVX3              1       1.710    slow_vdd1v0            
CLKINVX4            561     959.310    slow_vdd1v0            
CLKINVX6             99     237.006    slow_vdd1v0            
CLKINVX8            105     323.190    slow_vdd1v0            
CLKMX2X12             4      25.992    slow_vdd1v0            
CLKMX2X2             15      46.170    slow_vdd1v0            
CLKMX2X3             23      94.392    slow_vdd1v0            
CLKMX2X4              6      24.624    slow_vdd1v0            
CLKMX2X8              3      17.442    slow_vdd1v0            
CLKXOR2X1           179     489.744    slow_vdd1v0            
CLKXOR2X2             7      23.940    slow_vdd1v0            
DFFHQX1            2206   12071.232    slow_vdd1v0            
DFFHQX2              43     294.120    slow_vdd1v0            
DFFHQX4             443    3636.144    slow_vdd1v0            
DFFHQX8             212    1957.608    slow_vdd1v0            
DFFNSRX1              4      36.936    slow_vdd1v0            
DFFQX1                1       5.814    slow_vdd1v0            
DFFQX2             1215    7895.070    slow_vdd1v0            
DFFQX4               79     567.378    slow_vdd1v0            
DFFRHQX1             81     498.636    slow_vdd1v0            
DFFRHQX2              7      55.062    slow_vdd1v0            
DFFRHQX4             13     124.488    slow_vdd1v0            
DFFRX1                2      13.680    slow_vdd1v0            
DFFRX2               63     474.012    slow_vdd1v0            
DFFRX4                2      19.152    slow_vdd1v0            
DFFSHQX1             13      84.474    slow_vdd1v0            
DFFSHQX4              1       9.576    slow_vdd1v0            
DFFSHQX8              1      10.602    slow_vdd1v0            
DFFSX1                1       7.524    slow_vdd1v0            
DFFSX4                1      10.944    slow_vdd1v0            
DFFTRX2             143    1173.744    slow_vdd1v0            
DFFTRXL              15     117.990    slow_vdd1v0            
DFFX1                19     136.458    slow_vdd1v0            
DFFX2                22     180.576    slow_vdd1v0            
DFFX4                16     147.744    slow_vdd1v0            
EDFFHQX1           4274   36542.700    slow_vdd1v0            
EDFFHQX2              3      26.676    slow_vdd1v0            
EDFFX2                8      73.872    slow_vdd1v0            
EDFFX4                1      10.944    slow_vdd1v0            
INVX1              4474    3060.216    slow_vdd1v0            
INVX12               26     106.704    slow_vdd1v0            
INVX2              1280    1313.280    slow_vdd1v0            
INVX20               15      97.470    slow_vdd1v0            
INVX3               195     266.760    slow_vdd1v0            
INVX4                13      22.230    slow_vdd1v0            
INVX6                29      69.426    slow_vdd1v0            
INVX8                12      36.936    slow_vdd1v0            
INVXL                30      20.520    slow_vdd1v0            
MDFFHQX1              1       8.550    slow_vdd1v0            
MDFFHQX2              1       9.234    slow_vdd1v0            
MDFFHQX4             11     101.574    slow_vdd1v0            
MDFFHQX8              1      11.286    slow_vdd1v0            
MX2X1               889    2128.266    slow_vdd1v0            
MX3X1                12      61.560    slow_vdd1v0            
MX3XL                 8      38.304    slow_vdd1v0            
MXI2X1              271     741.456    slow_vdd1v0            
MXI2X2              225    1000.350    slow_vdd1v0            
MXI2X8               16      98.496    slow_vdd1v0            
NAND2BX1            431     589.608    slow_vdd1v0            
NAND2BX2             67     160.398    slow_vdd1v0            
NAND2BX4             94     353.628    slow_vdd1v0            
NAND2X1            1974    2025.324    slow_vdd1v0            
NAND2X2            1409    2409.390    slow_vdd1v0            
NAND2X4             211     721.620    slow_vdd1v0            
NAND3BX2             17      52.326    slow_vdd1v0            
NAND3BX4              1       5.130    slow_vdd1v0            
NAND3X2              85     232.560    slow_vdd1v0            
NOR2BX1            2175    2975.400    slow_vdd1v0            
NOR2BX2              34      93.024    slow_vdd1v0            
NOR2BX4              12      45.144    slow_vdd1v0            
NOR2X1              927     951.102    slow_vdd1v0            
NOR2X2              122     208.620    slow_vdd1v0            
NOR2X4              400    1231.200    slow_vdd1v0            
NOR2X6                4      16.416    slow_vdd1v0            
NOR3BX2               1       3.420    slow_vdd1v0            
NOR3BX4               2      11.628    slow_vdd1v0            
NOR3X2               10      27.360    slow_vdd1v0            
NOR4BBX2              1       5.130    slow_vdd1v0            
NOR4BX2               1       4.788    slow_vdd1v0            
NOR4BX4               2      15.048    slow_vdd1v0            
NOR4X2               10      34.200    slow_vdd1v0            
NOR4X4                3      19.494    slow_vdd1v0            
OA21X1             1215    2493.180    slow_vdd1v0            
OA21X2                5      15.390    slow_vdd1v0            
OA21X4                1       3.762    slow_vdd1v0            
OA22X1             1270    3040.380    slow_vdd1v0            
OA22X2                2       6.840    slow_vdd1v0            
OAI21X1             325     555.750    slow_vdd1v0            
OAI21X2             390    1200.420    slow_vdd1v0            
OAI21X4               1       4.788    slow_vdd1v0            
OAI22X2              56     191.520    slow_vdd1v0            
OAI2BB1X1          2930    5010.300    slow_vdd1v0            
OAI2BB1X2          2008    6180.624    slow_vdd1v0            
OAI2BB1X4             2       8.892    slow_vdd1v0            
OAI31X2               2       7.524    slow_vdd1v0            
OAI32X2              10      44.460    slow_vdd1v0            
OR2X1               489     668.952    slow_vdd1v0            
OR2X2               124     212.040    slow_vdd1v0            
OR2X4                42     114.912    slow_vdd1v0            
OR2X6                74     278.388    slow_vdd1v0            
OR2X8                43     191.178    slow_vdd1v0            
OR3X1                60     123.120    slow_vdd1v0            
OR3X2                38      90.972    slow_vdd1v0            
OR3X4                 5      15.390    slow_vdd1v0            
OR3X6                 2       9.576    slow_vdd1v0            
OR3X8                33     180.576    slow_vdd1v0            
OR4X1               408     837.216    slow_vdd1v0            
OR4X2                20      68.400    slow_vdd1v0            
OR4X4                33     124.146    slow_vdd1v0            
OR4X6                 1       5.472    slow_vdd1v0            
SRAM1RW256x8          4   34535.023    saed32sram_ss0p95vn40c 
TBUFX6                4      31.464    slow_vdd1v0            
XNOR2X1            1633    3909.402    slow_vdd1v0            
XNOR2X2               6      18.468    slow_vdd1v0            
XOR2X4                1       4.104    slow_vdd1v0            
--------------------------------------------------------------
total             61725  230305.399                           


        Library        Instances    Area    Instances % 
--------------------------------------------------------
saed32sram_ss0p95vn40c         4  34535.023         0.0 
slow_vdd1v0                61721 195770.376       100.0 

                                           
     Type      Instances    Area    Area % 
-------------------------------------------
timing_model           4  34535.023   15.0 
sequential          8903  66313.800   28.8 
inverter            7162   8177.904    3.6 
buffer              2562   4760.982    2.1 
tristate               4     31.464    0.0 
logic              43090 116486.226   50.6 
physical_cells         0      0.000    0.0 
-------------------------------------------
total              61725 230305.399  100.0 

