============================================================
  Generated by:           Genus(TM) Synthesis Solution 21.10-p002_1
  Generated on:           Apr 09 2026  05:48:16 pm
  Module:                 et4351
  Technology libraries:   slow_vdd1v0 1.0
                          saed32sram_ss0p95vn40c 1.0000000
                          physical_cells 
  Operating conditions:   PVT_0P9V_125C 
  Interconnect mode:      global
  Area mode:              physical library
============================================================

       Instance                              Module                        Cell Count  Cell Area  Net Area   Total Area 
------------------------------------------------------------------------------------------------------------------------
et4351                                                                          56623 217557.691 72957.232   290514.922 
  accel                accelerator                                              44590 144824.688 57240.626   202065.314 
    fft                accelerator_fft_LOG_MAX_N32_MEM_WIDTH32_ADDR_WIDTH       32786  95734.008 43459.655   139193.663 
    mem                accelerator_mem_MEM_DEPTH128                             11163  46984.986 12920.157    59905.143 
  flash_bufs_0_        bidir_buf_4952                                               1      7.866     0.000        7.866 
  flash_bufs_1_        bidir_buf_4953                                               1      7.866     0.000        7.866 
  flash_bufs_2_        bidir_buf_4954                                               1      7.866     0.000        7.866 
  flash_bufs_3_        bidir_buf                                                    1      7.866     0.000        7.866 
  soc                  picosoc                                                  12027  72686.833 15431.593    88118.426 
    cpu                picorv32_ENABLE_COUNTERS1_BARREL_SHIFTER1_COMPRESS       10396  33234.876 13484.955    46719.831 
      genblk1.pcpi_mul picorv32_pcpi_mul                                          656   2479.158   737.447     3216.605 
      genblk2.pcpi_div picorv32_pcpi_div                                         1068   3120.408  1264.480     4384.888 
    memory             picosoc_mem_WORDS256                                         8  34537.759     2.965    34540.724 
    simpleuart         simpleuart                                                 689   2018.142   692.004     2710.146 
    spimemio           spimemio                                                   736   2411.784   800.109     3211.893 
      xfer             spimemio_xfer                                              253    687.762   260.057      947.819 
