#                           Extraction Statistics File
# Design "et4351"
#
+---------------------------------------------------------------------------------------------------------------------+
|                                        Incremental Extraction Statistics                                            |
+--+----------------------+----------------------+---------------------------------------+----------------------------+
|S.|         Nets         | Nets with Parasitic  |           Extraction Time             |      Region Extracted      |
|No| Total   Added Deleted| Total   New-RC New-C |Extraction RC-Network Others    Total  |  Percentage   Distribution |
+--+--------+------+------+--------+------+------+---------+---------+---------+---------+--------------+-------------+
| 0|   61979|     0|     0|   61544|     0|     0|  0:02:54|0:00:05.0|0:00:24.8|  0:03:24|100.00-100.00%|          0.0|
| 1|   62211|   232|     0|   61776|  4226| 50821|  0:02:57|0:00:06.1|0:00:26.4|  0:03:30|  -nan- 85.33%|000000000-1.4|
| 2|   62244|    33|     0|   61809|   543| 43267|  0:02:42|0:00:05.9|0:00:20.4|  0:03:08|  -nan- 64.67%|000000000-2.0|
| 3|   63429|  1185|     0|   62994|  3619| 49232|  0:02:45|0:00:06.8|0:00:23.9|  0:03:15|  -nan- 73.55%|000000000-1.6|
| 4|   63476|    47|     0|   63041|   508| 35691|  0:02:22|0:00:05.1|0:00:18.3|  0:02:46|  -nan- 43.18%|000000000-2.2|
| 5|   63686|   210|     0|   63251|   812| 43902|  0:02:36|0:00:06.3|0:00:20.7|  0:03:03|  -nan- 54.34%|000000000-1.9|
| 6|   63692|     6|     0|   63257|   100| 20824|  0:01:55|0:00:03.9|0:00:15.5|  0:02:14|  -nan- 23.35%|000000000-3.6|
| 7|   63762|    70|     0|   63327|   319| 38127|  0:02:29|0:00:05.4|0:00:20.4|  0:02:55|  -nan- 45.45%|000000000-2.3|
| 8|   63765|     3|     0|   63330|    16| 12063|  0:01:54|0:00:03.5|0:00:11.4|  0:02:09|  -nan- 10.95%|000000000-5.3|
| 9|   63765|     0|     0|   63330|    21|  6635|  0:01:50|0:00:03.2|0:00:11.1|  0:02:04|  -nan-  6.20%|000000000-6.0|
+--+--------+------+------+--------+------+------+---------+---------+---------+---------+--------------+-------------+

#
# This file was generated by Innovus v21.11-s130_1 on Wed Apr  8 13:31:31 2026

